
The following have been reloaded with a version change:
  1) numpy/1.16.3-python-3.6.4 => numpy/1.14.1-python-2.7.14
  2) python/3.6.4 => python/2.7.14
  3) scipy/1.3.0-python-3.6.4 => scipy/1.0.0-python-2.7.14
  4) tempo2/cf86df0 => tempo2/b381f57


The following have been reloaded with a version change:
  1) tempo2/b381f57 => tempo2/cf86df0


The following have been reloaded with a version change:
  1) numpy/1.14.1-python-2.7.14 => numpy/1.16.3-python-3.6.4
  2) python/2.7.14 => python/3.6.4


The following have been reloaded with a version change:
  1) scipy/1.0.0-python-2.7.14 => scipy/1.3.0-python-3.6.4

testing KOM=0, KIN=70.0035
testing KOM=0, KIN=109.996
7676.36
testing KOM=2, KIN=70.0035
testing KOM=2, KIN=109.996
7676.36
testing KOM=4, KIN=70.0035
testing KOM=4, KIN=109.996
7676.37
testing KOM=6, KIN=70.0035
testing KOM=6, KIN=109.996
7676.37
testing KOM=8, KIN=70.0035
testing KOM=8, KIN=109.996
7676.39
testing KOM=10, KIN=70.0035
testing KOM=10, KIN=109.996
7676.38
testing KOM=12, KIN=70.0035
testing KOM=12, KIN=109.996
7676.39
testing KOM=14, KIN=70.0035
testing KOM=14, KIN=109.996
7676.40
testing KOM=16, KIN=70.0035
testing KOM=16, KIN=109.996
7676.41
testing KOM=18, KIN=70.0035
testing KOM=18, KIN=109.996
7676.40
testing KOM=20, KIN=70.0035
testing KOM=20, KIN=109.996
7676.42
testing KOM=22, KIN=70.0035
testing KOM=22, KIN=109.996
7676.41
testing KOM=24, KIN=70.0035
testing KOM=24, KIN=109.996
7676.42
testing KOM=26, KIN=70.0035
testing KOM=26, KIN=109.996
7676.41
testing KOM=28, KIN=70.0035
testing KOM=28, KIN=109.996
7676.41
testing KOM=30, KIN=70.0035
testing KOM=30, KIN=109.996
7676.41
testing KOM=32, KIN=70.0035
testing KOM=32, KIN=109.996
7676.42
testing KOM=34, KIN=70.0035
testing KOM=34, KIN=109.996
7676.42
testing KOM=36, KIN=70.0035
testing KOM=36, KIN=109.996
7676.42
testing KOM=38, KIN=70.0035
testing KOM=38, KIN=109.996
7676.42
testing KOM=40, KIN=70.0035
testing KOM=40, KIN=109.996
7676.42
testing KOM=42, KIN=70.0035
testing KOM=42, KIN=109.996
7676.42
testing KOM=44, KIN=70.0035
testing KOM=44, KIN=109.996
7676.41
testing KOM=46, KIN=70.0035
testing KOM=46, KIN=109.996
7676.42
testing KOM=48, KIN=70.0035
testing KOM=48, KIN=109.996
7676.41
testing KOM=50, KIN=70.0035
testing KOM=50, KIN=109.996
7676.41
testing KOM=52, KIN=70.0035
testing KOM=52, KIN=109.996
7676.43
testing KOM=54, KIN=70.0035
testing KOM=54, KIN=109.996
7676.40
testing KOM=56, KIN=70.0035
testing KOM=56, KIN=109.996
7676.41
testing KOM=58, KIN=70.0035
testing KOM=58, KIN=109.996
7676.42
testing KOM=60, KIN=70.0035
testing KOM=60, KIN=109.996
7676.41
testing KOM=62, KIN=70.0035
testing KOM=62, KIN=109.996
7676.41
testing KOM=64, KIN=70.0035
testing KOM=64, KIN=109.996
7676.41
testing KOM=66, KIN=70.0035
testing KOM=66, KIN=109.996
7676.41
testing KOM=68, KIN=70.0035
testing KOM=68, KIN=109.996
7676.41
testing KOM=70, KIN=70.0035
testing KOM=70, KIN=109.996
7676.40
testing KOM=72, KIN=70.0035
testing KOM=72, KIN=109.996
7676.40
testing KOM=74, KIN=70.0035
testing KOM=74, KIN=109.996
7676.39
testing KOM=76, KIN=70.0035
testing KOM=76, KIN=109.996
7676.41
testing KOM=78, KIN=70.0035
testing KOM=78, KIN=109.996
7676.40
testing KOM=80, KIN=70.0035
testing KOM=80, KIN=109.996
7676.40
testing KOM=82, KIN=70.0035
testing KOM=82, KIN=109.996
7676.42
testing KOM=84, KIN=70.0035
testing KOM=84, KIN=109.996
7676.41
testing KOM=86, KIN=70.0035
testing KOM=86, KIN=109.996
7676.41
testing KOM=88, KIN=70.0035
testing KOM=88, KIN=109.996
7676.39
testing KOM=90, KIN=70.0035
testing KOM=90, KIN=109.996
7676.40
testing KOM=92, KIN=70.0035
testing KOM=92, KIN=109.996
7676.39
testing KOM=94, KIN=70.0035
testing KOM=94, KIN=109.996
7676.37
testing KOM=96, KIN=70.0035
testing KOM=96, KIN=109.996
7676.36
testing KOM=98, KIN=70.0035
testing KOM=98, KIN=109.996
7676.33
testing KOM=100, KIN=70.0035
testing KOM=100, KIN=109.996
7676.27
testing KOM=102, KIN=70.0035
testing KOM=102, KIN=109.996
7676.19
testing KOM=104, KIN=70.0035
testing KOM=104, KIN=109.996
7676.06
testing KOM=106, KIN=70.0035
testing KOM=106, KIN=109.996
7675.80
testing KOM=108, KIN=70.0035
testing KOM=108, KIN=109.996
7675.40
testing KOM=110, KIN=70.0035
testing KOM=110, KIN=109.996
7674.68
testing KOM=112, KIN=70.0035
testing KOM=112, KIN=109.996
7673.31
testing KOM=114, KIN=70.0035
testing KOM=114, KIN=109.996
7669.83
testing KOM=116, KIN=70.0035
testing KOM=116, KIN=109.996
7702.16
testing KOM=118, KIN=70.0035
testing KOM=118, KIN=109.996
7694.62
testing KOM=120, KIN=70.0035
testing KOM=120, KIN=109.996
7713.79
testing KOM=122, KIN=70.0035
testing KOM=122, KIN=109.996
7669.66
testing KOM=124, KIN=70.0035
testing KOM=124, KIN=109.996
7690.38
testing KOM=126, KIN=70.0035
testing KOM=126, KIN=109.996
7689.42
testing KOM=128, KIN=70.0035
testing KOM=128, KIN=109.996
7689.32
testing KOM=130, KIN=70.0035
testing KOM=130, KIN=109.996
7689.33
testing KOM=132, KIN=70.0035
testing KOM=132, KIN=109.996
7689.32
testing KOM=134, KIN=70.0035
testing KOM=134, KIN=109.996
7689.37
testing KOM=136, KIN=70.0035
testing KOM=136, KIN=109.996
7689.57
testing KOM=138, KIN=70.0035
testing KOM=138, KIN=109.996
7690.36
testing KOM=140, KIN=70.0035
testing KOM=140, KIN=109.996
7687.03
testing KOM=142, KIN=70.0035
testing KOM=142, KIN=109.996
7672.67
testing KOM=144, KIN=70.0035
testing KOM=144, KIN=109.996
7666.37
testing KOM=146, KIN=70.0035
testing KOM=146, KIN=109.996
7668.86
testing KOM=148, KIN=70.0035
testing KOM=148, KIN=109.996
7858.73
testing KOM=150, KIN=70.0035
testing KOM=150, KIN=109.996
7708.01
testing KOM=152, KIN=70.0035
testing KOM=152, KIN=109.996
7668.94
testing KOM=154, KIN=70.0035
testing KOM=154, KIN=109.996
7676.21
testing KOM=156, KIN=70.0035
testing KOM=156, KIN=109.996
7672.72
testing KOM=158, KIN=70.0035
testing KOM=158, KIN=109.996
7665.18
testing KOM=160, KIN=70.0035
testing KOM=160, KIN=109.996
7675.09
testing KOM=162, KIN=70.0035
testing KOM=162, KIN=109.996
7888.66
testing KOM=164, KIN=70.0035
testing KOM=164, KIN=109.996
7727.44
testing KOM=166, KIN=70.0035
testing KOM=166, KIN=109.996
7746.54
testing KOM=168, KIN=70.0035
testing KOM=168, KIN=109.996
7702.68
testing KOM=170, KIN=70.0035
testing KOM=170, KIN=109.996
7704.62
testing KOM=172, KIN=70.0035
testing KOM=172, KIN=109.996
7670.54
testing KOM=174, KIN=70.0035
testing KOM=174, KIN=109.996
7740.41
testing KOM=176, KIN=70.0035
testing KOM=176, KIN=109.996
7685.72
testing KOM=178, KIN=70.0035
testing KOM=178, KIN=109.996
7671.21
testing KOM=180, KIN=70.0035
testing KOM=180, KIN=109.996
7688.75
testing KOM=182, KIN=70.0035
testing KOM=182, KIN=109.996
7689.58
testing KOM=184, KIN=70.0035
testing KOM=184, KIN=109.996
7689.39
testing KOM=186, KIN=70.0035
testing KOM=186, KIN=109.996
7689.30
testing KOM=188, KIN=70.0035
testing KOM=188, KIN=109.996
7689.27
testing KOM=190, KIN=70.0035
testing KOM=190, KIN=109.996
7689.28
testing KOM=192, KIN=70.0035
testing KOM=192, KIN=109.996
7689.29
testing KOM=194, KIN=70.0035
testing KOM=194, KIN=109.996
7689.28
testing KOM=196, KIN=70.0035
testing KOM=196, KIN=109.996
7689.30
testing KOM=198, KIN=70.0035
testing KOM=198, KIN=109.996
7689.30
testing KOM=200, KIN=70.0035
testing KOM=200, KIN=109.996
7689.30
testing KOM=202, KIN=70.0035
testing KOM=202, KIN=109.996
7689.31
testing KOM=204, KIN=70.0035
testing KOM=204, KIN=109.996
7689.32
testing KOM=206, KIN=70.0035
testing KOM=206, KIN=109.996
7689.31
testing KOM=208, KIN=70.0035
testing KOM=208, KIN=109.996
7689.31
testing KOM=210, KIN=70.0035
testing KOM=210, KIN=109.996
7689.32
testing KOM=212, KIN=70.0035
testing KOM=212, KIN=109.996
7689.32
testing KOM=214, KIN=70.0035
testing KOM=214, KIN=109.996
7689.30
testing KOM=216, KIN=70.0035
testing KOM=216, KIN=109.996
7689.31
testing KOM=218, KIN=70.0035
testing KOM=218, KIN=109.996
7689.32
testing KOM=220, KIN=70.0035
testing KOM=220, KIN=109.996
7689.32
testing KOM=222, KIN=70.0035
testing KOM=222, KIN=109.996
7689.30
testing KOM=224, KIN=70.0035
testing KOM=224, KIN=109.996
7689.29
testing KOM=226, KIN=70.0035
testing KOM=226, KIN=109.996
7689.31
testing KOM=228, KIN=70.0035
testing KOM=228, KIN=109.996
7689.30
testing KOM=230, KIN=70.0035
testing KOM=230, KIN=109.996
7689.31
testing KOM=232, KIN=70.0035
testing KOM=232, KIN=109.996
7689.31
testing KOM=234, KIN=70.0035
testing KOM=234, KIN=109.996
7689.32
testing KOM=236, KIN=70.0035
testing KOM=236, KIN=109.996
7689.31
testing KOM=238, KIN=70.0035
testing KOM=238, KIN=109.996
7689.31
testing KOM=240, KIN=70.0035
testing KOM=240, KIN=109.996
7689.31
testing KOM=242, KIN=70.0035
testing KOM=242, KIN=109.996
7689.32
testing KOM=244, KIN=70.0035
testing KOM=244, KIN=109.996
7689.31
testing KOM=246, KIN=70.0035
testing KOM=246, KIN=109.996
7689.32
testing KOM=248, KIN=70.0035
testing KOM=248, KIN=109.996
7689.31
testing KOM=250, KIN=70.0035
testing KOM=250, KIN=109.996
7689.32
testing KOM=252, KIN=70.0035
testing KOM=252, KIN=109.996
7689.31
testing KOM=254, KIN=70.0035
testing KOM=254, KIN=109.996
7689.30
testing KOM=256, KIN=70.0035
testing KOM=256, KIN=109.996
7689.31
testing KOM=258, KIN=70.0035
testing KOM=258, KIN=109.996
7689.32
testing KOM=260, KIN=70.0035
testing KOM=260, KIN=109.996
7689.32
testing KOM=262, KIN=70.0035
testing KOM=262, KIN=109.996
7689.32
testing KOM=264, KIN=70.0035
testing KOM=264, KIN=109.996
7689.31
testing KOM=266, KIN=70.0035
testing KOM=266, KIN=109.996
7689.32
testing KOM=268, KIN=70.0035
testing KOM=268, KIN=109.996
7689.32
testing KOM=270, KIN=70.0035
testing KOM=270, KIN=109.996
7689.31
testing KOM=272, KIN=70.0035
testing KOM=272, KIN=109.996
7689.31
testing KOM=274, KIN=70.0035
testing KOM=274, KIN=109.996
7689.32
testing KOM=276, KIN=70.0035
testing KOM=276, KIN=109.996
7689.31
testing KOM=278, KIN=70.0035
testing KOM=278, KIN=109.996
7689.32
testing KOM=280, KIN=70.0035
testing KOM=280, KIN=109.996
7689.32
testing KOM=282, KIN=70.0035
testing KOM=282, KIN=109.996
7689.31
testing KOM=284, KIN=70.0035
testing KOM=284, KIN=109.996
7689.31
testing KOM=286, KIN=70.0035
testing KOM=286, KIN=109.996
7689.31
testing KOM=288, KIN=70.0035
testing KOM=288, KIN=109.996
7689.30
testing KOM=290, KIN=70.0035
testing KOM=290, KIN=109.996
7689.31
testing KOM=292, KIN=70.0035
testing KOM=292, KIN=109.996
7689.32
testing KOM=294, KIN=70.0035
testing KOM=294, KIN=109.996
7689.32
testing KOM=296, KIN=70.0035
testing KOM=296, KIN=109.996
7689.31
testing KOM=298, KIN=70.0035
testing KOM=298, KIN=109.996
7689.32
testing KOM=300, KIN=70.0035
testing KOM=300, KIN=109.996
7689.33
testing KOM=302, KIN=70.0035
testing KOM=302, KIN=109.996
7689.33
testing KOM=304, KIN=70.0035
testing KOM=304, KIN=109.996
7689.33
testing KOM=306, KIN=70.0035
testing KOM=306, KIN=109.996
7689.34
testing KOM=308, KIN=70.0035
testing KOM=308, KIN=109.996
7689.38
testing KOM=310, KIN=70.0035
testing KOM=310, KIN=109.996
7689.45
testing KOM=312, KIN=70.0035
testing KOM=312, KIN=109.996
7689.62
testing KOM=314, KIN=70.0035
testing KOM=314, KIN=109.996
7688.74
testing KOM=316, KIN=70.0035
testing KOM=316, KIN=109.996
7663.15
testing KOM=318, KIN=70.0035
testing KOM=318, KIN=109.996
7692.49
testing KOM=320, KIN=70.0035
testing KOM=320, KIN=109.996
7668.92
testing KOM=322, KIN=70.0035
testing KOM=322, KIN=109.996
7674.67
testing KOM=324, KIN=70.0035
testing KOM=324, KIN=109.996
slurmstepd: error: *** JOB 11016022 ON john3 CANCELLED AT 2020-05-19T02:14:39 DUE TO TIME LIMIT ***
