This program comes with ABSOLUTELY NO WARRANTY.
This is free software, and you are welcome to redistribute it
under conditions of GPL license.

[tempo2Util.C:396] Warning: [TIM1] Please place MODE flags in the parameter file 
Updating TOA errors using TN parameters.
[clkcorr.C:157] Note, using '/home/dreardon/tempo2/clock' to look for extra clock files
[clkcorr.C:179] Loaded extra clock correction ao2gps.clk : UTC(AO) -> UTC(GPS) badness 1
[clkcorr.C:179] Loaded extra clock correction ao2nist.clk : UTC(AO) -> UTC(NIST) badness 100
[clkcorr.C:179] Loaded extra clock correction aus2utc.clk : UTC(AUS) -> UTC badness 1
[clkcorr.C:179] Loaded extra clock correction ced2gps.clk : UTC(ced) -> UTC(GPS) badness 1
[clkcorr.C:179] Loaded extra clock correction eff2gps.clk : UTC(EFF) -> UTC(GPS) badness 1
[clkcorr.C:179] Loaded extra clock correction effix2gps.clk : UTC(EFFIX) -> UTC(GPS) badness 1
[clkcorr.C:179] Loaded extra clock correction gb1402nist.clk : UTC(GB140) -> UTC(NIST) badness 1
[clkcorr.C:179] Loaded extra clock correction gb8532nist.clk : UTC(GB853) -> UTC(NIST) badness 1
[clkcorr.C:179] Loaded extra clock correction gbt2gps.clk : UTC(GBT) -> UTC(GPS) badness 1
[clkcorr.C:179] Loaded extra clock correction gps2utc.clk : UTC(GPS) -> UTC badness 1
[clkcorr.C:179] Loaded extra clock correction hob2gps.clk : UTC(hob) -> UTC(GPS) badness 1
[clkcorr.C:179] Loaded extra clock correction jb2gps.clk : UTC(JBROACH) -> UTC(GPS) badness 1
[clkcorr.C:179] Loaded extra clock correction jb422jb.clk : UTC(JB42) -> UTC(JBROACH) badness 1
[clkcorr.C:179] Loaded extra clock correction jb422jbafb.clk : UTC(JB42) -> UTC(JBAFB) badness 1
[clkcorr.C:179] Loaded extra clock correction jbafb2gps.clk : UTC(JBAFB) -> UTC(GPS) badness 1
[clkcorr.C:179] Loaded extra clock correction jbafb2utc.clk : UTC(JBAFB) -> UTC badness 1
[clkcorr.C:179] Loaded extra clock correction jbdfb2gps.clk : UTC(JBDFB) -> UTC(GPS) badness 1
[clkcorr.C:179] Loaded extra clock correction jbdfb2jb.clk : UTC(JBDFB) -> UTC(JB) badness 1
[clkcorr.C:179] Loaded extra clock correction jbm42gps.clk : UTC(JBM4) -> UTC(GPS) badness 1
[clkcorr.C:179] Loaded extra clock correction jbmk22jb.clk : UTC(JBMK2) -> UTC(JB) badness 1
[clkcorr.C:179] Loaded extra clock correction jbmk2dfb2jbdfb.clk : UTC(JBMK2DFB) -> UTC(JBDFB) badness 1
[clkcorr.C:179] Loaded extra clock correction jbmk2roach2jbroach.clk : UTC(JBMK2ROACH) -> UTC(JBROACH) badness 1
[clkcorr.C:179] Loaded extra clock correction jbroach2gps.clk : UTC(JBROACH) -> UTC(GPS) badness 1
[clkcorr.C:179] Loaded extra clock correction jbroach2jb.clk : UTC(JBROACH) -> UTC(JB) badness 1
[clkcorr.C:179] Loaded extra clock correction mk2utc.clk : UTC(meerkat) -> UTC badness 1
[clkcorr.C:179] Loaded extra clock correction mk2utc_2019.clk : UTC(meerkat) -> UTC badness 1
[clkcorr.C:179] Loaded extra clock correction mk_dummy.clk : UTC(meerkat) -> UTC badness 1e+03
[clkcorr.C:179] Loaded extra clock correction mo2gps.clk : UTC(mo) -> UTC(GPS) badness 1
[clkcorr.C:179] Loaded extra clock correction ncy2gps.clk : UTC(NCY) -> UTC(GPS) badness 1
[clkcorr.C:179] Loaded extra clock correction ncy2obspm.clk : UTC(NCY) -> UTC(OP) badness 1
[clkcorr.C:179] Loaded extra clock correction ncyobs2obspm.clk : UTC(NCYOBS) -> UTC(OP) badness 1
[clkcorr.C:179] Loaded extra clock correction nist2tai.clk : TA(NIST) -> TAI badness 1
[clkcorr.C:179] Loaded extra clock correction nist2tt_nist.clk : UTC(NIST) -> TT(UTC(NIST)) badness 1
[clkcorr.C:179] Loaded extra clock correction nist2utc.clk : UTC(NIST) -> UTC badness 1
[clkcorr.C:179] Loaded extra clock correction obspm2gps.clk : UTC(OP) -> UTC(GPS) badness 1
[clkcorr.C:179] Loaded extra clock correction obspm2utc.clk : UTC(OP) -> UTC badness 1
[clkcorr.C:179] Loaded extra clock correction pks2aus.clk : UTC(PKS) -> UTC(AUS) badness 100
[clkcorr.C:179] Loaded extra clock correction pks2gps.clk : UTC(PKS) -> UTC(GPS) badness 1
[clkcorr.C:179] Loaded extra clock correction pks2gps.dr2e.clk : UTC(PKS) -> UTC(GPS) badness 1e+03
[clkcorr.C:179] Loaded extra clock correction pks2tid.clk : UTC(PKS) -> UTC(TID) badness 1
[clkcorr.C:179] Loaded extra clock correction pks2tt_toasim.clk : UTC(PKS) -> TT(TOASIM) badness 1e+03
[clkcorr.C:179] Loaded extra clock correction ptb2tai.clk : TA(PTB) -> TAI badness 1
[clkcorr.C:179] Loaded extra clock correction tai2tt_bipm01.clk : TAI -> TT(BIPM01) badness 1
[clkcorr.C:179] Loaded extra clock correction tai2tt_bipm05.clk : TAI -> TT(BIPM2005) badness 1
[clkcorr.C:179] Loaded extra clock correction tai2tt_bipm06.clk : TAI -> TT(BIPM2006) badness 1
[clkcorr.C:179] Loaded extra clock correction tai2tt_bipm2003.clk : TAI -> TT(BIPM2003) badness 1
[clkcorr.C:179] Loaded extra clock correction tai2tt_bipm2004.clk : TAI -> TT(BIPM2004) badness 1
[clkcorr.C:179] Loaded extra clock correction tai2tt_bipm2004ext.clk : TAI -> TT(BIPM2004ext) badness 1
[clkcorr.C:179] Loaded extra clock correction tai2tt_bipm2010.clk : TAI -> TT(BIPM2010) badness 1
[clkcorr.C:179] Loaded extra clock correction tai2tt_bipm2011.clk : TAI -> TT(BIPM2011) badness 1
[clkcorr.C:179] Loaded extra clock correction tai2tt_bipm2012.clk : TAI -> TT(BIPM2012) badness 1
[clkcorr.C:179] Loaded extra clock correction tai2tt_bipm2013.clk : TAI -> TT(BIPM2013) badness 1
[clkcorr.C:179] Loaded extra clock correction tai2tt_bipm2014.clk : TAI -> TT(BIPM2014) badness 1
[clkcorr.C:179] Loaded extra clock correction tai2tt_bipm2015.clk : TAI -> TT(BIPM2015) badness 1
[clkcorr.C:179] Loaded extra clock correction tai2tt_bipm2016.clk : TAI -> TT(BIPM2016) badness 1
[clkcorr.C:179] Loaded extra clock correction tai2tt_bipm2017.clk : TAI -> TT(BIPM2017) badness 1
[clkcorr.C:179] Loaded extra clock correction tai2tt_bipm92.clk : TAI -> TT(BIPM92) badness 1
[clkcorr.C:179] Loaded extra clock correction tai2tt_tai.clk : TAI -> TT(TAI) badness 1
[clkcorr.C:179] Loaded extra clock correction tid2nist.clk : UTC(TID) -> UTC(NIST) badness 1
[clkcorr.C:179] Loaded extra clock correction utc2tai.clk : UTC -> TAI badness 1
[clkcorr.C:179] Loaded extra clock correction utc2ut1.clk : UTC -> UT1 badness 1
[clkcorr.C:179] Loaded extra clock correction vla2nist.clk : UTC(VLA) -> UTC(NIST) badness 1
[clkcorr.C:179] Loaded extra clock correction wsrt2gps.clk : UTC(wsrt) -> UTC(GPS) badness 1
[tempo2Util.C:397] [TROP2] Assume standard atmospheric pressure (no data) for site pks at MJD 56260.3
[tempo2Util.C:397] [TROP1] Assume zero zenith wet delay (no data) for site pks  at MJD 56260.3
[tempo2Util.C:401] Warning: [DUP1] duplicated warnings have been suppressed.
[TKfit.C:345] SVD nparams=79 nconst=64 ndata=326
[tempo2.C:567] Complete fit
Looking for /fred/oz002/rshannon/tempo2/plugins//general2_linux_64_plug.t2
Starting general2 plugin
s121129_062200.rf.pcm.dzTf4p	56260.282507215056604	1458.7230219999999008	-3.5372350119099318253e-06	-3.5372379005201415015e-06	1.48507782673626898	-1.318543647135566108e-06	-2.2467454353993482765e-06	5.7763988558199796198e-07	0	0	0	0
s121129_062200.rf.pcm.dzTf4p	56260.282507152134958	1400.5129389999999603	-1.7436796263434733384e-06	-1.7433755540655818857e-06	1.0570161572068006439	6.659647588119415113e-07	-2.43739149489229628e-06	6.2665512611096483912e-07	0	0	0	0
s121129_062200.rf.pcm.dzTf4p	56260.282507089184783	1336.875	-2.4143546435129536372e-06	-2.4143575321231633145e-06	1.1231336254736454805	2.3255526726168241368e-07	-2.6749639813996186111e-06	6.8773518515067121975e-07	0	0	0	0
s121129_062200.rf.pcm.dzTf4p	56260.282507026228611	1279.9899900000000343	-3.6034757787584097431e-06	-3.6034786673686194193e-06	1.4372989447591926204	-7.1352240310392991325e-07	-2.918007446279462389e-06	7.5022183670302299306e-07	0	0	0	0
t130604_124421.rf.pcm.dzTf4p	56447.559422066897248	1457.9980470000000423	-3.1508382725788163977e-06	-3.1505914160457213389e-06	1.4161667159359561108	-1.6415600812928177089e-06	-1.537082516767676513e-06	6.3438935541338907746e-07	0	0	0	0
t130604_124421.rf.pcm.dzTf4p	56447.559422003981247	1400.4239500000001044	-8.6891808525209572919e-07	-8.6897816982295768277e-07	1.239779705869743287	7.6903590701002616411e-07	-1.6660652588477567299e-06	6.8762350352934001943e-07	0	0	0	0
t130604_124421.rf.pcm.dzTf4p	56447.559421941013728	1336.875	-3.038451484172948466e-06	-3.0385115687438104173e-06	1.1561960238293200742	-1.2383385075302110603e-06	-1.8282242432283722399e-06	7.5455025089799637575e-07	0	0	0	0
t130604_124421.rf.pcm.dzTf4p	56447.559421878086759	1276.2099610000000212	-1.7044066461297502992e-06	-1.7044667504847563724e-06	1.5806418112224407402	2.7364779797942419383e-07	-2.0061657304789534491e-06	8.2799080065466745857e-07	0	0	0	0
t130604_190051.rf.pcm.dzTf2p	56447.81250036945108	1426.3800049999999828	-8.8692549947171756263e-07	-8.8698563844897584743e-07	1.1745649728134812673	6.8967354774532524483e-07	-1.6047103682090739752e-06	6.629147280096498194e-07	0	0	0	0
t130604_190051.rf.pcm.dzTf2p	56447.812500243572302	1313.021972999999889	-3.6536839397730248848e-07	-3.651215770124956732e-07	1.0432430477007184066	1.5005794633175781316e-06	-1.8937522223448466878e-06	7.8231951614825117192e-07	0	0	0	0
t130620_181221.rf.pcm.dzTf4p	56463.775078292036124	1458.7440189999999802	4.7176011417478596519e-07	4.7169727960789126514e-07	1.8296901101248970178	1.9054805802352687376e-06	-1.4618344826421503554e-06	6.3918680158711690122e-07	0	0	0	0
t130620_181221.rf.pcm.dzTf4p	56463.775078229053854	1400.4880370000000767	-2.9725551493815358461e-06	-2.9723110329524014724e-06	1.0221252828788467415	-1.4143827051340945453e-06	-1.5859795098330798101e-06	6.934691868886061056e-07	0	0	0	0
t130620_181221.rf.pcm.dzTf4p	56463.77507816612221	1336.875	-2.0424623675197060521e-06	-2.042218251090571679e-06	1.1644619698880904757	-3.2976643698871832595e-07	-1.740502996116626236e-06	7.6103454662436360844e-07	0	0	0	0
t130620_181221.rf.pcm.dzTf4p	56463.77507810318971	1278.6109619999999722	-1.1863456165270073532e-06	-1.1861015050439090112e-06	1.0147802698509349462	6.8858768107374123992e-07	-1.9027403681324231341e-06	8.3197280114373222751e-07	0	0	0	0
t130704_163512.rf.pcm.dzTf4p	56477.72002644107636	1458.9820560000000569	-4.372124390198753883e-06	-4.3721895098342944923e-06	1.5567500971988732505	-3.0084522375005654091e-06	-1.3917884543485019662e-06	6.4335867269917038802e-07	0	0	0	0
t130704_163512.rf.pcm.dzTf4p	56477.7200263781796	1400.4909669999999551	-4.283526857575152436e-07	-4.281108494509907563e-07	1.2691745685926860698	1.0543093688042630478e-06	-1.5104714002700266871e-06	6.9822024454278982963e-07	0	0	0	0
t130704_163512.rf.pcm.dzTf4p	56477.720026315240098	1336.875	-1.769362026876627463e-07	-1.7700132232320335991e-07	1.3775786879765807846	1.4525924916577191126e-06	-1.6576449959956953555e-06	7.6625171051086931873e-07	0	0	0	0
t130704_163512.rf.pcm.dzTf4p	56477.720026252270827	1277.7390139999999974	-2.4981050703530904885e-06	-2.4978632340465659994e-06	1.4915097671233290555	-7.1128135231320789993e-07	-1.8146330637481309824e-06	8.3881994757823123297e-07	0	0	0	0
t130722_153301.rf.pcm.dzTf8p	56495.675981860750849	1474.5	-3.7319109896893210706e-07	-3.7325908730537018828e-07	1.0441612392724626268	8.3400048489681541578e-07	-1.235310754216958487e-06	6.3490499192721080994e-07	0	0	0	0
t130722_153301.rf.pcm.dzTf8p	56495.675981829271201	1448.8010249999999814	-1.102657979614272839e-06	-1.1027259630046748893e-06	0.95786206968886411506	1.4874641499811980542e-07	-1.2795235600175675777e-06	6.5762877282590163135e-07	0	0	0	0
t130722_153301.rf.pcm.dzTf8p	56495.675981829248638	1416.7469479999999749	-3.0521257603091971746e-06	-3.0521937535916712833e-06	1.0248797029215006571	-1.7421676308808799896e-06	-1.3380773047255641767e-06	6.8772327712405247071e-07	0	0	0	0
t130722_153301.rf.pcm.dzTf8p	56495.675981797803313	1384.875	-8.16105583653764523e-07	-8.1617357693623863409e-07	1.0239615604953362649	5.5615113259482632851e-07	-1.4003758915458378456e-06	7.1974249448374110423e-07	0	0	0	0
t130722_153301.rf.pcm.dzTf8p	56495.675981734828024	1352.875	-3.6569483338109961132e-06	-3.6570163122553621312e-06	1.0322249283113205109	-2.2176610110799172128e-06	-1.4674064831902178013e-06	7.5419379076482283055e-07	0	0	0	0
t130722_153301.rf.pcm.dzTf8p	56495.675981703374102	1320.875	-2.1637579411849129073e-06	-2.163825939413423047e-06	1.0983383694873682934	-6.5250954201191433004e-07	-1.5393675794162815999e-06	7.9117918799575005242e-07	0	0	0	0
t130722_153301.rf.pcm.dzTf8p	56495.675981671889453	1289.8110349999999471	-3.3257236569727756103e-06	-3.3254846943131846184e-06	1.2195715385805927511	-1.7391267642581395701e-06	-1.6144091120698179313e-06	8.2974781797535822454e-07	0	0	0	0
t130722_153301.rf.pcm.dzTf8p	56495.675981640470091	1261.9179690000000846	1.1538266832556791242e-06	1.1537586899732050113e-06	1.4970228893127730529	2.8122742329756063291e-06	-1.6865667250171742008e-06	8.6683421764957795826e-07	0	0	0	0
s130724_094153.rf.pcm.dzTf2p	56497.432605955538264	717.67700200000001587	-7.9426297949994703026e-06	-7.9426838552984475659e-06	4.6631115717648405905	-2.821339625854817478e-06	-5.1493954114584029709e-06	2.6819711900443390008e-06	0	0	0	0
s130724_094153.rf.pcm.dzTf2p	56497.432606144351055	746.25598100000001978	-9.1898481971508973396e-06	-9.1899022574498746022e-06	4.4448868165343542458	-4.4554132862989949447e-06	-4.7625401531656525405e-06	2.4804844996748387744e-06	0	0	0	0
t130724_094153.rf.pcm.dzTf1p	56497.432721234714059	3106.1740719999997964	8.6178365807588554713e-07	8.6179538005610883271e-07	1.5831506861177613299	1.1086363580020211757e-06	-2.7489215996068522596e-07	1.4317282902920950376e-07	0	0	0	0
t130809_132251.rf.pcm.dzTf4p	56513.58534904031967	1458.6629640000001018	-2.3233008850326377091e-06	-2.3233716085270004432e-06	1.444649394319797997	-1.2676580809305703456e-06	-1.0837647096112029806e-06	6.5322394621626274742e-07	0	0	0	0
t130809_132251.rf.pcm.dzTf4p	56513.585348977398379	1400.4949950000000172	-4.9874273169201874117e-07	-4.9881345518638147698e-07	0.78810267169572334467	6.4879550697555436815e-07	-1.1756601441767087281e-06	7.0861262733795030783e-07	0	0	0	0
t130809_132251.rf.pcm.dzTf4p	56513.585348914455938	1336.875	-5.0179144357080280284e-07	-5.0155521606913646844e-07	0.89820199430849334554	7.6061224858313421018e-07	-1.2902186466670435616e-06	7.7766115402886094759e-07	0	0	0	0
t130809_132251.rf.pcm.dzTf4p	56513.585348851507423	1279.4790040000000317	-1.0291183820184032511e-06	-1.0291891055127659865e-06	1.36104148787110657	3.5133022043986932365e-07	-1.4085705079674081931e-06	8.4899607433276800212e-07	0	0	0	0
s130811_134732.rf.pcm.dzTf1p	56515.602246164190841	730.87097200000005159	-2.5457559777790399771e-06	-2.5461197885304393633e-06	5.2692451730648901531	1.6563562884081089072e-06	-4.2305272589533211535e-06	2.6037329413158121153e-06	0	0	0	0
t130811_134731.rf.pcm.dzTf2p	56515.602406195346845	2870.6179200000001401	-4.8732292399656151972e-09	-4.864296824063315011e-09	0.98036695714937860391	2.4132050230781260666e-07	-2.7423598114664880462e-07	1.687823791306293489e-07	0	0	0	0
t130811_134731.rf.pcm.dzTf2p	56515.602406258276314	3331	-1.1228222117655478586e-06	-1.1228132793496455573e-06	1.2175036373185237348	-9.4719498190082559606e-07	-2.0366947946359284426e-07	1.2535123647563266822e-07	0	0	0	0
s130812_132922.rf.pcm.dzTf1p	56516.58965945174311	732.39898700000003373	-6.4538363690517288826e-06	-6.4538933672961080377e-06	4.3845282735197059765	-2.311258654089146418e-06	-4.1706858952217345027e-06	2.5937622238620626176e-06	0	0	0	0
t130812_132921.rf.pcm.dzTf2p	56516.589728185014458	2870.6179200000001401	2.9471510592633149594e-06	2.9471598482441723833e-06	1.6867276167067721815	3.190597432137059014e-06	-2.7148876590765951361e-07	1.6883981099301345827e-07	0	0	0	0
t130812_132921.rf.pcm.dzTf2p	56516.589728247914916	3331	-6.7738805310778477154e-07	-6.7737926412692734411e-07	1.4385938306527283892	-5.0380126750136402268e-07	-2.016291786403362044e-07	1.2539388995045184398e-07	0	0	0	0
t130831_130241.rf.pcm.dzTf1p	56535.552441801165095	1368.4620359999998982	8.8456068322043025375e-07	8.8479366117642479972e-07	1.3720662517364676791	1.8210063165119652906e-06	-9.642638373503133739e-07	7.4737175024173467665e-07	0	0	0	0
t130914_100001.rf.pcm.dzTf4p	56549.441754714707649	1458.7440189999999802	-1.5874970292666821897e-06	-1.5875729460988765474e-06	1.3343989257614772281	-9.1465670170893132818e-07	-7.0096742640471810224e-07	6.6012658979688545713e-07	0	0	0	0
t130914_100001.rf.pcm.dzTf4p	56549.44175465178645	1400.5019529999999577	2.4504199340573748312e-07	2.4496606668147106312e-07	1.0212071477015327581	9.7739624999942385836e-07	-7.6048136533272567822e-07	7.1617303585174354691e-07	0	0	0	0
t130914_100001.rf.pcm.dzTf4p	56549.441754588832374	1336.875	-7.629755811645520065e-07	-7.6305150294278239539e-07	1.1497670482668789216	4.3489686643602727378e-08	-8.3459237160115800573e-07	7.8596607243821602387e-07	0	0	0	0
t130914_100001.rf.pcm.dzTf4p	56549.441754525886388	1279.1450199999999313	-1.0720578439031440445e-06	-1.0721337706274104633e-06	1.146093385304008061	-1.885594913029936444e-07	-9.1162546133918970181e-07	8.5851094144955087983e-07	0	0	0	0
s130915_111232.rf.pcm.dzTf1p	56550.491931591699821	732.62200900000004822	-5.4344645010594414054e-06	-5.4345263859874183173e-06	4.4942315214645125465	-2.7291540409231250583e-06	-2.733423527079066142e-06	2.6177910482252754869e-06	0	0	0	0
t130915_111232.rf.pcm.dzTf1p	56550.491985785201429	3106.1740719999997964	-2.36608825136341637e-06	-2.3660843540121927268e-06	1.7039913847276599856	-2.2420755680354462464e-06	-1.5205996799151936333e-07	1.4562747715412685044e-07	0	0	0	0
t130928_062202.rf.pcm.dzTf8p	56563.289034782078733	1474.5	-3.9608397910884125621e-06	-3.9609176121444785124e-06	1.5218322783644404605	-3.4597892130264066722e-06	-5.2917958113284472319e-07	6.4810159322472286501e-07	0	0	0	0
t130928_062202.rf.pcm.dzTf8p	56563.289034750641086	1448.8010249999999814	-1.061490979201284828e-06	-1.0615688101494228417e-06	1.2443725639802543093	-5.4150063064616157212e-07	-5.4811936151803415259e-07	6.7129769153014185221e-07	0	0	0	0
t130928_062202.rf.pcm.dzTf8p	56563.289034750633597	1417.2779539999999088	-1.708550989071817822e-06	-1.7086288101278837749e-06	1.1984455571041268129	-1.1639069506680938698e-06	-5.7277304147456278806e-07	7.0149176895998857394e-07	0	0	0	0
t130928_062202.rf.pcm.dzTf8p	56563.289034719190713	1384.8840330000000449	7.3803999936324793684e-07	7.3826913919528311233e-07	1.0120259306326926385	1.3100999373679008418e-06	-5.9988198018739061242e-07	7.346928725208420535e-07	0	0	0	0
t130928_062202.rf.pcm.dzTf8p	56563.289034687706799	1352.875	-3.5977217678084628649e-07	-3.5984999783691224073e-07	1.0606890704621159127	2.4070303691590814833e-07	-6.2860421676759327202e-07	7.698698287549737628e-07	0	0	0	0
t130928_062202.rf.pcm.dzTf8p	56563.289034624753544	1320.875	-1.2971902012224685764e-06	-1.2969610712825054592e-06	1.0542614952479374413	-6.6558150670955963249e-07	-6.5943074658771870969e-07	8.076239733549419973e-07	0	0	0	0
t130928_062202.rf.pcm.dzTf8p	56563.289034593288992	1288.9000240000000304	-7.2210057493463799169e-07	-7.2217839599070394553e-07	1.1984455571041268129	-5.7674735514681554372e-08	-6.9255484249079527412e-07	8.4819201431940026938e-07	0	0	0	0
t130928_062202.rf.pcm.dzTf8p	56563.289034561801017	1263.3129879999999048	-2.1713756181449860794e-06	-2.1711464783129509011e-06	1.9565246566319767219	-1.4783048205274564586e-06	-7.2089283980026732544e-07	8.8289838138315471985e-07	0	0	0	0
t130930_094233.rf.pcm.dzTf2p	56565.428071052521268	2870.6179200000001401	3.2586962455234499533e-07	3.258714940287962878e-07	1.3113214186589925436	4.3052952738038351109e-07	-1.3270921536636010624e-07	1.7106860094878978094e-07	0	0	0	0
t130930_094233.rf.pcm.dzTf2p	56565.428071115471983	3331	1.0438152138151668641e-06	1.0435101273495530555e-06	1.6942804841311607245	1.1140193773978606575e-06	-9.8560432063080484992e-08	1.2704916687003659686e-07	0	0	0	0
s130930_094234.rf.pcm.dzTf1p	56565.428092295461195	732.10400400000003174	-5.8080775029875667476e-06	-5.8084483766784171378e-06	4.292024395450933838	-3.7961429765781792222e-06	-2.0403565821150107985e-06	2.6301197617110871527e-06	0	0	0	0
t131014_082842.rf.pcm.dzTf2p	56579.375417874264208	1426.2530520000000251	2.0956068147137029346e-06	2.0955268718081800579e-06	1.2250827898893406065	2.4075261221321544537e-06	-3.4005043233874727876e-07	6.9478385942750419981e-07	0	0	0	0
t131014_082842.rf.pcm.dzTf2p	56579.375417748350326	1311.6379389999999603	-4.155457910138321495e-07	-4.1562573391935502386e-07	1.1130316886966162837	-4.1600530492672625069e-08	-4.0207638544145528175e-07	8.2151397185192028186e-07	0	0	0	0
s131015_100003.rf.pcm.dzTf1p	56580.437397019369847	732.98699999999996635	-5.0215800917570506015e-06	-5.0219529389162770092e-06	4.7002927309978819181	-3.8231984343565367397e-06	-1.2268056865745131524e-06	2.6310399413916229613e-06	0	0	0	0
t131015_100003.rf.pcm.dzTf2p	56580.437406114669976	2870.6179200000001401	1.0246293768351534388e-06	1.0246292629511566536e-06	1.6090439524613204814	1.0765647030865444667e-06	-7.9986622150160696039e-08	1.715414998215375972e-07	0	0	0	0
t131015_100003.rf.pcm.dzTf2p	56580.437406177606029	3331	4.7546691593152123432e-07	4.7546681193959651012e-07	1.5928605810554532507	5.0682006544678991648e-07	-5.9404435521966289332e-08	1.2740037923406060207e-07	0	0	0	0
t131026_055741.rf.pcm.dzTf2p	56591.269530038203413	1426.2530520000000251	-2.2292347729843951106e-06	-2.2293162343229792292e-06	1.2783607332960431613	-2.1027081788987182913e-06	-1.5465923743903382093e-07	6.9606870141319215924e-07	0	0	0	0
t131026_055741.rf.pcm.dzTf2p	56591.269529912349135	1311.3859860000000026	4.0908070594754169161e-07	4.0930620549705870122e-07	1.3913599335219990483	5.6419472539226495651e-07	-1.8293970190997913826e-07	8.23349456461685217e-07	0	0	0	0
t131129_030031.rf.pcm.dzTf2p	56625.144029187122019	1426.2559810000000198	7.7251748109946646974e-07	7.7243196401133765238e-07	1.1047666362987182964	3.4940054173715999871e-07	3.9498024025940477073e-07	6.9835499900836877015e-07	0	0	0	0
t131129_030031.rf.pcm.dzTf2p	56625.144029061242104	1311.5040280000000621	1.1961566055521403402e-06	1.196071088464011522e-06	1.0937468088189299387	7.0089710459806892899e-07	4.6712280185116971003e-07	8.2590851952635843925e-07	0	0	0	0
s131129_071152.rf.pcm.dzTf1p	56625.309901757747692	732.92297399999995378	9.9189782603342213964e-07	9.9182646450041151691e-07	6.488258845719158785	-5.4193924119048286096e-07	1.5057145236761214949e-06	2.6445814220097203426e-06	0	0	0	0
t131129_071152.rf.pcm.dzTf2p	56625.309943771861164	2870.6179200000001401	1.2935187411727449184e-06	1.2935131668649708837e-06	1.7374406363065255654	1.1673077016447699315e-06	9.8154283205428069296e-08	1.7239427149188723149e-07	0	0	0	0
t131129_071152.rf.pcm.dzTf2p	56625.309943834771744	3331	-1.4565072744428060182e-06	-1.4565128536966160802e-06	1.5141054843674253139	-1.5574612235530831785e-06	7.2897187841694215316e-08	1.280337153897377182e-07	0	0	0	0
t131217_031754.rf.pcm.dzTf4p	56643.155476271600033	1458.7440189999999802	6.5004528008494695507e-07	6.5026469601014692019e-07	1.6973496633623328389	-2.4255845824893511296e-08	6.4646935982026754853e-07	6.678006525520119213e-07	0	0	0	0
t131217_031754.rf.pcm.dzTf4p	56643.155476208671335	1400.5959470000000238	1.8346035586036111452e-06	1.8348229844208831697e-06	1.2076306711660451665	1.105509664378707665e-06	7.0126213802740262168e-07	7.2440140734139749963e-07	0	0	0	0
t131217_031754.rf.pcm.dzTf4p	56643.155476145722613	1336.875	1.2894734475482165216e-06	1.2893859223694594758e-06	1.2728490194406041347	4.9162936853526054869e-07	7.6970537181942604416e-07	7.951030365808828282e-07	0	0	0	0
t131217_031754.rf.pcm.dzTf4p	56643.15547608275082	1279.3890380000000278	-1.2496328381759566932e-06	-1.2494134321428287864e-06	1.6688610601080104967	-2.1178933051386687147e-06	8.4042869098106704532e-07	8.6815998647505738481e-07	0	0	0	0
t131218_044532.rf.pcm.dzTf1p	56644.198631325044456	3106.1740719999997964	-1.1100267865133967577e-07	-1.1101037480857062926e-07	2.0039834493367494339	-2.8502939137469537006e-07	1.4596783455135185786e-07	1.4728047875317729557e-07	0	0	0	0
s131219_055323.rf.pcm.dzTf1p	56645.258866399079448	732.90399200000001656	3.5098506179939005729e-06	3.5097770307446763952e-06	4.9903188791666961421	7.9798304657601089162e-07	2.6837428021538926206e-06	2.6454061666097631744e-06	0	0	0	0
t131219_055322.rf.pcm.dzTf4p	56645.258911937926715	2746.1899410000000898	2.6034718535462908174e-07	2.6033939027667752554e-07	0.6145070533970162785	4.1138186090026740425e-08	1.9115002217187790215e-07	1.8841930229651489289e-07	0	0	0	0
t131219_055322.rf.pcm.dzTf4p	56645.258911969379806	2968.7429200000001401	-1.3046706405208140879e-06	-1.3046784405448016727e-06	1.3307341315660961012	-1.4962945986944565204e-06	1.6356497613488196475e-07	1.6122832899635335955e-07	0	0	0	0
t140110_034853.rf.pcm.dzTf4p	56667.17697722071706	2746.1899410000000898	-8.863094657381304411e-07	-8.8631956566887203075e-07	1.1797662987483426011	-1.1981661467808303764e-06	2.8379539909718546268e-07	1.8816435319926627432e-07	0	0	0	0
t140110_034853.rf.pcm.dzTf4p	56667.176977252212296	2968.7429200000001401	1.190073465946627195e-06	1.1900633709619216332e-06	1.4202564348941031369	9.1917158059218640714e-07	2.4284060835496234306e-07	1.6101017185164379301e-07	0	0	0	0
t140110_034853.rf.pcm.dzTf4p	56667.176977252199851	3228.5	1.1481198928437554718e-07	1.148018893536339565e-07	1.0644217419020167714	-1.1858520547053314899e-07	2.0533591280939422254e-07	1.3614350100966302576e-07	0	0	0	0
t140110_034853.rf.pcm.dzTf4p	56667.176977283674535	3459	4.1546335771089461121e-07	4.1545326767222508026e-07	1.6403325330981035624	2.085206091854919192e-07	1.7888147647196027811e-07	1.1860346360067964025e-07	0	0	0	0
s140110_034852.rf.pcm.dzTf1p	56667.177141343031892	732.59698500000001786	2.2059300822655537799e-06	2.205854195109575599e-06	4.6507769233377107554	-1.8100334178631318051e-06	3.9878364309579345212e-06	2.6440412993070761295e-06	0	0	0	0
t140111_040522.rf.pcm.dzTf4p	56668.188388371757281	1458.7440189999999802	-5.5028126758594273488e-08	-5.5118298066627430469e-08	1.3490981605588172609	-1.1046482004578808104e-06	1.021478720376480497e-06	6.6680370026643356851e-07	0	0	0	0
t140111_040522.rf.pcm.dzTf4p	56668.188388308819793	1400.5009769999999207	3.7012485072596167392e-07	3.700346843639645466e-07	0.93858579590368351742	-7.6622293332667962243e-07	1.1082064356758712861e-06	7.2341805848632205922e-07	0	0	0	0
t140111_040522.rf.pcm.dzTf4p	56668.188388245869557	1336.875	-3.0607477987636682085e-07	-3.0616494623836394735e-07	1.2305940918555380303	-1.5504186397559167425e-06	1.2162025115027799122e-06	7.9391603596758010346e-07	0	0	0	0
t140111_040522.rf.pcm.dzTf4p	56668.188388182964651	1279.6009520000000066	2.9341575703643596657e-06	2.9340673990563265059e-06	1.4942663247285901118	1.5785044165627978708e-06	1.3275118004787557521e-06	8.6657682202046006188e-07	0	0	0	0
t140219_201853.rf.pcm.dzTf1p	56707.847761330573952	1368.1359860000000026	3.6309581606803684793e-06	3.6308642452230605203e-06	1.4281109613318836438	1.7209818844045908593e-06	1.8818311788036967781e-06	7.546634217595076873e-07	0	0	0	0
t140321_220850.rf.pcm.dzTf4p	56737.945365642703205	1458.7440189999999802	2.019342222678965949e-06	2.0192458032909177446e-06	1.4033038547234715221	-5.0022994151911378462e-08	2.0412176154280562401e-06	6.6243697246590313605e-07	0	0	0	0
t140321_220850.rf.pcm.dzTf4p	56737.945365579754466	1400.5090330000000449	1.4720635653189240059e-06	1.4722740987816683837e-06	1.0643620184062292378	-7.7027693569887778198e-07	2.2144998524657732827e-06	7.1867230969664238051e-07	0	0	0	0
t140321_220850.rf.pcm.dzTf4p	56737.945365516842148	1336.875	4.0719890124598536735e-06	4.0721995391217985072e-06	1.2131418103335127601	1.6138148180639386946e-06	2.4303335390430869296e-06	7.8871688181109397404e-07	0	0	0	0
t140321_220850.rf.pcm.dzTf4p	56737.945365453857875	1279.5770259999999325	4.551657342251173086e-07	4.5506930803626956413e-07	1.3803349194837262193	-2.2258436118690022391e-06	2.6528617378904989202e-06	8.6093402607329149786e-07	0	0	0	0
t140322_172920.rf.pcm.dzTf2p	56738.751416075505844	2870.6179200000001401	1.4202988777440460958e-06	1.4202823603315554267e-06	1.0730442217714348807	8.6294652986751451024e-07	5.2928464844926803349e-07	1.710570688723257245e-07	0	0	0	0
t140322_172920.rf.pcm.dzTf2p	56738.751416138428304	3331	-3.0327157933404571429e-07	-3.0328809674653638148e-07	1.0633439497233359017	-7.2442821074679342107e-07	3.9308893198548415662e-07	1.2704060222976548696e-07	0	0	0	0
s140322_172920.rf.pcm.dzTf1p	56738.751444022070483	732.3670039999999517	1.7591777604548380163e-05	1.7591695299910652889e-05	4.4126441581581401508	9.4319206065580681751e-06	8.1317235113378118309e-06	2.6280539103409788041e-06	0	0	0	0
t140409_215432.rf.pcm.dzTf2p	56756.937423262762618	1426.1450199999999313	1.4454573469013152701e-06	1.4456664416858293873e-06	1.0459976292278141408	-8.9860800770352705122e-07	2.3162232673745835556e-06	6.9288710953402642789e-07	0	0	0	0
t140409_215432.rf.pcm.dzTf2p	56756.93742313689177	1312.1560059999999339	2.6527515984654741943e-06	2.6526537397809412249e-06	0.99274619558526755458	-1.1152823667013160439e-07	2.7361307944362999463e-06	8.1850043775362943377e-07	0	0	0	0
s140410_213122.rf.pcm.dzTf1p	56757.906476501573906	732.55102499999998145	9.4965732562059069226e-06	9.4964895135082039014e-06	5.6854956726064305172	6.6080042894980715952e-07	8.8076379025436238589e-06	2.6261426010335369936e-06	0	0	0	0
t140410_213122.rf.pcm.dzTf2p	56757.906490600642979	2870.6179200000001401	2.3615121495769487133e-06	2.3618011469552748687e-06	1.0741220493814473969	1.7601825776573600826e-06	5.7356738728314190311e-07	1.7101857456780585696e-07	0	0	0	0
t140410_213122.rf.pcm.dzTf2p	56757.906490663534317	3331	-2.05067246645561307e-06	-2.050690422546333996e-06	1.0751998808691580756	-2.5047184250203478792e-06	4.2597682045924100029e-07	1.2701201329392564085e-07	0	0	0	0
t140411_184514.rf.pcm.dzTf4p	56758.806112068170407	2746.1899410000000898	6.6373525123002823307e-07	6.6371722527654837922e-07	1.2832820608111032978	7.0749116279312996231e-09	6.2859113163384419664e-07	1.8686939718372169917e-07	0	0	0	0
t140411_184514.rf.pcm.dzTf4p	56758.806112099644299	2968.7429200000001401	8.9593571042546649214e-07	8.959176857084956459e-07	0.90388249960530697713	3.2998797134313856092e-07	5.3787853235058420203e-07	1.5990209220237196128e-07	0	0	0	0
t140411_184514.rf.pcm.dzTf4p	56758.806112099648082	3228.5	1.2228422109393049751e-06	1.2228241862223341281e-06	0.76178142698113626707	7.3996530063192897009e-07	4.54807703575632275e-07	1.3520655497010542936e-07	0	0	0	0
t140411_184514.rf.pcm.dzTf4p	56758.806112131081552	3459	-2.0374851986657973279e-06	-2.0375032172002231339e-06	1.6996754191139931134	-2.4617669875648564543e-06	3.962125883498604374e-07	1.1778722893196670216e-07	0	0	0	0
s140411_184514.rf.pcm.dzTf2p	56758.806143854163835	717.54303000000004431	1.181090649001641797e-05	1.1810822685493264569e-05	5.1507241007140667222	2.5754451244599518278e-06	9.2073263790185398583e-06	2.7371804425669922263e-06	0	0	0	0
s140411_184514.rf.pcm.dzTf2p	56758.806144042958511	746.65100099999995109	8.9985261715949003754e-06	8.9984423670717469781e-06	4.7471354148212352442	4.6696129220814693088e-07	8.5034298928488271643e-06	2.5279240710053877032e-06	0	0	0	0
t140411_195302.rf.pcm.dzTf8p	56758.853222887653043	2680.9108890000002248	1.3932740385836838156e-06	1.3932560126302039613e-06	1.9511031035136026102	7.0552802886737580599e-07	6.5967680174805527234e-07	1.9608054611582925566e-07	0	0	0	0
t140411_195302.rf.pcm.dzTf8p	56758.853222887638971	2781.4199220000000423	1.7712045964746912467e-07	1.7740938716303635669e-07	1.3760329832825404228	-4.6350401103543387342e-07	6.1286221618369734716e-07	1.8216550547878436345e-07	0	0	0	0
t140411_195302.rf.pcm.dzTf8p	56758.85322291912188	2908.5	1.1886783029413598391e-06	1.1886602757513709772e-06	1.0493330195931214188	6.0013204513958604695e-07	5.6047704859701204725e-07	1.6659468010973973024e-07	0	0	0	0
t140411_195302.rf.pcm.dzTf8p	56758.853222919106287	3034.092040999999881	-1.5854483511007696357e-07	-1.5856286230006582423e-07	0.82312513010011900683	-7.0165108840686148717e-07	5.1503704409202277997e-07	1.530882162257342971e-07	0	0	0	0
t140411_195302.rf.pcm.dzTf8p	56758.853222919115328	3164.5	6.2265427351218502721e-07	6.2263624632219616573e-07	1.0019168002408163076	1.2112236553193989788e-07	4.7346269877548338489e-07	1.4073077041038683179e-07	0	0	0	0
t140411_195302.rf.pcm.dzTf8p	56758.853222950581152	3292.5	1.5776115158228040777e-07	1.5774312562880055454e-07	1.2272080641579643512	-3.0767343532132933902e-07	4.373653789353570106e-07	1.3000130080212937844e-07	0	0	0	0
t140411_195302.rf.pcm.dzTf8p	56758.853222950566533	3420.5	-1.1053564589722372826e-06	-1.1053744849257171348e-06	1.0784333984822134234	-1.5386698408543403562e-06	4.0524417391385033843e-07	1.2045368080922997772e-07	0	0	0	0
t140411_195302.rf.pcm.dzTf8p	56758.853222950554223	3523	-2.1692606288400395938e-06	-2.1689716951419273218e-06	1.766574574851098145	-2.5790293158599503286e-06	3.8200643870325012378e-07	1.1354655932552854507e-07	0	0	0	0
s140411_195302.rf.pcm.dzTf2p	56758.853330330408305	717.60302699999999732	1.1363601557528731461e-05	1.1363517745586524017e-05	4.9935799313141133737	2.1282661399771466394e-06	9.2072004235946044943e-06	2.7367223632856122105e-06	0	0	0	0
s140411_195302.rf.pcm.dzTf2p	56758.853330519219874	746.58599900000001526	1.0010789705417496145e-05	1.0010705893475288701e-05	4.8718173990891724401	1.4764380795168297884e-06	8.50621663194368603e-06	2.5283639106660266243e-06	0	0	0	0
t140424_210232.rf.pcm.dzTf1p	56771.902430693613013	3106.1740719999997964	3.4084976857762782862e-07	3.4083083502653644822e-07	1.4407512023468120876	-1.9633785411222311069e-07	5.0911750712398667595e-07	1.4611915242579484187e-07	0	0	0	0
s140424_210232.rf.pcm.dzTf1p	56771.902725515949246	732.76300000000003365	1.2884777969189781216e-05	1.2884386295562660654e-05	4.557223423947100116	3.7079840094082060828e-06	9.1483511041396816879e-06	2.6256187487531619369e-06	0	0	0	0
t140427_212321.rf.pcm.dzTf2p	56774.909380847057786	1426.2070309999999154	4.1259333463956817762e-06	4.1258342413100692155e-06	1.1231336254736454805	1.6679386523910209516e-06	2.429844406904275381e-06	6.9319390330867532187e-07	0	0	0	0
t140427_212321.rf.pcm.dzTf2p	56774.909380721146491	1311.8409420000000409	1.8382441471577567326e-06	1.8381450426903986784e-06	1.0652802607703348858	-1.0618850671881916303e-06	2.8719789278638174257e-06	8.1932747547131037817e-07	0	0	0	0
t140521_141032.rf.pcm.dzTf2p	56798.618558574460376	1426.3070070000001124	3.2904414450889433655e-06	3.2903408500099767334e-06	1.0395703042603317012	7.6702235887277375274e-07	2.4952673091224300977e-06	6.943562930811240823e-07	0	0	0	0
t140521_141032.rf.pcm.dzTf2p	56798.618558448567946	1311.6009520000000066	2.6323735547409077441e-06	2.632579910657970183e-06	1.0230434204789535801	-3.4627050461062231954e-07	2.9507992332538196196e-06	8.2111684380808866814e-07	0	0	0	0
t140927_055922.rf.pcm.dzTf8p	56927.273190083501223	1474.5	4.4481023042274531542e-06	4.4479967804235825091e-06	1.5493988928656106108	2.1145456481112083974e-06	2.3053999502976012287e-06	6.500102647499785224e-07	0	0	0	0
t140927_055922.rf.pcm.dzTf8p	56927.273190083508979	1448.8010249999999814	5.1181838959940399966e-06	5.118078367244133321e-06	1.493347471416158978	2.7021150417064923555e-06	2.3879121435228680826e-06	6.7327467601037817982e-07	0	0	0	0
t140927_055922.rf.pcm.dzTf8p	56927.273190052004146	1417.3389890000000833	2.2124101907228441277e-06	2.2126116203880205706e-06	1.3132692665440697244	-3.105419100636795303e-07	2.4951023484369272179e-06	7.0349708214328485691e-07	0	0	0	0
t140927_055922.rf.pcm.dzTf8p	56927.273190020502483	1384.8790280000000621	-4.1894622293377188721e-07	-4.1905174921066054258e-07	0.93950368307255027744	-3.0605406575438450659e-06	2.6134377263184116404e-06	7.3686188308792635764e-07	0	0	0	0
t140927_055922.rf.pcm.dzTf8p	56927.273189989042702	1352.875	5.6807655885790317521e-07	5.6797103752705054908e-07	1.2416168450619697872	-2.1986289818380641982e-06	2.7385488373503418643e-06	7.7213711007851394832e-07	0	0	0	0
t140927_055922.rf.pcm.dzTf8p	56927.273189926114824	1320.875	1.8235417317111280301e-06	1.8234362029612213574e-06	1.3876849133103557055	-1.0774612841808974132e-06	2.8728463051273458876e-06	8.1000244137328428416e-07	0	0	0	0
t140927_055922.rf.pcm.dzTf8p	56927.273189894661282	1289.6679690000000846	3.349269590212102723e-06	3.3494710198772791646e-06	1.496104033678324452	3.0785870517127882757e-07	3.0135611326912274541e-06	8.496771548600058078e-07	0	0	0	0
t141010_082303.rf.pcm.dzTf2p	56940.371885163080201	1426.4389650000000529	1.2749334518875083173e-06	1.2748277203501244104e-06	1.095583427189032566	-1.3113035222768095596e-06	2.558080060612161087e-06	6.9286953463391097428e-07	0	0	0	0
t141010_082303.rf.pcm.dzTf2p	56940.371885037234044	1311.7320560000000569	4.6149478279178804545e-06	4.6151490547955796602e-06	1.1837496887133751589	1.5620639042747395076e-06	3.0250339685060672697e-06	8.1934647443351300666e-07	0	0	0	0
t141011_094043.rf.pcm.dzTf4p	56941.425771236426382	2968.7429200000001401	8.3825565896976204822e-07	8.3822988628735002352e-07	1.6770168593548273606	2.1740863783635982351e-07	5.9277006643621731705e-07	1.5992642870319766337e-07	0	0	0	0
t141011_094043.rf.pcm.dzTf4p	56941.425771267892923	3459	4.3536720455885510591e-07	4.3534143558597010366e-07	0.65425285479763584107	-2.9356588039614448216e-08	4.3664684161081166892e-07	1.1780515570719097891e-07	0	0	0	0
p141011_094056.rf.pcm.dzTf1p	56941.425861307065841	731.51397699999995439	8.635745734187663136e-06	8.6356967448121257329e-06	2.0448027758754880878	-1.1554227639351343977e-06	9.7630683267324872476e-06	2.6340265981053851162e-06	0	0	0	0
t141129_033703.rf.pcm.dzTf2p	56990.169386507943699	1426.2509769999999207	4.0917618938380272e-06	4.091655897687715679e-06	1.2122232834969339788	9.5899491394593296381e-07	3.1046098017270098322e-06	6.838538508094228998e-07	0	0	0	0
t141129_033703.rf.pcm.dzTf2p	56990.169386382059596	1312.9610600000000886	4.1535027620523405632e-06	4.1533967634290110277e-06	1.5778850519999700897	4.6185362670356904679e-07	3.663491954710669098e-06	8.0695908400515989325e-07	0	0	0	0
t150107_233831.rf.pcm.dzTf4p	57030.003127472086916	1458.7440189999999802	2.8538784669785822209e-06	2.8540797754658759251e-06	1.4722140625892365939	-4.2934795123246253316e-07	3.2553765446835655753e-06	6.4313558848790427564e-07	0	0	0	0
t150107_233831.rf.pcm.dzTf4p	57030.003127409163266	1400.5050049999999828	4.4749265445315239579e-06	4.4748209044958066046e-06	1.0974200534287450459	9.1501872580152492237e-07	3.5317509966795087992e-06	6.9773641379971870369e-07	0	0	0	0
t150107_233831.rf.pcm.dzTf4p	57030.003127346218015	1336.875	4.2293845426451820532e-06	4.2292789001364466855e-06	1.2278384345828923241	3.2528095816486673751e-07	3.875946759956807065e-06	7.657360881804040121e-07	0	0	0	0
t150107_233831.rf.pcm.dzTf4p	57030.003127283271603	1278.9160159999998996	3.8834684324150832189e-06	3.8833627899063478521e-06	1.6706990186575954027	-3.7990234281948855626e-07	4.2352139507110635254e-06	8.3671328952024901157e-07	0	0	0	0
t150108_033941.rf.pcm.dzTf2p	57030.170571777662325	2870.6179200000001401	2.0509316873922554154e-06	2.0509060198131090291e-06	1.2390693158194092671	1.1820776033142622558e-06	8.4077723448407389028e-07	1.6606354735163383829e-07	0	0	0	0
t150108_033941.rf.pcm.dzTf2p	57030.170571840596001	3331	1.2964160524156290787e-06	1.2963903848364826932e-06	1.0094597033141761155	6.4391106944467173759e-07	6.2442813337703807261e-07	1.2333201546392069663e-07	0	0	0	0
p150108_033952.rf.pcm.dzTf1p	57030.170615617156717	731.51397699999995439	1.4535160859695174506e-05	1.4535111968003848693e-05	2.0077274144881447349	1.5595438175362631642e-06	1.2947516968452812646e-05	2.5572891006529894673e-06	0	0	0	0
t150222_011222.rf.pcm.dzTf4p	57075.070482244019683	2746.1899410000000898	-7.3024673337151116646e-07	-7.3027138454025336095e-07	0.80805540090608851678	-1.6684477463237111246e-06	9.1012517976868488064e-07	1.7717907134913164891e-07	0	0	0	0
t150222_011222.rf.pcm.dzTf4p	57075.070482275516397	2968.7429200000001401	1.4738289650877347887e-06	1.4738043114459745769e-06	1.3307341315660961012	6.6696900212190467033e-07	7.7878412730929702359e-07	1.5161018673815472879e-07	0	0	0	0
t150222_011222.rf.pcm.dzTf4p	57075.070482306973698	3228.5	2.7255186311637518642e-07	2.7252720947461497607e-07	1.741756734001368212	-4.1403142210086539123e-07	6.5850744956070748435e-07	1.2819526476810006009e-07	0	0	0	0
t150222_011222.rf.pcm.dzTf4p	57075.070482306993153	3459	1.9534344977848304732e-06	1.9534098416700522461e-06	1.9457072351321500481	1.3516899663588750612e-06	5.7366869329640430195e-07	1.1167923776012396859e-07	0	0	0	0
p150222_011232.rf.pcm.dzTf1p	57075.070526114971219	731.51397699999995439	1.0539154617749867971e-05	1.053910674246894635e-05	2.3163964101939726881	-2.3157053014705493011e-06	1.2826760861924722769e-05	2.4970560840979586489e-06	0	0	0	0
t150223_001632.rf.pcm.dzTf4p	57076.031810749898025	1458.6800539999999273	3.7729262335243952682e-06	3.7728216371022802708e-06	1.1066033013000271534	5.2199802737185188282e-07	3.222772427715655505e-06	6.2764153549307676175e-07	0	0	0	0
t150223_001632.rf.pcm.dzTf4p	57076.031810686960494	1400.5319819999999709	4.1940893871785005829e-06	4.1942917466984506857e-06	0.93399640717898857467	6.7030300620696137518e-07	3.4959375584767164276e-06	6.8084100455310498689e-07	0	0	0	0
t150223_001632.rf.pcm.dzTf4p	57076.031810624013726	1336.875	3.8177848513635060884e-06	3.8176802549413910909e-06	0.96704170893368657236	-4.7161766585009769578e-08	3.8367908395116279776e-06	7.4722287960489238437e-07	0	0	0	0
t150223_001632.rf.pcm.dzTf4p	57076.031810561060709	1279.5720209999999497	2.9012404591288864617e-06	2.9011358651797894799e-06	1.2985707278891538419	-1.3150463204608540304e-06	4.1881310036258706273e-06	8.156470966259557884e-07	0	0	0	0
t150308_204734.rf.pcm.dzTf2p	57089.887132498695646	2870.6179200000001401	5.3305504283458793612e-07	5.330308615392686015e-07	1.4946875112095718841	-3.12903868109047092e-07	8.1788354763354281055e-07	1.6073095834111937659e-07	0	0	0	0
t150308_204734.rf.pcm.dzTf2p	57089.887132561639074	3331	6.2112931415639732193e-07	6.2110513780711401739e-07	1.451538156653541245	-1.4371502391339993441e-08	6.0742545818368112787e-07	1.193716101795243251e-07	0	0	0	0
p150308_204752.rf.pcm.dzTf1p	57089.887523622997435	731.51397699999995439	1.8759511852481952319e-05	1.8759464454493507596e-05	3.2497809068162246682	6.1364549686470993954e-06	1.2594958303831635317e-05	2.4751695505690273208e-06	0	0	0	0
t150416_203403.rf.pcm.dzTf8p	57128.882145535317576	1474.5	1.6681080362068190547e-06	1.6680054849706025127e-06	1.8177423184405130385	-1.1629222063464782336e-06	2.8028765093023078633e-06	5.9390524148531250086e-07	0	0	0	0
t150416_203403.rf.pcm.dzTf8p	57128.882145535313136	1448.8010249999999814	1.2844149633889546562e-06	1.2843124022606660545e-06	1.450162267577310482	-1.6469325845834816536e-06	2.9031938048293748251e-06	6.1516160701815045044e-07	0	0	0	0
t150416_203403.rf.pcm.dzTf8p	57128.882145503864976	1416.7370610000000397	3.2751789794722979339e-06	3.2753833792321104609e-06	1.118541808275358429	2.1123963601282735249e-07	3.0360925612045102254e-06	6.4332170168346357522e-07	0	0	0	0
t150416_203403.rf.pcm.dzTf8p	57128.882145472383094	1384.8900149999999485	2.3529451521001624867e-06	2.3528425959179099142e-06	1.1249703651674602956	-8.5254316788868252806e-07	3.1773345817918195593e-06	6.732496617239036964e-07	0	0	0	0
t150416_203403.rf.pcm.dzTf8p	57128.882145440924059	1352.875	3.4044285160333016567e-06	3.4043259549050130529e-06	0.96061593093280939204	4.6781246637955565703e-08	3.3294935262522846042e-06	7.0549082331676556699e-07	0	0	0	0
t150416_203403.rf.pcm.dzTf8p	57128.882145409462645	1320.875	4.2502523929360655093e-06	4.2501498318077769042e-06	1.0092716138790747138	7.2932793605966640048e-07	3.4927707137333376208e-06	7.4008784424399722998e-07	0	0	0	0
t150416_203403.rf.pcm.dzTf8p	57128.882145346516381	1288.7490230000000793	3.9172285064632413496e-06	3.9171259502809887758e-06	1.0395703042603317012	2.1999782144156604044e-07	3.6690769468246498524e-06	7.7744560694430124685e-07	0	0	0	0
t150416_203403.rf.pcm.dzTf8p	57128.882145315052284	1263.285033999999996	4.5313017599649610601e-06	4.5311992037827084856e-06	1.9215984872069540312	6.8466542453227724444e-07	3.8184825972356583582e-06	8.0910336936875098027e-07	0	0	0	0
t150629_120514.rf.pcm.dzTf8p	57202.532699849922778	1474.4620359999998982	4.4476976739658653004e-06	4.447599465349283198e-06	1.7331908835524898471	2.4745644021837368759e-06	1.9449838811507734391e-06	5.700296569036001889e-07	0	0	0	0
t150629_120514.rf.pcm.dzTf8p	57202.532699849912728	1450.7590330000000449	3.5793235006831953268e-06	3.5792252895935952108e-06	1.3683913142488877135	1.542115390306647749e-06	2.0090587172721745789e-06	5.8880850499809186598e-07	0	0	0	0
t150629_120514.rf.pcm.dzTf8p	57202.532699818430288	1416.7370610000000397	2.6082839678658166533e-06	2.6084927127182816388e-06	1.1626250814162328862	4.7373187087542597058e-07	2.1067096598280827853e-06	6.1742773088960134395e-07	0	0	0	0
t150629_120514.rf.pcm.dzTf8p	57202.53269978694513	1384.875	1.4030381789489811242e-06	1.4029399703323990251e-06	0.90737955607032072525	-8.2987489094583594746e-07	2.2047636792634620896e-06	6.4616508925304108214e-07	0	0	0	0
t150629_120514.rf.pcm.dzTf8p	57202.532699724016137	1352.875	2.5621200391849796001e-06	2.5620218330414155154e-06	0.89086020145870337128	2.2367343991261518709e-07	2.3102972111140274454e-06	6.7709451905708627979e-07	0	0	0	0
t150629_120514.rf.pcm.dzTf8p	57202.53269969253472	1320.875	1.6797903482653163968e-06	1.679692142121752313e-06	1.0707897597046753813	-7.7195241111542999264e-07	2.4235933712224094226e-06	7.1029899524062369848e-07	0	0	0	0
t150629_120514.rf.pcm.dzTf8p	57202.53269966106259	1288.8959959999999683	1.59983961715761446e-06	1.599741408541032361e-06	1.5466422026836477155	-9.7365941673999917525e-07	2.5453496432662586532e-06	7.4598293396381905626e-07	0	0	0	0
t150629_120514.rf.pcm.dzTf8p	57202.532699629598277	1263.366942999999992	2.1951887041014259248e-06	2.1950904930118258101e-06	1.6072907831692724301	-4.8221822830778280909e-07	2.6492575393048357362e-06	7.7643592770997918321e-07	0	0	0	0
t150831_133643.rf.pcm.dzTf2p	57265.579231547417294	1426.5179439999999431	7.1213340454289881333e-07	7.1204030023549979634e-07	1.0909918961062343712	-5.7669716728132451464e-07	1.260686285502051428e-06	6.0500523527214698982e-07	0	0	0	0
t150831_133643.rf.pcm.dzTf2p	57265.579231421529254	1311.396972999999889	4.3376952239880758075e-07	4.3367640819933650361e-07	0.99550037360650056595	-1.0861148349112351691e-06	1.4917400610957987898e-06	7.1588828720354420758e-07	0	0	0	0
t150923_072434.rf.pcm.dzTf4p	57288.332972559136618	2753.3769529999999577	9.7552156256315462673e-07	9.7551057729196364422e-07	1.4159418233034639645	6.6934848551247733754e-07	2.7811090976471342371e-07	1.6337097750343875394e-07	0	0	0	0
t150923_072434.rf.pcm.dzTf4p	57288.332972590599219	2968.7429200000001401	2.3222036689373868526e-07	2.3220938162254770358e-07	1.3922119504436643034	-3.5065492487903314253e-08	2.3922369209567813487e-07	1.4052741930902293373e-07	0	0	0	0
t150923_072434.rf.pcm.dzTf4p	57288.332972590615991	3228.5	1.6813523806341678452e-06	1.6813413978359948771e-06	1.0816669505779392679	1.4510126168855845261e-06	2.0227759893563746801e-07	1.1882413783282880008e-07	0	0	0	0
t150923_072434.rf.pcm.dzTf4p	57288.332972622084228	3459	1.424880959712887077e-06	1.4248699744416960941e-06	1.8906703337103953899	1.2206016123331752588e-06	1.7621718009374795231e-07	1.0351543923888497166e-07	0	0	0	0
p150923_072448.rf.pcm.dzTf1p	57288.333363966504276	726.58398399999998674	4.0830693369088349235e-06	4.0827281814754714824e-06	1.7772989024561811622	6.0969724992201814131e-08	3.9937072744684967853e-06	2.3460359820839629272e-06	0	0	0	0
t151009_102551.rf.pcm.dzTf4p	57304.455985775936032	1458.6960449999999128	9.1151046628403550592e-07	9.114211407481634977e-07	1.2177344661871005727	2.9260699368354114673e-08	8.5410925936503650007e-07	5.8587220542376523261e-07	0	0	0	0
t151009_102551.rf.pcm.dzTf4p	57304.455985712986323	1400.5140380000000278	2.8043405161032100891e-07	2.8065168201651410222e-07	0.99458231163395582897	-6.7394789603603237389e-07	9.2654839603777359314e-07	6.3556148808815744806e-07	0	0	0	0
t151009_102551.rf.pcm.dzTf4p	57304.455985650050685	1336.875	8.6581817428790431875e-07	8.6572884875203231094e-07	0.96061593093280939204	-1.7918297415860698704e-07	1.016860640895866415e-06	6.9751074467045093249e-07	0	0	0	0
t151009_102551.rf.pcm.dzTf4p	57304.455985587120285	1279.4229740000000675	1.9033462134794554329e-06	1.9032568879435834238e-06	1.3849286583108317839	7.649711208106861134e-07	1.1102345851181244275e-06	7.6156015936273915229e-07	0	0	0	0
t160318_173121.rf.pcm.dzTf2p	57465.752589285736217	2870	1.1521750386060340131e-06	1.1518796216408590836e-06	1.0611883773685855115	1.168043206315518597e-06	-4.4214766689432396381e-08	1.6647031961883684514e-07	0	0	0	0
t160318_173121.rf.pcm.dzTf2p	57465.752589348680715	3331	1.3323351231243116627e-06	1.3323466472630937428e-06	1.0514885022512308055	1.3371187368588477351e-06	-3.282327161052687523e-08	1.2358089651423099565e-07	0	0	0	0
p160318_173136.rf.pcm.dzTf1p	57465.752609175468219	726.39898700000003373	-1.5545899387002060029e-06	-1.5546016213624772292e-06	2.2773069977473130443	-8.9244334130962152766e-07	-6.9020946206762858454e-07	2.5986641253770359497e-06	0	0	0	0
t160401_193805.rf.pcm.dzTf1p	57479.842047953575275	1374.5360109999999167	-3.2847741940362599064e-08	-3.2972540446642606346e-08	1.2250827898893406065	2.052683210878438032e-07	-2.6629204354925929251e-07	7.3030730411718525501e-07	0	0	0	0
t160506_181425.rf.pcm.dzTf1p	57514.786893190271083	3124.978027000000111	-1.3730289883971182727e-06	-1.3730094615720394601e-06	1.5151842739672849447	-1.3189403986260275874e-06	-8.2120244960784755655e-08	1.4308891912683809074e-07	0	0	0	0
p160506_181440.rf.pcm.dzTf1p	57514.787097721581919	728.32800299999996696	-2.1442341860772858478e-06	-2.1445448170492894147e-06	2.2021385444199972348	-6.6080792443257380978e-07	-1.5117880746314884878e-06	2.6341830341114430543e-06	0	0	0	0
t160716_141346.rf.pcm.dzTf8p	57585.621742108392429	1474.5	-2.8343762372131998225e-06	-2.8344823199191418638e-06	1.3307241602608841369	-2.342600610222549714e-06	-5.1993289171136503278e-07	6.5206082751795446576e-07	0	0	0	0
t160716_141346.rf.pcm.dzTf8p	57585.621742076960508	1448.8260499999998956	5.597839013068359453e-07	5.5967781860089390109e-07	1.2333497616229627258	1.0701497576133566475e-06	-5.3852312102723562939e-07	6.7537529854747698596e-07	0	0	0	0
t160716_141346.rf.pcm.dzTf8p	57585.621742076929667	1416.7469479999999749	-2.1051947379007608201e-06	-2.1049938696106737916e-06	1.1194601680357085804	-1.5698585013668876625e-06	-5.6318655025855901206e-07	7.0630632124631334115e-07	0	0	0	0
t160716_141346.rf.pcm.dzTf8p	57585.621742045478648	1384.6350099999999657	-3.6091481991659601125e-07	-3.61020912514610115e-07	1.2416168450619697872	2.0053979068492221955e-07	-5.8961188521430521751e-07	7.3944699398948447832e-07	0	0	0	0
t160716_141346.rf.pcm.dzTf8p	57585.621741982541231	1352.875	7.0378562378629777646e-08	7.0272479672687733634e-08	1.4455682043936317616	6.5984151392833380859e-07	-6.1762021627041895793e-07	7.7457294175727938528e-07	0	0	0	0
t160716_141346.rf.pcm.dzTf8p	57585.621741951082438	1320.875	1.1424281920557160095e-06	1.1426290702378750952e-06	1.2783607332960431613	1.7624859817998514993e-06	-6.4790809357674928701e-07	8.1255772536559458481e-07	0	0	0	0
t160716_141346.rf.pcm.dzTf8p	57585.621741888105774	1261.1719969999999194	-1.8168974101050433537e-06	-1.8170034928109853959e-06	1.7910898168709534772	-1.134351578319571351e-06	-7.1070309650618692786e-07	8.9131050735458656497e-07	0	0	0	0
t160717_143654.rf.pcm.dzTf8p	57586.637801399250858	1474.4930420000000595	4.570351862269116807e-07	4.5692930136241084107e-07	1.7901707717511787799	9.5030212067766933895e-07	-5.2142400133003138085e-07	6.5214220852890280821e-07	0	0	0	0
t160717_143654.rf.pcm.dzTf8p	57586.637801367728088	1449.1500240000000304	-3.9982441687820294016e-06	-3.9983500635386022972e-06	1.2636629303415098935	-3.4865802444610362501e-06	-5.3982100109233893003e-07	6.7515123775411782147e-07	0	0	0	0
t160717_143654.rf.pcm.dzTf8p	57586.637801367777932	1416.7469479999999749	3.0832693493207693928e-07	3.0822103028343197936e-07	0.89820199430849334554	8.449662243611539937e-07	-5.6479637609249489731e-07	7.0638780563598467575e-07	0	0	0	0
t160717_143654.rf.pcm.dzTf8p	57586.637801336297393	1384.8819579999999405	-4.9818473969124504453e-07	-4.9829062455574588333e-07	0.99366425229111288164	6.4744581379608047229e-08	-5.9108638795012681352e-07	7.3926858286460847688e-07	0	0	0	0
t160717_143654.rf.pcm.dzTf8p	57586.637801273330972	1352.875	-2.5728675803034425723e-06	-2.572973465167943409e-06	1.3601227641698951931	-1.9816390105935752958e-06	-6.1938563658914099622e-07	7.7466230185733076211e-07	0	0	0	0
t160717_143654.rf.pcm.dzTf8p	57586.637801241871561	1320.875	-1.5539210664637091398e-06	-1.5540269513282099776e-06	0.99641843820147868449	-9.3231804385886661102e-07	-6.4976008948411624952e-07	8.1265146765347436683e-07	0	0	0	0
t160717_143654.rf.pcm.dzTf8p	57586.637801210432169	1292.4589840000001004	1.1947138468421551671e-06	1.1946079520855822665e-06	1.739624004465699425	1.8452022070379762921e-06	-6.7864543696716690866e-07	8.4877821728401480422e-07	0	0	0	0
t160717_143654.rf.pcm.dzTf8p	57586.637801178966829	1261.5300290000000132	1.7013533713392868634e-06	1.701247476582713962e-06	2.2828296359287985062	2.3855263799194542636e-06	-7.1233008535151318455e-07	8.9090742688242172738e-07	0	0	0	0
t160726_131132.rf.pcm.dzTf4p	57595.578285168442704	1458.6689449999998942	1.8421023130733761807e-06	1.8419981791056300011e-06	1.3270494123268832265	2.3611766841294421557e-06	-5.4722968703858503752e-07	6.6696833896496381162e-07	0	0	0	0
t160726_131132.rf.pcm.dzTf4p	57595.578285105468346	1400.508057000000008	-9.1831677837604374581e-07	-9.1842092223586198305e-07	1.2774421112084428653	-3.5284749019148703224e-07	-5.9362461405914783376e-07	7.2351488280680409614e-07	0	0	0	0
t160726_131132.rf.pcm.dzTf4p	57595.578285042540283	1336.875	3.2118769695416403928e-07	3.2108356298641786095e-07	1.220490076918382627	9.4451302880510636514e-07	-6.5148064783346138717e-07	7.9403032404314228088e-07	0	0	0	0
t160726_131132.rf.pcm.dzTf4p	57595.578284979585437	1280.6130370000000767	-7.534374919569571575e-07	-7.5354162592470333459e-07	1.5778850519999700897	-7.1610893746707278084e-08	-7.0998191419276893947e-07	8.6533218043789480526e-07	0	0	0	0
t160811_130451.rf.pcm.dzTf1p	57611.55364695079961	1373.1710210000001098	-1.8807695598669864086e-06	-1.8805635575915001186e-06	1.5843174993522735061	-1.2514428097778470814e-06	-6.5717192982842592026e-07	7.5339391122402623623e-07	0	0	0	0
t160812_120352.rf.pcm.dzTf4p	57612.530356535886845	1458.6610109999999167	-3.1911026062121780908e-07	-3.1921100160824732603e-07	0.9101328926123819496	2.3778442063238497767e-07	-5.8504660425540518666e-07	6.6769693956288366531e-07	0	0	0	0
t160812_120352.rf.pcm.dzTf4p	57612.530356472939292	1400.4930420000000595	-7.6355792250070196987e-07	-7.6365866348773148661e-07	0.86424820951305925121	-1.5705543677607850064e-07	-6.3465440872642586893e-07	7.2431290674706941295e-07	0	0	0	0
t160812_120352.rf.pcm.dzTf4p	57612.530356409989242	1336.875	-1.4237945680383494655e-06	-1.4238953090253789816e-06	0.99641843820147868449	-7.5545212413445350088e-07	-6.9649436690569836368e-07	7.9488908079345651587e-07	0	0	0	0
t160812_120352.rf.pcm.dzTf4p	57612.530356347092855	1281.0760499999998956	2.5525159302884547473e-06	2.5524151794093531673e-06	1.6697800391049462121	3.2828531740019480515e-06	-7.5848917660736776717e-07	8.6564198249020798745e-07	0	0	0	0
t160930_072203.rf.pcm.dzTf4p	57661.330508040898213	1458.5839840000001004	2.8466102303030766902e-07	2.8487749111803368474e-07	1.0974200534287450459	1.0112937090139051228e-06	-7.5446739991064432106e-07	6.6626619967024295604e-07	0	0	0	0
t160930_072203.rf.pcm.dzTf4p	57661.330507977956792	1400.4969479999999749	3.700168441371720056e-07	3.7023330233282596117e-07	1.1405829425004925248	1.1605320063470938964e-06	-8.183498860290408182e-07	7.2268048797635468492e-07	0	0	0	0
t160930_072203.rf.pcm.dzTf4p	57661.330507915004961	1336.8759769999999207	-4.4369697117518888811e-07	-4.4378745408349194199e-07	0.89361334664071301326	4.2625397020974451254e-07	-8.9809260630800933748e-07	7.9310086584099502086e-07	0	0	0	0
t160930_072203.rf.pcm.dzTf4p	57661.330507852044281	1281.6960449999999128	-2.0223412944788298346e-06	-2.0224317872792049474e-06	1.2057936364934367379	-1.0733958883035084641e-06	-9.7708708099046936626e-07	8.6286047198982893773e-07	0	0	0	0
t161001_071132.rf.pcm.dzTf8p	57662.323106902087517	1474.4840090000000146	-2.3256853798146249529e-08	-2.3040168084834908307e-08	1.6082097227347733615	6.9061601359209758306e-07	-7.4170736369170537434e-07	6.5189994787019577836e-07	0	0	0	0
t161001_071132.rf.pcm.dzTf8p	57662.323106870600494	1448.8270259999999325	-1.3896534068601068385e-06	-1.3897436721428245665e-06	0.98907399527872064127	-6.4958540048934700943e-07	-7.6820945366825044001e-07	6.7519311171745756137e-07	0	0	0	0
t161001_071132.rf.pcm.dzTf8p	57662.323106839143641	1416.741942999999992	-1.4969962372485115116e-07	-1.4978988900756888015e-07	1.0661985052745550639	6.2555780806156157932e-07	-8.0339887908390334245e-07	7.0612173100700682051e-07	0	0	0	0
t161001_071132.rf.pcm.dzTf8p	57662.323106807632001	1384.875	-3.6435975482152611867e-06	-3.643380862501949842e-06	1.1222152583637137191	-2.8306342310428817284e-06	-8.4079781347384099653e-07	7.3899232750120765816e-07	0	0	0	0
t161001_071132.rf.pcm.dzTf8p	57662.323106776202945	1352.875	-2.0320579790412993333e-09	-1.8153722657299581113e-09	1.1938530562240161625	8.5117700642971274196e-07	-8.8104356071021558305e-07	7.7436503904136026987e-07	0	0	0	0
t161001_071132.rf.pcm.dzTf8p	57662.323106744704805	1320.875	-2.3288891094348692417e-06	-2.3289793747175869688e-06	1.4327049420485804543	-1.4327809309805091642e-06	-9.2424962575185068762e-07	8.1233962717987147346e-07	0	0	0	0
t161001_071132.rf.pcm.dzTf8p	57662.323106713253221	1291.4310299999999643	-6.3372185531103077473e-07	-6.3381213048582056367e-07	1.1222152583637137191	3.0501159541849991613e-07	-9.6687490791909336275e-07	8.498037548104881988e-07	0	0	0	0
t161001_071132.rf.pcm.dzTf8p	57662.323106681752968	1262.0019529999999577	-3.1435237777353173467e-06	-3.1436140430180350728e-06	2.1394350762159506374	-2.1591707311366844974e-06	-1.0124944938961234584e-06	8.8989962995175255569e-07	0	0	0	0
t161023_070454.rf.pcm.dzTf2p	57684.316368542470716	1426.3709719999999379	-2.9702346572255740232e-06	-2.9703200358246939937e-06	0.97897566648196654437	-2.1279709637400403161e-06	-8.7040025409942656056e-07	6.9478109860855711177e-07	0	0	0	0
t161023_070454.rf.pcm.dzTf2p	57684.316368416637189	1314.7209470000000238	1.4613119253665426651e-06	1.46122653687535063e-06	1.1130316886966162837	2.4576868318914384573e-06	-1.0245114770308607102e-06	8.1779756676067178648e-07	0	0	0	0
t161205_062620.rf.pcm.dzTf4p	57727.286573650700706	1458.7180180000000291	-2.9226190892270597214e-06	-2.9226358959826581479e-06	1.3683913142488877135	-1.9524196953761106747e-06	-9.982673826213203562e-07	6.6220488382717819576e-07	0	0	0	0
t161205_062620.rf.pcm.dzTf4p	57727.28657358777788	1400.4930420000000595	-1.2306635337073057666e-06	-1.2306803404629041948e-06	1.2416168450619697872	-1.7573349694113233679e-07	-1.0829980255365447409e-06	7.1841131384749546413e-07	0	0	0	0
t161205_062620.rf.pcm.dzTf4p	57727.286573524865673	1336.875	1.3787789158348588493e-06	1.3787621090792604186e-06	1.3380737086839327166	2.5392349706414766445e-06	-1.1885240435769891089e-06	7.8841244381929629574e-07	0	0	0	0
t161205_062620.rf.pcm.dzTf4p	57727.286573461926956	1279.6729740000000675	1.6977271652396623529e-06	1.6977103485919918617e-06	1.9050546942715333998	2.9668132870856916475e-06	-1.2971541205084726687e-06	8.6047266441246777972e-07	0	0	0	0
t161220_053931.rf.pcm.dzTf4p	57742.250204062839135	1458.7180180000000291	-1.8231502383146777582e-06	-1.8231634344639742002e-06	1.6256696914595425429	-7.7062101385662069952e-07	-1.0805936026221263836e-06	6.6213918863153288064e-07	0	0	0	0
t161220_053931.rf.pcm.dzTf4p	57742.250203999893195	1400.5660399999999299	-2.1282403971002092794e-06	-2.1282535833574336607e-06	1.2140603386191763935	-9.8411505878800187624e-07	-1.1721897065842046674e-06	7.1826516426738587413e-07	0	0	0	0
t161220_053931.rf.pcm.dzTf4p	57742.2502039369671	1336.875	-7.1868291349818734101e-07	-7.1869610964748378413e-07	1.1359909547423456821	5.3979326891793469452e-07	-1.2865405605801913616e-06	7.8833422797800329887e-07	0	0	0	0
t161220_053931.rf.pcm.dzTf4p	57742.250203874037428	1279.8389890000000833	3.8177142520112340429e-07	3.8175821915975490021e-07	1.6293455022871419224	1.7574720490029472323e-06	-1.4037650118579652151e-06	8.6016410298657786485e-07	0	0	0	0
t170104_043711.rf.pcm.dzTf4p	57757.210310140725312	1458.7189940000000661	-1.6488189682292446302e-06	-1.6488284845277346653e-06	1.1451749738494330089	-5.1810133657884951559e-07	-1.1587783299636580327e-06	6.6242863333141371166e-07	0	0	0	0
t170104_043711.rf.pcm.dzTf4p	57757.210310077789245	1400.4930420000000595	-1.1008826444955865584e-06	-1.100892160794076594e-06	1.1258887377424136034	1.2819111301093097468e-07	-1.2571344558197804517e-06	7.1865501636801906403e-07	0	0	0	0
t170104_043711.rf.pcm.dzTf4p	57757.210310014827442	1336.875	-2.7765244519674756659e-06	-2.7765339583738936397e-06	0.97713964224867844166	-1.4249570232222438996e-06	-1.3796281171664226231e-06	7.8867989241527671982e-07	0	0	0	0
t170104_043711.rf.pcm.dzTf4p	57757.210309920419956	1279.9620359999998982	-2.2471475744807968328e-06	-2.2471570808872148072e-06	1.4235170028220385241	-7.7016333882236034258e-07	-1.5050449240796273476e-06	8.6037581756327150898e-07	0	0	0	0
t170128_012853.rf.pcm.dzTf8p	57781.080376727994789	1474.5	-1.1506639431826803175e-06	-1.1506674154251415499e-06	1.7249197639097286761	2.5108525775427011367e-08	-1.2038271232153414442e-06	6.4947612591960502478e-07	0	0	0	0
t170128_012853.rf.pcm.dzTf8p	57781.080376696512751	1448.8050539999999273	-2.0867102537758540368e-06	-2.0867137161262432082e-06	0.96245185303595981452	-8.6785873005211002156e-07	-1.2469061680889060696e-06	6.7271767834904607703e-07	0	0	0	0
t170128_012853.rf.pcm.dzTf8p	57781.080376665043516	1416.7370610000000397	-1.916492680993245826e-06	-1.9164961532357070575e-06	0.91380405599829173102	-6.4055461171504977151e-07	-1.3039927235354301689e-06	7.0351641530088109258e-07	0	0	0	0
t170128_012853.rf.pcm.dzTf8p	57781.080376633594742	1384.8780520000000251	2.1782581226153593985e-08	2.1472157987663289998e-08	0.84589705814354632096	1.3581003037240101166e-06	-1.3646793277511197096e-06	7.3625741263658023843e-07	0	0	0	0
t170128_012853.rf.pcm.dzTf8p	57781.080376602109567	1352.875	-1.1856114665069850041e-06	-1.1856149387494462364e-06	0.94225736326176290358	2.163414440542092962e-07	-1.4300075648184284156e-06	7.7150261482643437576e-07	0	0	0	0
t170128_012853.rf.pcm.dzTf8p	57781.080376570616082	1320.875	-3.1106650544551796755e-06	-3.110668526697640906e-06	1.2177344661871005727	-1.6385850778153003492e-06	-1.5001346308971134397e-06	8.0933683068657399871e-07	0	0	0	0
t170128_012853.rf.pcm.dzTf8p	57781.080376539162842	1289.0040280000000621	-1.5585384977520573683e-06	-1.5585419699945186002e-06	1.1855866507272163624	-1.1358964316672855027e-08	-1.5752341876926186281e-06	8.4985375235085063691e-07	0	0	0	0
t170128_012853.rf.pcm.dzTf8p	57781.080376507667278	1263.1899410000000898	-3.6631604462520305932e-06	-3.6631639184944918233e-06	1.9730688074024829159	-2.0509412533688820299e-06	-1.6402738471403826764e-06	8.8494326419127096157e-07	0	0	0	0
t170129_202451.rf.pcm.dzTf8p	57782.867962603625347	2780.5	3.6600773270801614308e-06	3.6601542872756219585e-06	1.927361405451287979	3.9713072322845452015e-06	-3.3920412702369612585e-07	1.8267835601111160056e-07	0	0	0	0
t170129_202451.rf.pcm.dzTf8p	57782.867962603604255	2908.5	1.8376886881456849595e-06	1.8377656483411454897e-06	1.6327800312209685973	2.1197195317216637189e-06	-3.1000506539529111215e-07	1.6695320366067912908e-07	0	0	0	0
t170129_202451.rf.pcm.dzTf8p	57782.867962635045537	3036.5	-7.4764657405217539383e-07	-7.4756961385671486159e-07	0.75102279229948809558	-4.9120064955322019485e-07	-2.8442014631826754971e-07	1.5317444749347167988e-07	0	0	0	0
t170129_202451.rf.pcm.dzTf8p	57782.867962635046187	3164.5	-6.9147390868624364902e-07	-6.9139693859871105643e-07	0.5265325326656686844	-4.5757150092285490719e-07	-2.6187661969062903219e-07	1.4103363299617893804e-07	0	0	0	0
t170129_202451.rf.pcm.dzTf8p	57782.867962635041486	3292.5	-1.097574676246211846e-06	-1.097497706158679253e-06	0.72628232146267879266	-8.8363803164812393474e-07	-2.4191085652532820122e-07	1.30281072809362742e-07	0	0	0	0
t170129_202451.rf.pcm.dzTf8p	57782.867962666558356	3414.486084000000119	2.8478531786834953414e-06	2.8479301487710279304e-06	2.5285333359017370114	3.0448135499187103203e-06	-2.2493458316245527286e-07	1.2113850211767635878e-07	0	0	0	0
p170129_202504.rf.pcm.dzTf1p	57782.868161470023676	726.46997099999998682	-5.3505306405810555992e-06	-5.3507838777509656837e-06	2.3484706447858063605	-4.0980436701620574006e-07	-4.9690306927495328266e-06	2.6760706006884295878e-06	0	0	0	0
t170129_214312.rf.pcm.dzTf1p	57782.909862924551511	3087.3310550000001058	-2.2812026548479713011e-06	-2.2811256847604387068e-06	1.2951446841518241548	-2.0340336107437137502e-06	-2.7514325603149783967e-07	1.4817268180943246019e-07	0	0	0	0
t170209_030121.rf.pcm.dzTf2p	57793.128266956714903	1426.25	-8.7859017741385454218e-07	-8.785905237615447408e-07	1.5172379058922451645	3.9151234073694566999e-07	-1.2981540465132632937e-06	6.9508349100187327836e-07	0	0	0	0
t170209_030121.rf.pcm.dzTf2p	57793.128266830833567	1315.2399900000000343	-5.7772949274254092047e-07	-5.777298390902311193e-07	1.7671947921505180013	9.2075668471848629553e-07	-1.5265377058234902978e-06	8.1736921792689051019e-07	0	0	0	0
t170210_201821.rf.pcm.dzTf4p	57794.86557427872361	1458.7440189999999802	-5.3069905069846153807e-07	-5.3069894201083696621e-07	1.3481794503890898174	6.8300552535512581201e-07	-1.2417556493807356612e-06	6.6460257568072033657e-07	0	0	0	0
t170210_201821.rf.pcm.dzTf4p	57794.865574215775055	1400.4969479999999749	-1.0617076155794039592e-06	-1.0617075068917793868e-06	1.0744628012123556005	2.5743483924242771797e-07	-1.3471935281489799877e-06	7.2103419799753738401e-07	0	0	0	0
t170210_201821.rf.pcm.dzTf4p	57794.865574152828597	1336.875	-1.4116130253601342337e-06	-1.4116129166725096611e-06	1.0606890704621159127	3.880658518766518737e-08	-1.4784706838749477314e-06	7.9129531247790751596e-07	0	0	0	0
t170210_201821.rf.pcm.dzTf4p	57794.865574058398586	1278.5810550000001058	-2.828327363745303329e-06	-2.8283272550576787548e-06	1.6210749414820022629	-1.2400195662122113494e-06	-1.6163588708602402884e-06	8.6509473050029241848e-07	0	0	0	0
t170305_204704.rf.pcm.dzTf2p	57817.871963793953537	1426.2569579999999405	-2.8854270151839996305e-06	-2.8854208327641300726e-06	1.4088164873509907427	-1.6097080745200852941e-06	-1.3037639402588176615e-06	6.9718038030577513725e-07	0	0	0	0
t170305_204704.rf.pcm.dzTf2p	57817.871963668091222	1313.6500240000000304	-9.4113207100135346862e-07	-9.4112588858148391242e-07	1.8057945995570483522	5.6768595092412876058e-07	-1.536863021520385556e-06	8.2182879334512575498e-07	0	0	0	0
t170323_190013.rf.pcm.dzTf8p	57835.814745782899244	1474.5	8.0159041937350393113e-07	8.0160147858489918108e-07	2.0061574336583012368	2.0034701806090226803e-06	-1.2299198840388963822e-06	6.5339268751031893688e-07	0	0	0	0
t170323_190013.rf.pcm.dzTf8p	57835.814745751397204	1448.8010249999999814	-1.8626094664611508888e-06	-1.8625983973576835761e-06	1.4464870153239368644	-6.1670983360526413692e-07	-1.2739397457671923222e-06	6.767781585104000223e-07	0	0	0	0
t170323_190013.rf.pcm.dzTf8p	57835.814745719927355	1416.7370610000000397	-1.7454949897317513571e-06	-1.7454839107362119842e-06	1.173646509943498506	-4.4127853496469307866e-07	-1.3322565577862917885e-06	7.0775885818914485861e-07	0	0	0	0
t170323_190013.rf.pcm.dzTf8p	57835.814745688437693	1385.0319819999999709	-3.340265527181139229e-06	-3.3402544778618160352e-06	1.3095946040778727593	-1.9743570190223575129e-06	-1.3939486408542314053e-06	7.4053266443727901523e-07	0	0	0	0
t170323_190013.rf.pcm.dzTf8p	57835.814745656989935	1352.875	-1.3145081924258884099e-06	-1.3144971332144931581e-06	1.261825727818544074	1.184544354450959473e-07	-1.4610027506743619884e-06	7.7615503758644784623e-07	0	0	0	0
t170323_190013.rf.pcm.dzTf8p	57835.814745625530261	1320.875	-3.1827614132095473215e-07	-3.1826507221748742081e-07	1.1479302133647588668	1.1863335555041430448e-06	-1.5326498097364033486e-06	8.1421740661701544099e-07	0	0	0	0
t170323_190013.rf.pcm.dzTf8p	57835.814745594060859	1289.1540529999999762	-1.6248538405657755436e-07	-1.6247432484518230358e-07	1.1791573110378514855	1.4184770706230775269e-06	-1.6090025774830327134e-06	8.5477967477674426435e-07	0	0	0	0
t170323_190013.rf.pcm.dzTf8p	57835.814745562548072	1263.2020259999999325	-3.7552225184755542942e-06	-3.7552114592641590399e-06	1.8728865580023357218	-2.1074681850818507384e-06	-1.6757944561970811845e-06	8.9026273813661043828e-07	0	0	0	0
t170413_182232.rf.pcm.dzTf1p	57856.77563840199743	1368.4599610000000212	-1.5035071203080030959e-06	-1.5034902346661643657e-06	1.2756048707592078095	-4.501312459768025383e-08	-1.4865282920832569948e-06	7.5902245894146314405e-07	0	0	0	0
t170415_185924.rf.pcm.dzTf4p	57858.816356207163743	1458.8020019999999022	-8.2671668570187710748e-07	-8.2669922631985888441e-07	1.0698715045823732339	4.6199373062333904307e-07	-1.3167441389579708104e-06	6.6790139171896046239e-07	0	0	0	0
t170415_185924.rf.pcm.dzTf4p	57858.816356144225978	1400.5129389999999603	-4.2550444166506786008e-07	-4.2548699217512169756e-07	0.87893029021586810412	9.7509208368872690636e-07	-1.4286302578786214869e-06	7.2465417499102136926e-07	0	0	0	0
t170415_185924.rf.pcm.dzTf4p	57858.816356081279714	1336.875	-7.5852728947032569443e-07	-7.585098201962354112e-07	1.0111078225430181199	7.813178098633909107e-07	-1.5678788120743992049e-06	7.9528619880781611131e-07	0	0	0	0
t170415_185924.rf.pcm.dzTf4p	57858.816356018335842	1279.133057000000008	-8.8496976263486878896e-07	-8.8495230325285056589e-07	1.2168159321378628768	7.9962297482580701187e-07	-1.7126264600934304607e-06	8.6870756669743651262e-07	0	0	0	0
t170428_202144.rf.pcm.dzTf4p	57871.874693750347859	1458.6970209999999497	-3.294096328498912086e-06	-3.294075179374015393e-06	1.267337350750820324	-1.9343420746924788731e-06	-1.3877842866963094029e-06	6.6763601348812651012e-07	0	0	0	0
t170428_202144.rf.pcm.dzTf4p	57871.87469368742385	1400.4880370000000767	-1.7043564042957563692e-06	-1.7043352353867155573e-06	1.1304806277203394149	-2.26842769268473809e-07	-1.5055436481330146313e-06	7.2428775084167813728e-07	0	0	0	0
t170428_202144.rf.pcm.dzTf4p	57871.874693624482894	1336.875	-1.5787892509116072273e-06	-1.5787680820025664157e-06	1.095583427189032566	4.541092738929302592e-08	-1.6522301914066323246e-06	7.9485579248352594598e-07	0	0	0	0
t170428_202144.rf.pcm.dzTf4p	57871.874693530063027	1279.0689700000000357	-2.1191484353964949673e-06	-2.119127266487454155e-06	1.5448044127233988565	-3.4223237430662222393e-07	-1.8049460741956048141e-06	8.6832443220303042834e-07	0	0	0	0
t170623_173654.rf.pcm.dzTf1p	57927.745077488547707	1370.2900389999999788	-1.5503082937979424278e-06	-1.5502706644809933863e-06	1.2076306711660451665	4.249708935774117398e-07	-2.003292740073178009e-06	7.5073190060414483009e-07	0	0	0	0
t170624_105751.rf.pcm.dzTf8p	57928.486092425860381	1474.5	-1.1393569981635986414e-06	-1.1393191413289922148e-06	1.1626250814162328862	5.6720643128261919725e-07	-1.734576754626384295e-06	6.4826841910442180123e-07	0	0	0	0
t170624_105751.rf.pcm.dzTf8p	57928.486092394385484	1448.8010249999999814	-1.4584247339068177151e-06	-1.4583868572880671678e-06	0.89269562793950363311	3.1022066855489591607e-07	-1.7966587078577359668e-06	6.7147048825637690179e-07	0	0	0	0
t170624_105751.rf.pcm.dzTf8p	57928.486092362921493	1416.7370610000000397	-8.3514226797125373565e-07	-8.3510441113664730945e-07	0.80186149755634916758	1.0157482980327043912e-06	-1.8789038911841245836e-06	7.0220822008518238555e-07	0	0	0	0
t170624_105751.rf.pcm.dzTf8p	57928.486092331423485	1384.8869629999999233	-3.1509487769158012752e-06	-3.1509109200811948466e-06	0.84039204119483146282	-1.2126410823858366562e-06	-1.9663210197101310734e-06	7.3487887805455091341e-07	0	0	0	0
t170624_105751.rf.pcm.dzTf8p	57928.486092299963261	1352.875	-2.2022945852306882856e-06	-2.202256728396081858e-06	0.86700102304099613271	-1.6983109249585409034e-07	-2.0604768179150006506e-06	7.7006799866491207887e-07	0	0	0	0
t170624_105751.rf.pcm.dzTf8p	57928.486092268482718	1320.875	-3.0091129635482378341e-06	-3.0090751067136314056e-06	0.97805765298269453645	-8.7560441532086199603e-07	-2.1615218734075422926e-06	8.0783186146265974793e-07	0	0	0	0
t170624_105751.rf.pcm.dzTf8p	57928.486092237016145	1288.978027000000111	-2.6089864040962554822e-06	-2.6089485472616490541e-06	1.034979426820719528	-3.6717644177860951251e-07	-2.2698232874978124246e-06	8.4830766428975806033e-07	0	0	0	0
t170624_105751.rf.pcm.dzTf8p	57928.486092205535058	1263.3840330000000449	-3.4630757600821010703e-06	-3.4627309522514655712e-06	1.6688610601080104967	-1.1280618610047085535e-06	-2.3627202732615299007e-06	8.8302632528750992491e-07	0	0	0	0
t170714_101501.rf.pcm.dzTf4p	57948.456126069766256	1458.75	-1.1001677147715772445e-06	-1.1001237149602214125e-06	1.3573665992440491213	7.5881540313856938481e-07	-1.8869903001135636803e-06	6.5923509989044479049e-07	0	0	0	0
t170714_101501.rf.pcm.dzTf4p	57948.456126006818835	1400.6009520000000066	-1.5332575764895180648e-06	-1.5332135865702342925e-06	1.1855866507272163624	4.8566325297179897904e-07	-2.0469280215568061546e-06	7.1511061765101334084e-07	0	0	0	0
t170714_101501.rf.pcm.dzTf4p	57948.456125943846583	1336.875	-4.111652175139107682e-06	-4.1116081753277518469e-06	1.267337350750820324	-1.8929349575112998396e-06	-2.2467243998312248903e-06	7.8491107485940495894e-07	0	0	0	0
t170714_101501.rf.pcm.dzTf4p	57948.456125849475818	1279.0200199999999313	-4.0959356803600017522e-07	-4.0954957811671640421e-07	1.6661041264606779588	2.0169765810509332768e-06	-2.454577341182422564e-06	8.575261566955022027e-07	0	0	0	0
t170803_140811.rf.pcm.dzTf8p	57968.617197572245857	1474.4360349999999471	-6.8615104406306393173e-07	-6.8610073310973367063e-07	1.1506854682732134965	1.2164625694398636782e-06	-1.9306144845643702318e-06	6.4146065439047204218e-07	0	0	0	0
t170803_140811.rf.pcm.dzTf8p	57968.617197540778278	1448.7969969999999194	-3.7289258591037041634e-07	-3.7284225517289603516e-07	0.97713964224867844166	1.5986569789451793141e-06	-1.9995504161328482322e-06	6.6436511729948145003e-07	0	0	0	0
t170803_140811.rf.pcm.dzTf8p	57968.617197509287095	1416.7469479999999749	-2.099039534550288868e-06	-2.0989892235969586057e-06	0.86057784764629163821	-3.5997897551260105002e-08	-2.0910425080604713836e-06	6.9476402796459651994e-07	0	0	0	0
t170803_140811.rf.pcm.dzTf8p	57968.617197477818713	1384.8769529999999577	-1.8551527730817859697e-06	-1.8551024621284557076e-06	0.86516581003147086104	3.0523804767983810547e-07	-2.188391691823066696e-06	7.2710899984448382726e-07	0	0	0	0
t170803_140811.rf.pcm.dzTf8p	57968.617197446329254	1352.875	-3.4327337579913840901e-06	-3.4323764762578806354e-06	0.9110506783370998507	-1.1672796317873433945e-06	-2.2931480264853101239e-06	7.6191505129779225008e-07	0	0	0	0
t170803_140811.rf.pcm.dzTf8p	57968.617197414868826	1320.875	-2.5012689902491240691e-06	-2.5012186792957938062e-06	0.95878002050422017621	-1.2366666529357389054e-07	-2.4056031960169927986e-06	7.992790964378340807e-07	0	0	0	0
t170803_140811.rf.pcm.dzTf8p	57968.617197383364068	1289.7120359999998982	-5.4005959208728545649e-06	-5.4002386391393511081e-06	1.1718095890083652932	-2.9050302617020718322e-06	-2.5232595594520521589e-06	8.383712759525650751e-07	0	0	0	0
t170803_140811.rf.pcm.dzTf8p	57968.617197351914047	1262.3559569999999894	-3.5703684874915425043e-06	-3.5700112057580390494e-06	1.6817268163034011508	-9.642564932128142253e-07	-2.6338058945599977071e-06	8.7510109703022452112e-07	0	0	0	0
t170925_104612.rf.pcm.dzTf2p	58021.472748501917962	1426.1540529999999762	-1.9756753851822421465e-06	-1.9756078422393829562e-06	1.2232457004573400461	1.2711523629494958345e-07	-2.1307742605491054226e-06	6.7086070449584893087e-07	0	0	0	0
t170925_104612.rf.pcm.dzTf2p	58021.472748407483127	1314.0999759999999696	-3.8092333704134424345e-06	-3.809165857146799423e-06	1.3270494123268832265	-1.3275650170633752413e-06	-2.5096520220981970647e-06	7.9014795456999224763e-07	0	0	0	0
t171013_101432.rf.pcm.dzTf1p	58039.4428177569417	1374.1049800000000687	-2.6479988172398398897e-06	-2.6479252401330239556e-06	1.2168159321378628768	-4.0097095259092215839e-07	-2.2750054695568746802e-06	7.1596510873903408965e-07	0	0	0	0
t171105_084612.rf.pcm.dzTf2p	58062.381629061979083	1426.1850589999999102	-1.4639117871420532015e-06	-1.463830335945877322e-06	1.4124915942989495488	5.9821978249415117818e-07	-2.0901013004548013832e-06	6.561463593773554907e-07	0	0	0	0
t171105_084612.rf.pcm.dzTf2p	58062.381628967566385	1316.7669679999999062	-1.3848364524783036842e-06	-1.3847549814979836844e-06	1.5576690008392597431	1.0390853664341477666e-06	-2.451891529946904334e-06	7.697233146982438716e-07	0	0	0	0
t171106_090743.rf.pcm.dzTf1p	58063.387481202784279	1384.2099610000000212	-7.7641592463468426429e-07	-7.7633412721598627744e-07	1.3849286583108317839	1.4143031878302790108e-06	-2.2186884970610381712e-06	6.9613582403394106433e-07	0	0	0	0
t171210_042353.rf.pcm.dzTf1p	58097.185645164558366	1369.4890139999999974	2.1269868170219022992e-07	2.1279240895979285851e-07	2.1375967235797701527	2.500050582852172609e-06	-2.3153093559071526335e-06	6.96425143720259068e-07	0	0	0	0
t171211_003450.rf.pcm.dzTf2p	58098.042180381995294	1426.2950439999999617	-2.5149443446212273433e-06	-2.5148503107093908448e-06	1.2599885304465734404	-4.0642309682222834955e-07	-2.1364783959019353782e-06	6.4169552814044315744e-07	0	0	0	0
t171211_003450.rf.pcm.dzTf2p	58098.042180256107574	1312.9479980000000978	-2.7656799613172099436e-06	-2.7655859274053734449e-06	1.3858474090059473838	-2.7235059326508455115e-07	-2.5212865161550617767e-06	7.5727341124981875188e-07	0	0	0	0
t171228_041341.rf.pcm.dzTf4p	58115.194155898177922	1458.7170410000001084	-3.59164332730320018e-06	-3.5915431108463260338e-06	1.2195715385805927511	-1.5371460021128530861e-06	-2.0824482907482458307e-06	6.0649863081291101045e-07	0	0	0	0
t171228_041341.rf.pcm.dzTf4p	58115.194155866719022	1400.4880370000000767	-2.5284949896408672437e-06	-2.5283947731839930989e-06	1.17089113095075259	-2.9723111382869701932e-07	-2.2592148413700689625e-06	6.579806635158054142e-07	0	0	0	0
t171228_041341.rf.pcm.dzTf4p	58115.194155803775523	1336.875	-2.6227069058852416659e-06	-2.6226066696442234003e-06	1.2857097543570208398	-1.7132556846269467381e-07	-2.4793322831963016094e-06	7.2208834285838043282e-07	0	0	0	0
t171228_041341.rf.pcm.dzTf4p	58115.194155709386255	1279.6779790000000503	-5.1926676323430463301e-07	-5.1916654677743048998e-07	2.1320816720393445109	2.158702229934629226e-06	-2.7059199587268325989e-06	7.8808043298292612764e-07	0	0	0	0
t171230_025135.rf.pcm.dzTf4p	58117.137147871790578	1458.7440189999999802	-1.2196083715983732343e-06	-1.219507413236094573e-06	1.2416168450619697872	8.3972257269805623422e-07	-2.0872811679489236902e-06	6.0568703042403003253e-07	0	0	0	0
t171230_025135.rf.pcm.dzTf4p	58117.137147840305033	1400.5050049999999828	-2.4586185005194428703e-06	-2.4585175421571642077e-06	1.214978868350639063	-2.2208188393922516923e-07	-2.2644868402327119215e-06	6.5710855386307048824e-07	0	0	0	0
t171230_025135.rf.pcm.dzTf4p	58117.137147777356088	1336.875	-3.0233915859349344974e-06	-3.0232906275726558345e-06	1.1313990111057565802	-5.6616365305738524695e-07	-2.4851781565300434705e-06	7.2114873697220984818e-07	0	0	0	0
t171230_025135.rf.pcm.dzTf4p	58117.137147682952619	1279.4549560000000383	-2.1468484332051483889e-06	-2.1467474847349417869e-06	1.4924286188805933051	5.3844707278681603791e-07	-2.7132457395365307078e-06	7.8732936444420617218e-07	0	0	0	0
t180113_025243.rf.pcm.dzTf4p	58131.138145360882042	1458.7380370000000767	-1.3588290175093506853e-07	-1.3577682918740126708e-07	1.1222152583637137191	1.9619332199517335529e-06	-2.125761231153907703e-06	6.0011499917542017301e-07	0	0	0	0
t180113_025243.rf.pcm.dzTf4p	58131.138145329384521	1400.4880370000000767	-2.4096365109310322236e-06	-2.4095304284754263597e-06	0.94317526285540176367	-1.3131086384448715675e-07	-2.3062707466457120859e-06	6.5107390567996151853e-07	0	0	0	0
t180113_025243.rf.pcm.dzTf4p	58131.138145266425862	1336.875	-3.8136230763108920089e-06	-3.8135169938552861438e-06	1.4327049420485804543	-1.3105952860079503662e-06	-2.5309728898621086605e-06	7.1450865306282659867e-07	0	0	0	0
t180113_025243.rf.pcm.dzTf4p	58131.138145172019772	1279.5209959999999683	-3.1636122811289352426e-06	-3.1635062085654014385e-06	2.0070765681900168964	-4.2859951531419387226e-07	-2.7629578752659804492e-06	7.7999939004204772851e-07	0	0	0	0
t180127_231804.rf.pcm.dzTf2p	58145.989604943271964	1426.25	-1.3117653285770987026e-06	-1.3116537065611391087e-06	1.1157867401049084144	9.3284395341202518608e-07	-2.2725488419879371778e-06	6.2198224399717228861e-07	0	0	0	0
t180127_231804.rf.pcm.dzTf2p	58145.989604817359922	1313.7030030000000806	-3.6639110270037449916e-06	-3.6637994247719295157e-06	1.2535583805357373155	-1.013236477431516525e-06	-2.6786141293551858737e-06	7.3311974494800505886e-07	0	0	0	0
t180308_233101.rf.pcm.dzTf2p	58186.001346170664494	1426.2290040000000317	-2.3258516695721978168e-06	-2.3257248533335537021e-06	1.1479302133647588668	2.8582670067217052177e-08	-2.3823587054155436373e-06	6.0986049085558534656e-07	0	0	0	0
t180308_233101.rf.pcm.dzTf2p	58186.001346044759838	1313.6970209999999497	-4.0398389370131541547e-06	-4.0397121207745100381e-06	0.97530362910764856199	-1.2597752827894186543e-06	-2.8079880199998642668e-06	7.1881742598002834672e-07	0	0	0	0
t180423_201933.rf.pcm.dzTf2p	58231.872673251407182	1426.2299800000000687	-2.5861389721288220583e-06	-2.585994073182451835e-06	1.3931974493986281072	-2.6313134231828840501e-07	-2.3509139128789363129e-06	6.0442501266520862129e-07	0	0	0	0
t180423_201933.rf.pcm.dzTf2p	58231.872673125526397	1314.8580320000000938	-2.2376990827158875561e-06	-2.2375541837695173331e-06	1.5328588468577080128	5.0043250208803566734e-07	-2.7660378678723258834e-06	7.1115427238701348017e-07	0	0	0	0
Finished general2 plugin
Finishing off: time taken = 5.23 (s)
