
The following have been reloaded with a version change:
  1) astropy/3.1.2-python-3.6.4 => astropy/2.0.3-python-2.7.14
  2) numpy/1.16.3-python-3.6.4 => numpy/1.14.1-python-2.7.14
  3) python/3.6.4 => python/2.7.14
  4) scipy/1.3.0-python-3.6.4 => scipy/1.0.0-python-2.7.14
  5) tempo2/cf86df0 => tempo2/b381f57


The following have been reloaded with a version change:
  1) tempo2/b381f57 => tempo2/cf86df0


The following have been reloaded with a version change:
  1) numpy/1.14.1-python-2.7.14 => numpy/1.16.3-python-3.6.4
  2) python/2.7.14 => python/3.6.4


The following have been reloaded with a version change:
  1) scipy/1.0.0-python-2.7.14 => scipy/1.3.0-python-3.6.4


The following have been reloaded with a version change:
  1) astropy/2.0.3-python-2.7.14 => astropy/3.1.2-python-3.6.4

J0613-0200
J0711-6830
J1017-7156
J1022+1001
J1024-0719
J1045-4509
J1125-6014
J1446-4701
J1545-4550
J1600-3053
J1603-7202
J1643-1224
J1713+0747
J1730-2304
J1732-5049
J1744-1134
J1824-2452A
J1832-0836
J1857+0943
J1909-3744
J1939+2134
J2124-3358
J2129-5721
J2145-0750
J2241-5236
