This program comes with ABSOLUTELY NO WARRANTY.
This is free software, and you are welcome to redistribute it
under conditions of GPL license.

[tempo2Util.C:395] Warning: [TIM1] Please place MODE flags in the parameter file 
Updating TOA errors using TN parameters.
[clkcorr.C:157] Note, using '/home/dreardon/tempo2/clock' to look for extra clock files
[tempo2Util.C:396] [TROP2] Assume standard atmospheric pressure (no data) for site pks at MJD 56260.3
[tempo2Util.C:396] [TROP1] Assume zero zenith wet delay (no data) for site pks  at MJD 56260.3
[tempo2Util.C:400] Warning: [DUP1] duplicated warnings have been suppressed.
[TKfit.C:344] SVD nparams=81 nconst=64 ndata=326
[t2fit_nestlike.C:143] 0 param_red_dm_sin 0 -0.000816042 0.000295815
[t2fit_nestlike.C:143] 0 param_red_dm_sin 1 -0.000269254 0.000138124
[t2fit_nestlike.C:143] 0 param_red_dm_sin 2 -4.3173e-05 8.48572e-05
[t2fit_nestlike.C:143] 0 param_red_dm_sin 3 -8.5675e-05 7.06335e-05
[t2fit_nestlike.C:143] 0 param_red_dm_sin 4 -7.44294e-05 6.45989e-05
[t2fit_nestlike.C:143] 0 param_red_dm_sin 5 4.85269e-06 5.27601e-05
[t2fit_nestlike.C:143] 0 param_red_dm_sin 6 4.74867e-05 3.82183e-05
[t2fit_nestlike.C:143] 0 param_red_dm_sin 7 1.41934e-05 3.23858e-05
[t2fit_nestlike.C:143] 0 param_red_dm_sin 8 -1.70283e-05 2.99002e-05
[t2fit_nestlike.C:143] 0 param_red_dm_sin 9 -1.7519e-06 2.60247e-05
[t2fit_nestlike.C:143] 0 param_red_dm_sin 10 -5.85452e-06 2.45752e-05
[t2fit_nestlike.C:143] 0 param_red_dm_sin 11 -4.71257e-06 2.09046e-05
[t2fit_nestlike.C:143] 0 param_red_dm_sin 12 -4.69154e-07 1.87671e-05
[t2fit_nestlike.C:143] 0 param_red_dm_sin 13 7.42657e-06 1.72095e-05
[t2fit_nestlike.C:143] 0 param_red_dm_sin 14 3.0638e-07 1.57176e-05
[t2fit_nestlike.C:143] 0 param_red_dm_sin 15 -3.26029e-06 1.4679e-05
[t2fit_nestlike.C:143] 0 param_red_dm_sin 16 -2.18459e-06 1.35249e-05
[t2fit_nestlike.C:143] 0 param_red_dm_sin 17 8.58929e-07 1.25546e-05
[t2fit_nestlike.C:143] 0 param_red_dm_sin 18 -1.0064e-06 1.17437e-05
[t2fit_nestlike.C:143] 0 param_red_dm_sin 19 -2.33436e-06 1.09164e-05
[t2fit_nestlike.C:143] 0 param_red_dm_sin 20 1.24966e-06 1.02102e-05
[t2fit_nestlike.C:143] 0 param_red_dm_sin 21 6.13746e-07 9.66421e-06
[t2fit_nestlike.C:143] 0 param_red_dm_sin 22 -2.02337e-06 9.09743e-06
[t2fit_nestlike.C:143] 0 param_red_dm_sin 23 6.98642e-07 8.60202e-06
[t2fit_nestlike.C:143] 0 param_red_dm_sin 24 -1.64503e-08 8.12052e-06
[t2fit_nestlike.C:143] 0 param_red_dm_sin 25 -2.0649e-08 7.71487e-06
[t2fit_nestlike.C:143] 0 param_red_dm_sin 26 1.35465e-06 7.34427e-06
[t2fit_nestlike.C:143] 0 param_red_dm_sin 27 -1.56253e-06 6.97058e-06
[t2fit_nestlike.C:143] 0 param_red_dm_sin 28 1.28452e-07 6.66629e-06
[t2fit_nestlike.C:143] 0 param_red_dm_sin 29 -5.03371e-07 6.35992e-06
[t2fit_nestlike.C:143] 0 param_red_dm_sin 30 -1.30147e-06 6.085e-06
[t2fit_nestlike.C:143] 0 param_red_dm_sin 31 2.21713e-07 5.82866e-06
[t2fit_nestlike.C:143] 0 param_red_dm_cos 0 0.000237293 0.000540042
[t2fit_nestlike.C:143] 0 param_red_dm_cos 1 -3.28325e-05 0.000135707
[t2fit_nestlike.C:143] 0 param_red_dm_cos 2 -7.37069e-05 9.15793e-05
[t2fit_nestlike.C:143] 0 param_red_dm_cos 3 6.66584e-05 6.38937e-05
[t2fit_nestlike.C:143] 0 param_red_dm_cos 4 -5.34644e-05 6.6813e-05
[t2fit_nestlike.C:143] 0 param_red_dm_cos 5 -7.74828e-05 5.16211e-05
[t2fit_nestlike.C:143] 0 param_red_dm_cos 6 -1.68459e-06 3.93683e-05
[t2fit_nestlike.C:143] 0 param_red_dm_cos 7 -9.71757e-06 3.39947e-05
[t2fit_nestlike.C:143] 0 param_red_dm_cos 8 1.8783e-05 2.86111e-05
[t2fit_nestlike.C:143] 0 param_red_dm_cos 9 8.3913e-06 2.59912e-05
[t2fit_nestlike.C:143] 0 param_red_dm_cos 10 -1.17306e-05 2.33747e-05
[t2fit_nestlike.C:143] 0 param_red_dm_cos 11 2.87705e-07 2.07957e-05
[t2fit_nestlike.C:143] 0 param_red_dm_cos 12 -4.00898e-06 1.89509e-05
[t2fit_nestlike.C:143] 0 param_red_dm_cos 13 -3.56071e-06 1.73567e-05
[t2fit_nestlike.C:143] 0 param_red_dm_cos 14 -1.73841e-06 1.59328e-05
[t2fit_nestlike.C:143] 0 param_red_dm_cos 15 5.20271e-06 1.45119e-05
[t2fit_nestlike.C:143] 0 param_red_dm_cos 16 2.7428e-06 1.35057e-05
[t2fit_nestlike.C:143] 0 param_red_dm_cos 17 -3.73014e-06 1.25452e-05
[t2fit_nestlike.C:143] 0 param_red_dm_cos 18 -6.93542e-07 1.16513e-05
[t2fit_nestlike.C:143] 0 param_red_dm_cos 19 -8.43282e-08 1.09547e-05
[t2fit_nestlike.C:143] 0 param_red_dm_cos 20 -1.96105e-06 1.02875e-05
[t2fit_nestlike.C:143] 0 param_red_dm_cos 21 2.67355e-06 9.61737e-06
[t2fit_nestlike.C:143] 0 param_red_dm_cos 22 -2.03056e-06 9.08312e-06
[t2fit_nestlike.C:143] 0 param_red_dm_cos 23 -1.17115e-06 8.57859e-06
[t2fit_nestlike.C:143] 0 param_red_dm_cos 24 4.27976e-07 8.14459e-06
[t2fit_nestlike.C:143] 0 param_red_dm_cos 25 1.16704e-07 7.71821e-06
[t2fit_nestlike.C:143] 0 param_red_dm_cos 26 3.35863e-07 7.3251e-06
[t2fit_nestlike.C:143] 0 param_red_dm_cos 27 6.49155e-07 6.9976e-06
[t2fit_nestlike.C:143] 0 param_red_dm_cos 28 6.07905e-07 6.65514e-06
[t2fit_nestlike.C:143] 0 param_red_dm_cos 29 -1.67848e-07 6.36457e-06
[t2fit_nestlike.C:143] 0 param_red_dm_cos 30 -1.31361e-06 6.08826e-06
[t2fit_nestlike.C:143] 0 param_red_dm_cos 31 5.58414e-08 5.83308e-06
[tempo2.C:565] Complete fit
Looking for /fred/oz002/rshannon/tempo2/plugins//general2_linux_64_plug.t2
Starting general2 plugin
s121129_062200.rf.pcm.dzTf4p	56260.282507215093759	1458.7230219999999008	-1.8391063941382188881e-06	-1.8458169021267853097e-06	1.5102422237069124122	-1.5028399077328861572e-06	-2.9726420141946177527e-07	1.1324013414116822019e-06	0	0	0	0	ERROR: Neither Tasc not T0 set...
inf
s121129_062200.rf.pcm.dzTf4p	56260.282507152175292	1400.5129389999999603	2.2948018998091947213e-07	2.2276968199235304866e-07	1.0744561134460464125	5.9097082868465612181e-07	-3.2248835371786569586e-07	1.2284904888374085166e-06	0	0	0	0	ERROR: Neither Tasc not T0 set...
inf
s121129_062200.rf.pcm.dzTf4p	56260.282507089229092	1336.875	-9.8019755719957512804e-08	-1.0473025381645187562e-07	1.1417803977883422828	2.9490382464348131967e-07	-3.53921285485495818e-07	1.3482314252175869128e-06	0	0	0	0	ERROR: Neither Tasc not T0 set...
inf
s121129_062200.rf.pcm.dzTf4p	56260.282507026276988	1279.9899900000000343	-9.3537106301106099112e-07	-9.4238853188772854501e-07	1.4616092992359210889	-5.1059766301828308961e-07	-3.8607807589500807811e-07	1.4707298360864682754e-06	0	0	0	0	ERROR: Neither Tasc not T0 set...
inf
t130604_124421.rf.pcm.dzTf4p	56447.559422066917225	1457.9980470000000423	-1.7248049457247319825e-06	-1.7241777421766739626e-06	1.4400988475678038192	-1.6380976246187963034e-06	-4.0367324583440281877e-08	1.0190798236781289498e-06	0	0	0	0	ERROR: Neither Tasc not T0 set...
inf
t130604_124421.rf.pcm.dzTf4p	56447.559422004002929	1400.4239500000001044	7.0445339145612754333e-07	7.0477365390022855023e-07	1.2605409336260056108	7.9424115504765584017e-07	-4.3754708172989912648e-08	1.1045948877094669212e-06	0	0	0	0	ERROR: Neither Tasc not T0 set...
inf
t130604_124421.rf.pcm.dzTf4p	56447.559421941037559	1336.875	-1.2790655968597652865e-06	-1.2790523051958374697e-06	1.1754438562670361801	-1.1853261359943542193e-06	-4.8013376227045873188e-08	1.2121056733389175158e-06	0	0	0	0	ERROR: Neither Tasc not T0 set...
inf
t130604_124421.rf.pcm.dzTf4p	56447.559421878112957	1276.2099610000000212	2.59410899499516115e-07	2.5942419116344393056e-07	1.6075103048344194789	3.5782351325110453209e-07	-5.2686529113223224239e-08	1.3300801979146783047e-06	0	0	0	0	ERROR: Neither Tasc not T0 set...
inf
t130604_190051.rf.pcm.dzTf2p	56447.812500369471941	1426.3800049999999828	6.1565948178400792105e-07	6.1597974917414495802e-07	1.1941461188211914823	7.0414894179405690196e-07	-4.2456399645474566645e-08	1.064454663110619439e-06	0	0	0	0	ERROR: Neither Tasc not T0 set...
inf
t130604_190051.rf.pcm.dzTf2p	56447.812500243596993	1313.021972999999889	1.4687274021930602472e-06	1.4687407136411321822e-06	1.0604307106096608759	1.5645571904170285853e-06	-5.0103683801459025813e-08	1.2561851803792089871e-06	0	0	0	0	ERROR: Neither Tasc not T0 set...
inf
t130620_181221.rf.pcm.dzTf4p	56463.775078292054591	1458.7440189999999802	1.7749095468133218988e-06	1.7752303632134582778e-06	1.8609794593249351369	1.8949755305325167843e-06	-7.4032374344621129194e-08	9.9916116191896079908e-07	0	0	0	0	ERROR: Neither Tasc not T0 set...
inf
t130620_181221.rf.pcm.dzTf4p	56463.77507822907393	1400.4880370000000767	-1.5300483867603176708e-06	-1.5297275753062173192e-06	1.0389254533894807242	-1.4036952729291844016e-06	-8.031950940259554025e-08	1.0840140579878978912e-06	0	0	0	0	ERROR: Neither Tasc not T0 set...
inf
t130620_181221.rf.pcm.dzTf4p	56463.775078166144297	1336.875	-4.25912431519733891e-07	-4.2589857106166261152e-07	1.1838598453307260794	-2.9204066301057216073e-07	-8.8145115076653073505e-08	1.1896305745679450773e-06	0	0	0	0	ERROR: Neither Tasc not T0 set...
inf
t130620_181221.rf.pcm.dzTf4p	56463.775078103213918	1278.6109619999999722	6.1345613154538338626e-07	6.1346999200345466481e-07	1.0314454704688928999	7.5554416364501607128e-07	-9.6361378667124029184e-08	1.3005195177346681469e-06	0	0	0	0	ERROR: Neither Tasc not T0 set...
inf
t130704_163512.rf.pcm.dzTf4p	56477.720026441093523	1458.9820560000000569	-3.1753050429231677076e-06	-3.1749837220273562525e-06	1.5831930269574836512	-3.0204908736466813578e-06	-1.0878005540623751731e-07	9.8197743247296346237e-07	0	0	0	0	ERROR: Neither Tasc not T0 set...
inf
t130704_163512.rf.pcm.dzTf4p	56477.720026378198284	1400.4909669999999551	9.0015012757139873669e-07	9.004714484672101884e-07	1.2904661855811134785	1.0642403741048921883e-06	-1.1805613266324462263e-07	1.0657142775964063094e-06	0	0	0	0	ERROR: Neither Tasc not T0 set...
inf
t130704_163512.rf.pcm.dzTf4p	56477.720026315260679	1336.875	1.3151733363961861837e-06	1.3154946572919976352e-06	1.4008193443708960579	1.4907664457405106287e-06	-1.2955899547407561616e-07	1.1695527229338263104e-06	0	0	0	0	ERROR: Neither Tasc not T0 set...
inf
t130704_163512.rf.pcm.dzTf4p	56477.720026252293433	1277.7390139999999974	-8.3041757323413522751e-07	-8.3040320333435284561e-07	1.5167890237609247261	-6.4286146799452706047e-07	-1.4182894236538840784e-07	1.2803157766441464237e-06	0	0	0	0	ERROR: Neither Tasc not T0 set...
inf
t130722_153301.rf.pcm.dzTf8p	56495.675981860765994	1474.5	6.5716108648046950474e-07	6.5748303552285678156e-07	1.0613657318135039098	8.037412793386889066e-07	-1.0054545084139474775e-07	9.3943101942460695501e-07	0	0	0	0	ERROR: Neither Tasc not T0 set...
inf
t130722_153301.rf.pcm.dzTf8p	56495.675981829286922	1448.8010249999999814	-2.2579164014020274789e-08	-2.2257210025596967167e-08	0.97347763396195963193	1.2759963968755655823e-07	-1.041440567387161481e-07	9.7305404170362951724e-07	0	0	0	0	ERROR: Neither Tasc not T0 set...
inf
t130722_153301.rf.pcm.dzTf8p	56495.675981829265119	1416.7469479999999749	-1.9060517386572952739e-06	-1.9060367505030091264e-06	1.0417304614168689803	-1.751414045199745103e-06	-1.0890991232882664612e-07	1.0175830833916542147e-06	0	0	0	0	ERROR: Neither Tasc not T0 set...
inf
t130722_153301.rf.pcm.dzTf8p	56495.675981797820608	1384.875	3.9995405151250074542e-07	4.0027600055488802245e-07	1.0407954578742537599	5.5996936484866674596e-07	-1.1398057131934134622e-07	1.0649600081700767556e-06	0	0	0	0	ERROR: Neither Tasc not T0 set...
inf
t130722_153301.rf.pcm.dzTf8p	56495.675981734846197	1352.875	-2.3647639811271878923e-06	-2.3647489880268657142e-06	1.0492105206573865139	-2.1995998133557519792e-06	-1.1943638169667635768e-07	1.1159355350259366006e-06	0	0	0	0	ERROR: Neither Tasc not T0 set...
inf
t130722_153301.rf.pcm.dzTf8p	56495.675981703393216	1320.875	-7.902306644827670274e-07	-7.9021567632848088084e-07	1.1165333581107692584	-6.1920938356581431723e-07	-1.2529349978822918632e-07	1.1706606197464569407e-06	0	0	0	0	ERROR: Neither Tasc not T0 set...
inf
t130722_153301.rf.pcm.dzTf8p	56495.67598167190955	1289.8110349999999471	-1.8668630438435613502e-06	-1.8668480507432391727e-06	1.2399676104521664133	-1.6897339144115039223e-06	-1.3140134335729787303e-07	1.2277283194697238543e-06	0	0	0	0	ERROR: Neither Tasc not T0 set...
inf
t130722_153301.rf.pcm.dzTf8p	56495.675981640491138	1261.9179690000000846	2.6946441421794417491e-06	2.6943521793376988217e-06	1.522400577583733039	2.8773394288284827477e-06	-1.3727445651634654854e-07	1.2826028514888791236e-06	0	0	0	0	ERROR: Neither Tasc not T0 set...
inf
s130724_094153.rf.pcm.dzTf2p	56497.43260595560513	717.67700200000001587	-2.9461547682887408299e-06	-2.9505429936563025182e-06	4.4127552716106324127	-2.5005352295424173568e-06	-4.0429497113944778406e-07	3.9562547643513987613e-06	0	0	0	0	ERROR: Neither Tasc not T0 set...
inf
s130724_094153.rf.pcm.dzTf2p	56497.432606144412816	746.25598100000001978	-4.6347736685501501669e-06	-4.6388549429216827826e-06	4.2267611230984876158	-4.2192203840829567566e-06	-3.7392176586428864883e-07	3.6590358065534120535e-06	0	0	0	0	ERROR: Neither Tasc not T0 set...
inf
t130724_094153.rf.pcm.dzTf1p	56497.432721234725143	3106.1740719999997964	9.52671010885394384e-07	9.5430276424324125835e-07	1.6068422701328459734	1.0215981340771663414e-06	-2.1582576859487705752e-08	2.1119841836706754165e-07	0	0	0	0	ERROR: Neither Tasc not T0 set...
inf
t130809_132251.rf.pcm.dzTf4p	56513.585349040333529	1458.6629640000001018	-1.3961857714226718444e-06	-1.3961701056614495713e-06	1.4690912346229274554	-1.3215174291338336319e-06	-2.8939883553178562113e-08	9.368589319391843875e-07	0	0	0	0	ERROR: Neither Tasc not T0 set...
inf
t130809_132251.rf.pcm.dzTf4p	56513.585348977413513	1400.4949950000000172	5.385690309474324398e-07	5.3858469670865471128e-07	0.80053684361740695685	6.1569126705615003012e-07	-3.139377737305794155e-08	1.0162978150520543334e-06	0	0	0	0	ERROR: Neither Tasc not T0 set...
inf
t130809_132251.rf.pcm.dzTf4p	56513.585348914472672	1336.875	6.7426372727513808605e-07	6.7397244204033128607e-07	0.91270929975777648213	7.5413808056776607848e-07	-3.4452845552997415114e-08	1.115327756359869182e-06	0	0	0	0	ERROR: Neither Tasc not T0 set...
inf
t130809_132251.rf.pcm.dzTf4p	56513.585348851525815	1279.4790040000000317	2.9028452627293032459e-07	2.8968629004209445377e-07	1.3839854604241963454	3.7301229127627709906e-07	-3.7613208259745268001e-08	1.2176368614300981165e-06	0	0	0	0	ERROR: Neither Tasc not T0 set...
inf
s130811_134732.rf.pcm.dzTf1p	56515.602246164249483	730.87097200000005159	1.7474652442293173657e-06	1.7430776569004035583e-06	4.9335226062257913071	1.8639398041105664003e-06	-7.5149354235725464663e-08	3.7211878050257160952e-06	0	0	0	0	ERROR: Neither Tasc not T0 set...
inf
t130811_134731.rf.pcm.dzTf2p	56515.602406195355311	2870.6179200000001401	-1.3194467620296351383e-07	-1.3092616206834674553e-07	1.0262804461860972616	-8.0342151841392120309e-08	-4.8712172525172479258e-09	2.4121934540463393049e-07	0	0	0	0	ERROR: Neither Tasc not T0 set...
inf
t130811_134731.rf.pcm.dzTf2p	56515.602406258289403	3331	-8.5054590210986768371e-07	-8.4952739292128694496e-07	1.252542636520769026	-8.0019684613448877926e-07	-3.6177538123607884166e-09	1.7914869645008572073e-07	0	0	0	0	ERROR: Neither Tasc not T0 set...
inf
s130812_132922.rf.pcm.dzTf1p	56516.58965945180119	732.39898700000003373	-2.2080926860144045453e-06	-2.2127871798250231496e-06	4.1754824035936559667	-2.111773666127501674e-06	-5.5300720723084098232e-08	3.7005628884091870437e-06	0	0	0	0	ERROR: Neither Tasc not T0 set...
inf
t130812_132921.rf.pcm.dzTf2p	56516.589728185022896	2870.6179200000001401	2.8177243544571078833e-06	2.8190498492639699014e-06	1.7079219204138551547	2.8683623298633225396e-06	-3.5996876249152607981e-09	2.4088648452051030835e-07	0	0	0	0	ERROR: Neither Tasc not T0 set...
inf
t130812_132921.rf.pcm.dzTf2p	56516.589728247927976	3331	-4.071600601913638496e-07	-4.0614150648845884009e-07	1.4662224727349855158	-3.5775529886680302138e-07	-2.6734146472184414168e-09	1.7890148744867942837e-07	0	0	0	0	ERROR: Neither Tasc not T0 set...
inf
t130831_130241.rf.pcm.dzTf1p	56535.552441801178912	1368.4620359999998982	1.8178084907709040939e-06	1.8172110656899771609e-06	1.3952080367267791772	1.7836768164508547268e-06	7.9247042213559811354e-08	1.0316684424301613271e-06	0	0	0	0	ERROR: Neither Tasc not T0 set...
inf
t130914_100001.rf.pcm.dzTf4p	56549.441754714718577	1458.7440189999999802	-8.9840299493980480145e-07	-8.9930681706072543038e-07	1.3568644559131091132	-9.7524779626786624674e-07	1.2165377218157819359e-07	8.8958693621165909731e-07	0	0	0	0	ERROR: Neither Tasc not T0 set...
inf
t130914_100001.rf.pcm.dzTf4p	56549.44175465179843	1400.5019529999999577	1.0253015023287484942e-06	1.024090714373690702e-06	1.0379904524520073839	9.3782101715564089996e-07	1.3198249019248717938e-07	9.6511515620955172275e-07	0	0	0	0	ERROR: Neither Tasc not T0 set...
inf
t130914_100001.rf.pcm.dzTf4p	56549.441754588845676	1336.875	1.314709842506385104e-07	1.3026020618765277926e-07	1.168898120611030933	3.1128451773460539253e-08	1.448445473886296173e-07	1.0591682887877013708e-06	0	0	0	0	ERROR: Neither Tasc not T0 set...
inf
t130914_100001.rf.pcm.dzTf4p	56549.441754525901068	1279.1450199999999313	-5.8512946706874543438e-08	-5.9723729715896304548e-08	1.1651577136543345148	-1.7222467247716523049e-07	1.5821373573570630323e-07	1.1569297921964002165e-06	0	0	0	0	ERROR: Neither Tasc not T0 set...
inf
s130915_111232.rf.pcm.dzTf1p	56550.491931591747726	732.62200900000004822	-2.0537699270818737923e-06	-2.0590770369151827089e-06	4.2687378051429094583	-2.512883774072406708e-06	4.9951953013166137652e-07	3.5213541939108141373e-06	0	0	0	0	ERROR: Neither Tasc not T0 set...
inf
t130915_111232.rf.pcm.dzTf1p	56550.491985785211121	3106.1740719999997964	-2.3724776705386777204e-06	-2.3723786838544920927e-06	1.7247917832153316642	-2.3544541665125190585e-06	2.7788275632464343192e-08	1.9589259420417112664e-07	0	0	0	0	ERROR: Neither Tasc not T0 set...
inf
t130928_062202.rf.pcm.dzTf8p	56563.289034782088482	1474.5	-3.3681366244488045389e-06	-3.3693468732859350446e-06	1.5476526915040760279	-3.5119653748183090069e-06	1.8833129450681133967e-07	8.5287298148669745572e-07	0	0	0	0	ERROR: Neither Tasc not T0 set...
inf
t130928_062202.rf.pcm.dzTf8p	56563.289034750651233	1448.8010249999999814	-4.3440889543145815208e-07	-4.3561915416066072055e-07	1.2652167222204793173	-5.8497819010261497405e-07	1.950718289163916308e-07	8.8339801916306887358e-07	0	0	0	0	ERROR: Neither Tasc not T0 set...
inf
t130928_062202.rf.pcm.dzTf8p	56563.289034750644262	1417.2779539999999088	-1.0366535553860734931e-06	-1.0378638042232040008e-06	1.2184594015423642066	-1.1959969116106112293e-06	2.0384590036184460586e-07	9.2313208726509286593e-07	0	0	0	0	ERROR: Neither Tasc not T0 set...
inf
t130928_062202.rf.pcm.dzTf8p	56563.28903471920195	1384.8840330000000449	1.459971019141917299e-06	1.4584538094166856576e-06	1.0286404914894977658	1.290672821623208535e-06	2.1349378076791449991e-07	9.6682326857638317703e-07	0	0	0	0	ERROR: Neither Tasc not T0 set...
inf
t130928_062202.rf.pcm.dzTf8p	56563.289034687718651	1352.875	4.1464803705897065855e-07	4.1343777832976808947e-07	1.0781962510719713677	2.3543474879308616652e-07	2.2371582251111930023e-07	1.0131145844675099383e-06	0	0	0	0	ERROR: Neither Tasc not T0 set...
inf
t130928_062202.rf.pcm.dzTf8p	56563.28903462476605	1320.875	-4.6536950814053403224e-07	-4.6719365896972268307e-07	1.0716510184847585219	-6.5616763297139552657e-07	2.3468676697611022079e-07	1.0627973661242940267e-06	0	0	0	0	ERROR: Neither Tasc not T0 set...
inf
t130928_062202.rf.pcm.dzTf8p	56563.289034593302208	1288.9000240000000304	1.7080406869419964445e-07	1.6897990797293893286e-07	1.2184594015423642066	-3.1782698466172233367e-08	2.4647539941354854352e-07	1.1161831106745964534e-06	0	0	0	0	ERROR: Neither Tasc not T0 set...
inf
t130928_062202.rf.pcm.dzTf8p	56563.289034561814837	1263.3129879999999048	-1.2259817606708577336e-06	-1.2278059213921184438e-06	1.9900569414704214477	-1.4386538213890588058e-06	2.5656069297137773928e-07	1.1618551520854624404e-06	0	0	0	0	ERROR: Neither Tasc not T0 set...
inf
t130930_094233.rf.pcm.dzTf2p	56565.428071052528612	2870.6179200000001401	1.224896258046296527e-07	1.2228224512503776067e-07	1.3429705373452645034	1.1464580964079381688e-07	5.3349228458681321076e-08	2.2429977010760288627e-07	0	0	0	0	ERROR: Neither Tasc not T0 set...
inf
t130930_094233.rf.pcm.dzTf2p	56565.428071115484187	3331	1.2600419501036027866e-06	1.2598345842621189841e-06	1.7153017195780562165	1.2659259913988383465e-06	3.9621385837718014956e-08	1.6658287236936771108e-07	0	0	0	0	ERROR: Neither Tasc not T0 set...
inf
s130930_094234.rf.pcm.dzTf1p	56565.428092295505014	732.10400400000003174	-2.7747811683968849126e-06	-2.7803946406479353161e-06	4.0970436364719811095	-3.5549081053701243652e-06	8.2022625769662642647e-07	3.4485301996282621882e-06	0	0	0	0	ERROR: Neither Tasc not T0 set...
inf
t131014_082842.rf.pcm.dzTf2p	56579.375417874273726	1426.2530520000000251	2.6748088857226378555e-06	2.6729853630400250272e-06	1.2455784926989550421	2.3811395226742113038e-06	3.3755863334025110086e-07	8.8979293528018889845e-07	0	0	0	0	ERROR: Neither Tasc not T0 set...
inf
t131014_082842.rf.pcm.dzTf2p	56579.375417748361823	1311.6379389999999603	3.3493685978733317531e-07	3.3280639600076333787e-07	1.1314945072410553806	-2.0610884074775288861e-08	3.9913007304997600403e-07	1.0520931346100593133e-06	0	0	0	0	ERROR: Neither Tasc not T0 set...
inf
s131015_100003.rf.pcm.dzTf1p	56580.437397019409598	732.98699999999996635	-2.3343220147022661281e-06	-2.339934903321064978e-06	4.4445326229314154887	-3.6133426086061921942e-06	1.3191204982595645935e-06	3.363542186179618839e-06	0	0	0	0	ERROR: Neither Tasc not T0 set...
inf
t131015_100003.rf.pcm.dzTf2p	56580.437406114677227	2870.6179200000001401	8.1900011379634795915e-07	8.1848638059108663951e-07	1.6320884854415189658	7.7819364940715892222e-07	8.600552415836509458e-08	2.1930000130428254605e-07	0	0	0	0	ERROR: Neither Tasc not T0 set...
inf
t131015_100003.rf.pcm.dzTf2p	56580.437406177618211	3331	6.961973988701515486e-07	6.9537670972282512784e-07	1.6163076446438280342	6.7721495090845271634e-07	6.3874551788809788791e-08	1.6286964587769843633e-07	0	0	0	0	ERROR: Neither Tasc not T0 set...
inf
t131026_055741.rf.pcm.dzTf2p	56591.269530038212288	1426.2530520000000251	-1.7011184088527170566e-06	-1.7032484027658640314e-06	1.2998179237936740016	-2.1256648406331759253e-06	4.6812923084174927129e-07	8.740829244126356156e-07	0	0	0	0	ERROR: Neither Tasc not T0 set...
inf
t131026_055741.rf.pcm.dzTf2p	56591.269529912359836	1311.3859860000000026	1.0955855744952709003e-06	1.0931486295860948519e-06	1.4148476690950999579	5.8513167464049721335e-07	5.5372974792003501583e-07	1.0339147549723835648e-06	0	0	0	0	ERROR: Neither Tasc not T0 set...
inf
t131129_030031.rf.pcm.dzTf2p	56625.144029187129295	1426.2559810000000198	1.1742857226499200735e-06	1.1715432413110195671e-06	1.1230788391777377644	3.5232566422479856373e-07	8.6493037006065838062e-07	8.318502954265164912e-07	0	0	0	0	ERROR: Neither Tasc not T0 set...
inf
t131129_030031.rf.pcm.dzTf2p	56625.14402906125078	1311.5040280000000621	1.718864914536065608e-06	1.7161224331971651011e-06	1.1118580355013887306	7.3892658900873130594e-07	1.0229086371628711724e-06	9.8378653702736761606e-07	0	0	0	0	ERROR: Neither Tasc not T0 set...
inf
s131129_071152.rf.pcm.dzTf1p	56625.309901757776551	732.92297399999995378	2.7539629464418789713e-06	2.7477380105945332687e-06	5.9939161742042239567	-4.8880666343116602487e-07	3.2822574670001366708e-06	3.1493446635480739225e-06	0	0	0	0	ERROR: Neither Tasc not T0 set...
inf
t131129_071152.rf.pcm.dzTf2p	56625.309943771868578	2870.6179200000001401	1.1179388183267192021e-06	1.1165060720587738719e-06	1.7574944281999587137	9.4825582336541268573e-07	2.1396304166779856348e-07	2.0529863099669374161e-07	0	0	0	0	ERROR: Neither Tasc not T0 set...
inf
t131129_071152.rf.pcm.dzTf2p	56625.309943834784288	3331	-1.1888449486883620366e-06	-1.1902776949563073648e-06	1.5396047086048676444	-1.3034708967432154258e-06	1.5890599476134543834e-07	1.5247111322805896456e-07	0	0	0	0	ERROR: Neither Tasc not T0 set...
inf
t131217_031754.rf.pcm.dzTf4p	56643.155476271606169	1458.7440189999999802	9.5910547732219882882e-07	9.5636376756491902106e-07	1.72629301368433552	-5.4625283717317296299e-09	1.007539088911088128e-06	7.7554861724015945551e-07	0	0	0	0	ERROR: Neither Tasc not T0 set...
inf
t131217_031754.rf.pcm.dzTf4p	56643.155476208677989	1400.5959470000000238	2.1884791057567858505e-06	2.1857373959995060418e-06	1.2278107625073000353	1.1385151480655005845e-06	1.0929350409084428346e-06	8.4128176229086127968e-07	0	0	0	0	ERROR: Neither Tasc not T0 set...
inf
t131217_031754.rf.pcm.dzTf4p	56643.155476145729924	1336.875	1.6998286209554227207e-06	1.6970869111981429123e-06	1.2942068754687694465	5.4319412572187000214e-07	1.1996055784507102874e-06	9.2339092262269290428e-07	0	0	0	0	ERROR: Neither Tasc not T0 set...
inf
t131217_031754.rf.pcm.dzTf4p	56643.155476082758813	1279.3890380000000278	-7.8003545976631887504e-07	-7.8277717941567074171e-07	1.6972985006938110519	-2.0468940741871326418e-06	1.3098296877458992776e-06	1.0082354287192816572e-06	0	0	0	0	ERROR: Neither Tasc not T0 set...
inf
t131218_044532.rf.pcm.dzTf1p	56644.19863132505429	3106.1740719999997964	-7.1770776501459485639e-08	-7.3202716565531905669e-08	2.018749999069066714	-2.5193339947691202505e-07	2.2444347588581749667e-07	1.7080495825940985505e-07	0	0	0	0	ERROR: Neither Tasc not T0 set...
inf
s131219_055323.rf.pcm.dzTf1p	56645.258866399103674	732.90399200000001656	4.8777376429408301421e-06	4.8715135726497897083e-06	4.6931960074616823064	8.450500108507325443e-07	4.0721763547734945413e-06	3.0636166439655045919e-06	0	0	0	0	ERROR: Neither Tasc not T0 set...
inf
t131219_055322.rf.pcm.dzTf4p	56645.258911937933153	2746.1899410000000898	6.7522788331313422866e-09	5.0134322873541218709e-09	0.68992962408115710016	-2.393150422862979102e-07	2.9004126754808940936e-07	2.1820636957064686792e-07	0	0	0	0	ERROR: Neither Tasc not T0 set...
inf
t131219_055322.rf.pcm.dzTf4p	56645.258911969388176	2968.7429200000001401	-1.3912823257088100177e-06	-1.3930211722545872368e-06	1.3617304434605164154	-1.5954935086734780922e-06	2.4818512939332823261e-07	1.8671679552980427334e-07	0	0	0	0	ERROR: Neither Tasc not T0 set...
inf
t140110_034853.rf.pcm.dzTf4p	56667.176977220723327	2746.1899410000000898	-1.1486663344394163428e-06	-1.1500972605661025881e-06	1.2162918041821406678	-1.4572130986371207845e-06	3.5282863104545557372e-07	2.1207096223451162102e-07	0	0	0	0	ERROR: Neither Tasc not T0 set...
inf
t140110_034853.rf.pcm.dzTf4p	56667.176977252220549	2968.7429200000001401	1.0993041329796497685e-06	1.0978732117989995516e-06	1.4484288572567003417	8.4167441754180553106e-07	3.0191158723163139781e-07	1.8146679481172214229e-07	0	0	0	0	ERROR: Neither Tasc not T0 set...
inf
t140110_034853.rf.pcm.dzTf4p	56667.176977252211092	3228.5	2.8188440125100068555e-07	2.8076043601241557076e-07	1.1060218442930533911	7.1189354630342745179e-08	2.5528387435651020287e-07	1.53440770098886534e-07	0	0	0	0	ERROR: Neither Tasc not T0 set...
inf
t140110_034853.rf.pcm.dzTf4p	56667.176977283689023	3459	8.6339911134528820871e-07	8.6196819016463799197e-07	1.6626159807954921099	6.8528658690231811312e-07	2.2239439623675725614e-07	1.3367224036156107377e-07	0	0	0	0	ERROR: Neither Tasc not T0 set...
inf
s140110_034852.rf.pcm.dzTf1p	56667.17714134305103	732.59698500000001786	3.1402302381180152648e-06	3.1343140734079577163e-06	4.4022187192746766726	-1.7778454661846888128e-06	4.9578723325670839064e-06	2.979970795251547074e-06	0	0	0	0	ERROR: Neither Tasc not T0 set...
inf
t140111_040522.rf.pcm.dzTf4p	56668.18838837176213	1458.7440189999999802	1.4948405178944281847e-07	1.4705039599422679887e-07	1.3718277293283711593	-1.0689315081379790277e-06	1.2616946971066432039e-06	7.5065675447653290504e-07	0	0	0	0	ERROR: Neither Tasc not T0 set...
inf
t140111_040522.rf.pcm.dzTf4p	56668.188388308825029	1400.5009769999999207	6.0809506373990702885e-07	6.0566140794469100884e-07	0.95384425524675198194	-7.1744352955282425897e-07	1.3688177304719526451e-06	8.1439057961863761813e-07	0	0	0	0	ERROR: Neither Tasc not T0 set...
inf
t140111_040522.rf.pcm.dzTf4p	56668.188388245875288	1336.875	-2.5130937760786413244e-08	-2.7871544552031504093e-08	1.2511893931357005449	-1.4843694486670998238e-06	1.502210697089505697e-06	8.9375394097736687752e-07	0	0	0	0	ERROR: Neither Tasc not T0 set...
inf
t140111_040522.rf.pcm.dzTf4p	56668.188388182970893	1279.6009520000000066	3.2593028505117385136e-06	3.2565622387744573903e-06	1.5195947994201564057	1.6625790032272129561e-06	1.6396960285216818115e-06	9.7555209217027531671e-07	0	0	0	0	ERROR: Neither Tasc not T0 set...
inf
t140219_201853.rf.pcm.dzTf1p	56707.847761330576652	1368.1359860000000026	3.6590682355746947509e-06	3.6575572405437349505e-06	1.4522569081829197479	1.7103037026645585041e-06	1.9929663308536138236e-06	8.1919757591220844792e-07	0	0	0	0	ERROR: Neither Tasc not T0 set...
inf
t140321_220850.rf.pcm.dzTf4p	56737.945365642703656	1458.7440189999999802	1.8590452914991127458e-06	1.8584565788606528643e-06	1.4270056133557098565	-1.1368161073420785024e-07	2.0178509825692980918e-06	7.0926748435727100923e-07	0	0	0	0	ERROR: Neither Tasc not T0 set...
inf
t140321_220850.rf.pcm.dzTf4p	56737.94536557975497	1400.5090330000000449	1.3166779051001852313e-06	1.316089193079979854e-06	1.0819364011621250832	-8.2734760290700817672e-07	2.189149588961425408e-06	7.6947833887621321753e-07	0	0	0	0	ERROR: Neither Tasc not T0 set...
inf
t140321_220850.rf.pcm.dzTf4p	56737.945365516842731	1336.875	3.9233563421617572321e-06	3.9227676301415518531e-06	1.2334216044855093042	1.5659678815945680923e-06	2.4025125415214211381e-06	8.4447466234605733673e-07	0	0	0	0	ERROR: Neither Tasc not T0 set...
inf
t140321_220850.rf.pcm.dzTf4p	56737.945365453858539	1279.5770259999999325	3.1359302091829179397e-07	3.1269735542903933101e-07	1.4036250029979748799	-2.2640832232538484657e-06	2.622493371657325174e-06	9.2179714641290942985e-07	0	0	0	0	ERROR: Neither Tasc not T0 set...
inf
t140322_172920.rf.pcm.dzTf2p	56738.751416075511649	2870.6179200000001401	1.1336890669626908619e-06	1.1341031705483912813e-06	1.1142338670419866808	6.57483381388015012e-07	5.2233258213481364659e-07	1.8311630539603417663e-07	0	0	0	0	ERROR: Neither Tasc not T0 set...
inf
t140322_172920.rf.pcm.dzTf2p	56738.751416138439673	3331	-1.091907020593371043e-07	-1.0877659600061866871e-07	1.1049957473958438303	-4.509895768547715515e-07	3.8792577382859026008e-07	1.359967516609423963e-07	0	0	0	0	ERROR: Neither Tasc not T0 set...
inf
s140322_172920.rf.pcm.dzTf1p	56738.751444022073148	732.3670039999999517	1.7117767100764529323e-05	1.7114309887543060691e-05	4.1993594167357750635	9.1351084868019812264e-06	8.0249141937155168427e-06	2.8133272868781291232e-06	0	0	0	0	ERROR: Neither Tasc not T0 set...
inf
t140409_215432.rf.pcm.dzTf2p	56756.937423262761936	1426.1450199999999313	1.190816515742131087e-06	1.190842626294939958e-06	1.0632357766690023748	-9.6684235365220500813e-07	2.2033977729215823434e-06	7.406414155441342212e-07	0	0	0	0	ERROR: Neither Tasc not T0 set...
inf
t140409_215432.rf.pcm.dzTf2p	56756.937423136891038	1312.1560059999999339	2.393506449195970031e-06	2.393532560367033405e-06	1.0090058684764047214	-1.6360584208556657989e-07	2.6028511954270373622e-06	8.7491210977284606081e-07	0	0	0	0	ERROR: Neither Tasc not T0 set...
inf
s140410_213122.rf.pcm.dzTf1p	56757.906476501572502	732.55102499999998145	8.6743855290532766231e-06	8.6715431495334033151e-06	5.2939760657928260912	3.5444101264646149603e-07	8.3628149298613791964e-06	2.8073197498127253175e-06	0	0	0	0	ERROR: Neither Tasc not T0 set...
inf
t140410_213122.rf.pcm.dzTf2p	56757.906490600648397	2870.6179200000001401	2.0450368922224168938e-06	2.0460658363105121698e-06	1.115260772095618691	1.5471788363388913219e-06	5.445997929460582252e-07	1.8281711826390472804e-07	0	0	0	0	ERROR: Neither Tasc not T0 set...
inf
t140410_213122.rf.pcm.dzTf2p	56757.90649066354537	3331	-1.8806248982032863747e-06	-1.879595960297736133e-06	1.1162877657071472726	-2.2383463452114392642e-06	4.0446317788814050862e-07	1.3577455147244410989e-07	0	0	0	0	ERROR: Neither Tasc not T0 set...
inf
t140411_184514.rf.pcm.dzTf4p	56758.806112068174642	2746.1899410000000898	2.4521918391190460018e-07	2.4594121409924103224e-07	1.3159020947948931735	-3.041473692161877959e-07	5.9580137628986620543e-07	1.9977606188787164612e-07	0	0	0	0	ERROR: Neither Tasc not T0 set...
inf
t140411_184514.rf.pcm.dzTf4p	56758.806112099650729	2968.7429200000001401	6.6681054929088155152e-07	6.6783953171075606225e-07	0.95429547460274444237	2.0373162613559760797e-07	5.0982069854959583157e-07	1.7094618353428514566e-07	0	0	0	0	ERROR: Neither Tasc not T0 set...
inf
t140411_184514.rf.pcm.dzTf4p	56758.806112099657685	3228.5	1.2678273817677094643e-06	1.2688563716066380196e-06	0.82251031120659623408	8.8348599766350311784e-07	4.31083166917572279e-07	1.4454497900944434279e-07	0	0	0	0	ERROR: Neither Tasc not T0 set...
inf
t140411_184514.rf.pcm.dzTf4p	56758.806112131094533	3459	-1.7002793719561310333e-06	-1.6995573417687945996e-06	1.720573735827373163	-2.0293891493040278491e-06	3.7554460050967062696e-07	1.2592253783378526925e-07	0	0	0	0	ERROR: Neither Tasc not T0 set...
inf
s140411_184514.rf.pcm.dzTf2p	56758.806143854162197	717.54303000000004431	1.0968634803022524427e-05	1.0965792468635229892e-05	4.8312732466337049431	2.2844693338356027877e-06	8.7270359277740644814e-06	2.9262315781175639629e-06	0	0	0	0	ERROR: Neither Tasc not T0 set...
inf
s140411_184514.rf.pcm.dzTf2p	56758.806144042956966	746.65100099999995109	8.1639283485303742063e-06	8.1613929663756177521e-06	4.4846015554334615061	1.4724830430475237031e-07	8.0598574550453027591e-06	2.702522321416660944e-06	0	0	0	0	ERROR: Neither Tasc not T0 set...
inf
t140411_195302.rf.pcm.dzTf8p	56758.85322288765672	2680.9108890000002248	9.2657527099169045449e-07	9.2729729994251787851e-07	1.9668365629592143851	3.4780184677406925326e-07	6.2520824614288600255e-07	2.0962427797208391248e-07	0	0	0	0	ERROR: Neither Tasc not T0 set...
inf
t140411_195302.rf.pcm.dzTf8p	56758.853222887643518	2781.4199220000000423	-2.1406750973016093878e-07	-2.1334548077933351382e-07	1.4055637761229065053	-7.4847244189678313039e-07	5.8083975409188699386e-07	1.9474809364745595522e-07	0	0	0	0	ERROR: Neither Tasc not T0 set...
inf
t140411_195302.rf.pcm.dzTf8p	56758.853222919127667	2908.5	9.0400352365352165154e-07	9.0503251225594119955e-07	1.0916648666056616435	4.1955355859521502496e-07	5.3119174663516355188e-07	1.7810175575226430733e-07	0	0	0	0	ERROR: Neither Tasc not T0 set...
inf
t140411_195302.rf.pcm.dzTf8p	56758.853222919113449	3034.092040999999881	-3.2442822990334115079e-07	-3.2339924130092160164e-07	0.87903672524865383853	-7.658124611898067303e-07	4.8812601286332250595e-07	1.6366236951159115983e-07	0	0	0	0	ERROR: Neither Tasc not T0 set...
inf
t140411_195302.rf.pcm.dzTf8p	56758.853222919124082	3164.5	5.9459342775478051372e-07	5.9531546288815297565e-07	1.0466669799003687213	1.9230430086977535221e-07	4.4872395499281500073e-07	1.5045136664597107483e-07	0	0	0	0	ERROR: Neither Tasc not T0 set...
inf
t140411_195302.rf.pcm.dzTf8p	56758.85322295059164	3292.5	2.7918713119884559804e-07	2.8021611856475613905e-07	1.2618769318253175715	-8.8583832777054412234e-08	4.1451274431624792857e-07	1.389807880284679212e-07	0	0	0	0	ERROR: Neither Tasc not T0 set...
inf
t140411_195302.rf.pcm.dzTf8p	56758.853222950578914	3420.5	-8.2032374989121440181e-07	-8.1929476747133988994e-07	1.1193692754515160992	-1.1576518683145233589e-06	3.8406989381762084621e-07	1.2877369208233409722e-07	0	0	0	0	ERROR: Neither Tasc not T0 set...
inf
t140411_195302.rf.pcm.dzTf8p	56758.853222950568238	3523	-1.7427219117834711142e-06	-1.7416929244175605714e-06	1.7859951439152563779	-2.0580264773126109506e-06	3.6204634586948775658e-07	1.2138947991760889023e-07	0	0	0	0	ERROR: Neither Tasc not T0 set...
inf
s140411_195302.rf.pcm.dzTf2p	56758.85333033040666	717.60302699999999732	1.0520725122418961251e-05	1.0517882786795157709e-05	4.6959994476104505168	1.8374793795683776632e-06	8.7261162002012174227e-06	2.9257540650993816665e-06	0	0	0	0	ERROR: Neither Tasc not T0 set...
inf
s140411_195302.rf.pcm.dzTf2p	56758.853330519218318	746.58599900000001526	9.1752801795315413398e-06	9.1727447973767848856e-06	4.5914325167089184987	1.1566981724752215268e-06	8.0617594178760007361e-06	2.7030038154563345195e-06	0	0	0	0	ERROR: Neither Tasc not T0 set...
inf
t140424_210232.rf.pcm.dzTf1p	56771.90243069362085	3106.1740719999997964	2.3543709747312648787e-07	2.3677367572847749682e-07	1.468316587765683412	-1.8786359240644733243e-07	4.7035006110936220655e-07	1.5659763622881103517e-07	0	0	0	0	ERROR: Neither Tasc not T0 set...
inf
s140424_210232.rf.pcm.dzTf1p	56771.902725515945015	732.76300000000003365	1.1819974180905007895e-05	1.1817746402004781981e-05	4.3223933395420059966	3.4117267125984825005e-06	8.4517324823807368577e-06	2.8139071288738994429e-06	0	0	0	0	ERROR: Neither Tasc not T0 set...
inf
t140427_212321.rf.pcm.dzTf2p	56774.909380847056106	1426.2070309999999154	3.7874915949327911203e-06	3.7881324959093800418e-06	1.1417803977883422828	1.6025300802193570973e-06	2.2313152086644603219e-06	7.4359989773867785724e-07	0	0	0	0	ERROR: Neither Tasc not T0 set...
inf
t140427_212321.rf.pcm.dzTf2p	56774.90938072114459	1311.8409420000000409	1.4810781710210279574e-06	1.4814121191468242978e-06	1.082871440617064307	-1.1102004425921357313e-06	2.6373253547133974064e-06	8.789053453028429472e-07	0	0	0	0	ERROR: Neither Tasc not T0 set...
inf
t140521_141032.rf.pcm.dzTf2p	56798.618558574457492	1426.3070070000001124	2.8516418039526903927e-06	2.8525908485382461477e-06	1.0566906340041981593	7.2025176554144084865e-07	2.1780518759712426764e-06	7.5386498392400973867e-07	0	0	0	0	ERROR: Neither Tasc not T0 set...
inf
t140521_141032.rf.pcm.dzTf2p	56798.61855844856462	1311.6009520000000066	2.1558185107879425199e-06	2.1567675553734982758e-06	1.0398604551976780019	-3.7319312114973725019e-07	2.5756734694976729032e-06	8.9148934397591382425e-07	0	0	0	0	ERROR: Neither Tasc not T0 set...
inf
t140927_055922.rf.pcm.dzTf8p	56927.273190083492839	1474.5	3.5482864630637976873e-06	3.5480145984394631401e-06	1.5757108207244889808	2.1099613861793540058e-06	1.4837660052345465117e-06	8.330662181601643747e-07	0	0	0	0	ERROR: Neither Tasc not T0 set...
inf
t140927_055922.rf.pcm.dzTf8p	56927.273190083500328	1448.8010249999999814	4.1953464729343325107e-06	4.1950746033639619328e-06	1.5186595405881329057	2.7039161642605971179e-06	1.5368712320778021923e-06	8.6288235516207094108e-07	0	0	0	0	ERROR: Neither Tasc not T0 set...
inf
t140927_055922.rf.pcm.dzTf8p	56927.273190051995147	1417.3389890000000833	1.2601051406599235636e-06	1.2595263200935239168e-06	1.3353549265614195196	-3.0062022763202741771e-07	1.6058593406999887118e-06	9.0161599817563163083e-07	0	0	0	0	ERROR: Neither Tasc not T0 set...
inf
t140927_055922.rf.pcm.dzTf8p	56927.273190020493107	1384.8790280000000621	-1.404095398051494764e-06	-1.4046742260369484539e-06	0.95477916702916454383	-3.0409819669392681013e-06	1.6820205338767570249e-06	9.4437699752618925694e-07	0	0	0	0	ERROR: Neither Tasc not T0 set...
inf
t140927_055922.rf.pcm.dzTf8p	56927.273189989032932	1352.875	-4.514515185519192766e-07	-4.5172338812228985068e-07	1.2624112476088984458	-2.1685532152048887933e-06	1.7625426200570363201e-06	9.8958643728506793414e-07	0	0	0	0	ERROR: Neither Tasc not T0 set...
inf
t140927_055922.rf.pcm.dzTf8p	56927.273189926104628	1320.875	7.6748607030682311266e-07	7.6690724479438743622e-07	1.4111067748212107187	-1.0363570499201630073e-06	1.8489770876889878208e-06	1.0381154067118560633e-06	0	0	0	0	ERROR: Neither Tasc not T0 set...
inf
t140927_055922.rf.pcm.dzTf8p	56927.273189894650642	1289.6679690000000846	2.2551515774680806721e-06	2.2545727569016810246e-06	1.5214653179184687293	3.607437523158949175e-07	1.9395417975602234844e-06	1.0889633167641236582e-06	0	0	0	0	ERROR: Neither Tasc not T0 set...
inf
t141010_082303.rf.pcm.dzTf2p	56940.371885163070978	1426.4389650000000529	3.0377039305868381885e-07	3.028853658746776341e-07	1.1137281624265129576	-1.3070363643277254093e-06	1.6556345231768404207e-06	9.0783887710555323345e-07	0	0	0	0	ERROR: Neither Tasc not T0 set...
inf
t141010_082303.rf.pcm.dzTf2p	56940.371885037223311	1311.7320560000000569	3.5136360802730562358e-06	3.5127510506160320337e-06	1.2034973367985404291	1.6006085174629118915e-06	1.9578553261275575195e-06	1.0735564864226500623e-06	0	0	0	0	ERROR: Neither Tasc not T0 set...
inf
t141011_094043.rf.pcm.dzTf4p	56941.425771236430457	2968.7429200000001401	4.272974388868737903e-07	4.2710829918816097035e-07	1.6984353847921220826	8.8695430805113363878e-08	3.8412566135748498376e-07	2.0992132924341759521e-07	0	0	0	0	ERROR: Neither Tasc not T0 set...
inf
t141011_094043.rf.pcm.dzTf4p	56941.425771267904036	3459	6.3279273112264888245e-07	6.322966379548889758e-07	0.72518305784416370319	3.9505442642273233592e-07	2.8295500450659401716e-07	1.5463244617937442795e-07	0	0	0	0	ERROR: Neither Tasc not T0 set...
inf
p141011_094056.rf.pcm.dzTf1p	56941.425861307033593	731.51397699999995439	5.2144827735955984644e-06	5.2118843937799264112e-06	2.228912332739657387	-1.0690473268808487952e-06	6.3266445136352125836e-06	3.4574551188064922201e-06	0	0	0	0	ERROR: Neither Tasc not T0 set...
inf
t141129_033703.rf.pcm.dzTf2p	56990.169386507933826	1426.2509769999999207	3.0657630782361834011e-06	3.0639600989142216641e-06	1.2324864628479861306	9.566924522373065301e-07	2.1529804396513525113e-06	9.7660364041064789144e-07	0	0	0	0	ERROR: Neither Tasc not T0 set...
inf
t141129_033703.rf.pcm.dzTf2p	56990.169386382047957	1312.9610600000000886	2.9749475777304920049e-06	2.9731446008815482831e-06	1.6047044568309816182	4.7830414491040921948e-07	2.540553248945576441e-06	1.1524087756414010191e-06	0	0	0	0	ERROR: Neither Tasc not T0 set...
inf
t150107_233831.rf.pcm.dzTf4p	57030.003127472076901	1458.7440189999999802	1.814634767831458812e-06	1.8128342021750797731e-06	1.4971486654507011327	-4.2418396882593060333e-07	2.2827309639754477537e-06	9.8419858864090324281e-07	0	0	0	0	ERROR: Neither Tasc not T0 set...
inf
t150107_233831.rf.pcm.dzTf4p	57030.003127409152366	1400.5050049999999828	3.3586372798248029632e-06	3.3571436701104890247e-06	1.1155982921788420992	9.2632656038356599886e-07	2.4765299027013604031e-06	1.0677549274567835284e-06	0	0	0	0	ERROR: Neither Tasc not T0 set...
inf
t150107_233831.rf.pcm.dzTf4p	57030.003127346206014	1336.875	3.0182463444026407811e-06	3.0164457836922977715e-06	1.2483839406589125609	3.4427216234091131741e-07	2.7178864143258238314e-06	1.1718156957655102823e-06	0	0	0	0	ERROR: Neither Tasc not T0 set...
inf
t150107_233831.rf.pcm.dzTf4p	57030.003127283258461	1278.9160159999998996	2.5737978540621203193e-06	2.5719972884057412796e-06	1.6991691087476235023	-3.5210121162718896217e-07	2.9698112930073676191e-06	1.2804330115081937768e-06	0	0	0	0	ERROR: Neither Tasc not T0 set...
inf
t150108_033941.rf.pcm.dzTf2p	57030.170571777665927	2870.6179200000001401	1.5994784464800152442e-06	1.5980667629065041676e-06	1.2732922294627824211	1.0542676985508208805e-06	5.8951185733012066446e-07	2.5420230784075213578e-07	0	0	0	0	ERROR: Neither Tasc not T0 set...
inf
t150108_033941.rf.pcm.dzTf2p	57030.170571840605909	3331	1.3898069798507917912e-06	1.3883953012233167449e-06	1.0538125222000447323	9.9628964055145555706e-07	4.3781845364629856513e-07	1.8879087834120379081e-07	0	0	0	0	ERROR: Neither Tasc not T0 set...
inf
p150108_033952.rf.pcm.dzTf1p	57030.170615617115999	731.51397699999995439	1.0381834460827782886e-05	1.0378627452730969798e-05	2.1889454710005940008	1.3461751045090875589e-06	9.0781651411963196159e-06	3.9145787895424871203e-06	0	0	0	0	ERROR: Neither Tasc not T0 set...
inf
t150222_011222.rf.pcm.dzTf4p	57075.070482244021271	2746.1899410000000898	-1.3601252069882575825e-06	-1.3603062623910791745e-06	0.86509391851718786537	-1.918201427280788718e-06	6.0360795786414692084e-07	2.9239007228844016539e-07	0	0	0	0	ERROR: Neither Tasc not T0 set...
inf
t150222_011222.rf.pcm.dzTf4p	57075.070482275520625	2968.7429200000001401	1.0723246118744133607e-06	1.0718366030025446802e-06	1.3617304434605164154	6.0104869131420486347e-07	5.1650070466277719407e-07	2.5019497576515703527e-07	0	0	0	0	ERROR: Neither Tasc not T0 set...
inf
t150222_011222.rf.pcm.dzTf4p	57075.070482306981511	3228.5	1.807645592708385866e-07	1.8027655039896990692e-07	1.7617157345624485654	-2.1074215869794022277e-07	4.3673150207134750698e-07	2.1155445985227569777e-07	0	0	0	0	ERROR: Neither Tasc not T0 set...
inf
t150222_011222.rf.pcm.dzTf4p	57075.070482307004635	3459	2.1784241978253499869e-06	2.178243144895546407e-06	1.9615414028950699521	1.843490705044185549e-06	3.804652328257982353e-07	1.8429885740161033435e-07	0	0	0	0	ERROR: Neither Tasc not T0 set...
inf
p150222_011232.rf.pcm.dzTf1p	57075.07052611492642	731.51397699999995439	6.0284485350372997974e-06	6.0267791061072052663e-06	2.5219053525639374413	-2.4343977420578474151e-06	8.5068896411394900588e-06	4.1207714609365217882e-06	0	0	0	0	ERROR: Neither Tasc not T0 set...
inf
t150223_001632.rf.pcm.dzTf4p	57076.031810749886699	1458.6800539999999273	2.6156315949700763308e-06	2.6150617316749272253e-06	1.1249489828550607307	5.2620441509002368883e-07	2.1345701095593409137e-06	1.0373750657826246487e-06	0	0	0	0	ERROR: Neither Tasc not T0 set...
inf
t150223_001632.rf.pcm.dzTf4p	57076.031810686948194	1400.5319819999999709	2.9529961820153646172e-06	2.9524263162471974965e-06	0.94916971327809396275	6.8264088983765906309e-07	2.3154982193839758107e-06	1.1253039224997071775e-06	0	0	0	0	ERROR: Neither Tasc not T0 set...
inf
t150223_001632.rf.pcm.dzTf4p	57076.031810624000229	1336.875	2.4729410348589858059e-06	2.4723711690908186855e-06	0.98282702775990937738	-2.3174916047290302638e-08	2.5412588781125463655e-06	1.2350208517001379199e-06	0	0	0	0	ERROR: Neither Tasc not T0 set...
inf
t150223_001632.rf.pcm.dzTf4p	57076.03181056104598	1279.5720209999999497	1.4498834475885385414e-06	1.4493135818203714216e-06	1.320391903044379367	-1.2789390410363321637e-06	2.7739654158311409625e-06	1.3481133934123041321e-06	0	0	0	0	ERROR: Neither Tasc not T0 set...
inf
t150308_204734.rf.pcm.dzTf2p	57089.88713249869841	2870.6179200000001401	3.0325481382133363268e-09	3.1594007893926420892e-09	1.5207182431302452841	-4.8200324045075847887e-07	5.3087543421458849825e-07	2.715738596409146381e-07	0	0	0	0	ERROR: Neither Tasc not T0 set...
inf
t150308_204734.rf.pcm.dzTf2p	57089.887132561648222	3331	6.4270400122173411361e-07	6.4283084398084135861e-07	1.478789478083839759	2.9427326097520546707e-07	3.9427037598007326883e-07	2.0169237616562399623e-07	0	0	0	0	ERROR: Neither Tasc not T0 set...
inf
p150308_204752.rf.pcm.dzTf1p	57089.887523622951392	731.51397699999995439	1.4139625731458575524e-05	1.4138264203163427841e-05	3.5306454936196689509	6.0087914891748770257e-06	8.1751855069629881921e-06	4.1820926508539891722e-06	0	0	0	0	ERROR: Neither Tasc not T0 set...
inf
t150416_203403.rf.pcm.dzTf8p	57128.882145535305199	1474.5	4.1203020405498627516e-07	4.1330549659614260592e-07	1.8488201263351458081	-1.1878235613414312262e-06	1.6468418509120112094e-06	1.0631765898654012104e-06	0	0	0	0	ERROR: Neither Tasc not T0 set...
inf
t150416_203403.rf.pcm.dzTf8p	57128.882145535300321	1448.8010249999999814	-9.111320583560527525e-09	-8.1429790384332678099e-09	1.4747026991140366192	-1.6682138847870236241e-06	1.7057836987230277336e-06	1.1012285696115505008e-06	0	0	0	0	ERROR: Neither Tasc not T0 set...
inf
t150416_203403.rf.pcm.dzTf8p	57128.882145503851593	1416.7370610000000397	1.932846938121166698e-06	1.9338152796662939561e-06	1.1371049830242547785	1.9565915191364767648e-07	1.783868920727083657e-06	1.1516392265573835781e-06	0	0	0	0	ERROR: Neither Tasc not T0 set...
inf
t150416_203403.rf.pcm.dzTf8p	57128.88214547236911	1384.8900149999999485	9.5843085284579893785e-07	9.5939919439092619674e-07	1.1436505682971280784	-8.617442752713974893e-07	1.8668562626367610633e-06	1.2052146191323735715e-06	0	0	0	0	ERROR: Neither Tasc not T0 set...
inf
t150416_203403.rf.pcm.dzTf8p	57128.882145440909426	1352.875	1.9537415464669731464e-06	1.9547098979041724649e-06	0.97628244112533646426	4.4164801894670605004e-08	1.9562578889839392372e-06	1.2629309782510503427e-06	0	0	0	0	ERROR: Neither Tasc not T0 set...
inf
t150416_203403.rf.pcm.dzTf8p	57128.882145409447318	1320.875	2.7397093015371343594e-06	2.740677648028297647e-06	1.0258355205840987701	7.3419835532220630687e-07	2.0521920856805287174e-06	1.3248646675344475696e-06	0	0	0	0	ERROR: Neither Tasc not T0 set...
inf
t150416_203403.rf.pcm.dzTf8p	57128.882145346500309	1288.7490230000000793	2.3422249788309078578e-06	2.3431933302681071759e-06	1.0566906340041981593	2.3312457020032115836e-07	2.1557815530422233949e-06	1.3917404852568502006e-06	0	0	0	0	ERROR: Neither Tasc not T0 set...
inf
t150416_203403.rf.pcm.dzTf8p	57128.882145315035576	1263.285033999999996	2.9016603417309868771e-06	2.9023217322800850632e-06	1.9545136103808746775	7.0446905526430747368e-07	2.2435654699902149668e-06	1.4484124751636289933e-06	0	0	0	0	ERROR: Neither Tasc not T0 set...
inf
t150629_120514.rf.pcm.dzTf8p	57202.532699849909761	1474.4620359999998982	3.1230850663595237061e-06	3.1249792712272366859e-06	1.7627702396866140599	2.465221895855099041e-06	7.0547016834657502228e-07	1.1021004310114213696e-06	0	0	0	0	ERROR: Neither Tasc not T0 set...
inf
t150629_120514.rf.pcm.dzTf8p	57202.532699849899291	1450.7590330000000449	2.2184902650244303642e-06	2.2203844748381793748e-06	1.3914671721447808839	1.5373863488029633126e-06	7.287109190096534395e-07	1.1384076236779486482e-06	0	0	0	0	ERROR: Neither Tasc not T0 set...
inf
t150629_120514.rf.pcm.dzTf8p	57202.532699818416212	1416.7370610000000397	1.1921989272482583009e-06	1.1944000905310543988e-06	1.1819896213833658294	4.7598273653324258266e-07	7.641301469722491934e-07	1.1937402906626679022e-06	0	0	0	0	ERROR: Neither Tasc not T0 set...
inf
t150629_120514.rf.pcm.dzTf8p	57202.532699786930419	1384.875	-6.8298659208317235329e-08	-6.6097495925521136445e-08	0.92205794649508920902	-8.2008027897858055306e-07	7.996955760274967939e-07	1.2493013560217650332e-06	0	0	0	0	ERROR: Neither Tasc not T0 set...
inf
t150629_120514.rf.pcm.dzTf8p	57202.532699724000739	1352.875	1.0318479445482567766e-06	1.0337421518889877731e-06	0.90523047464978501075	2.4148102599442334128e-07	8.3797391886900180913e-07	1.3091005918588238735e-06	0	0	0	0	ERROR: Neither Tasc not T0 set...
inf
t150629_120514.rf.pcm.dzTf8p	57202.532699692518591	1320.875	8.5978675329312921631e-08	8.8179838612109020308e-08	1.0884816934254835097	-7.451752329543604551e-07	8.790678645409068527e-07	1.3732984227118552125e-06	0	0	0	0	ERROR: Neither Tasc not T0 set...
inf
t150629_120514.rf.pcm.dzTf8p	57202.532699661045672	1288.8959959999999683	-6.1808990063380652782e-08	-5.9914782722649655328e-08	1.5729049974929816269	-9.3743238923115251418e-07	9.2323039948294023614e-07	1.4422900685862324704e-06	0	0	0	0	ERROR: Neither Tasc not T0 set...
inf
t150629_120514.rf.pcm.dzTf8p	57202.532699629580687	1263.366942999999992	4.7552570080814601306e-07	4.7741991062189502503e-07	1.6346336096450428954	-4.3778639990674897942e-07	9.6091910350308138175e-07	1.5011681587101033248e-06	0	0	0	0	ERROR: Neither Tasc not T0 set...
inf
t150831_133643.rf.pcm.dzTf2p	57265.579231547402902	1426.5179439999999431	-7.4507246524131188325e-07	-7.4409462730700679798e-07	1.109052850445996885	-5.8816292952068637041e-07	-1.1021890481188305029e-07	1.1826590725400774175e-06	0	0	0	0	ERROR: Neither Tasc not T0 set...
inf
t150831_133643.rf.pcm.dzTf2p	57265.579231421512365	1311.396972999999889	-1.2392253409356399082e-06	-1.2382475030013348225e-06	1.0118107895172525623	-1.0621153063176283411e-06	-1.3041940370926910407e-07	1.3994123165506322889e-06	0	0	0	0	ERROR: Neither Tasc not T0 set...
inf
t150923_072434.rf.pcm.dzTf4p	57288.332972559137055	2753.3769529999999577	2.0582189497463651515e-07	2.0626940161466633177e-07	1.4442438063697824457	3.3793653376711652595e-07	-8.5954339178012816888e-08	3.1608412994259870305e-07	0	0	0	0	ERROR: Neither Tasc not T0 set...
inf
t150923_072434.rf.pcm.dzTf4p	57288.332972590602285	2968.7429200000001401	-3.1033299911358714641e-07	-3.0988549494657534451e-07	1.4212378438296484617	-1.9023703936337377413e-07	-7.393566260876419309e-08	2.7188725772044968061e-07	0	0	0	0	ERROR: Neither Tasc not T0 set...
inf
t150923_072434.rf.pcm.dzTf4p	57288.332972590622706	3228.5	1.4540412437486079945e-06	1.4544887503886378101e-06	1.1224515734782134491	1.5627184628922862591e-06	-6.2516919529211071754e-08	2.2989655076011100127e-07	0	0	0	0	ERROR: Neither Tasc not T0 set...
inf
t150923_072434.rf.pcm.dzTf4p	57288.332972622094658	3459	1.5186441901181451616e-06	1.5190916942851569622e-06	1.9075546068471325167	1.6192670443471894547e-06	-5.4462557087595115284e-08	2.0027784644616246758e-07	0	0	0	0	ERROR: Neither Tasc not T0 set...
inf
p150923_072448.rf.pcm.dzTf1p	57288.33336396645139	726.58398399999998674	-1.1681679288326105175e-06	-1.1679809768976292569e-06	1.9407540320729332883	1.1206352917372555981e-07	-1.2343317130969174395e-06	4.5390226378745021527e-06	0	0	0	0	ERROR: Neither Tasc not T0 set...
inf
t151009_102551.rf.pcm.dzTf4p	57304.4559857759225	1458.6960449999999128	-4.8135300936266800243e-07	-4.8129317549969678382e-07	1.2380973204548599842	-6.3874883138606725177e-09	-4.29192894211398734e-07	1.1205397410989622083e-06	0	0	0	0	ERROR: Neither Tasc not T0 set...
inf
t151009_102551.rf.pcm.dzTf4p	57304.455985712971682	1400.5140380000000278	-1.2078922620372800248e-06	-1.2078324281743088055e-06	1.010875814890857427	-6.9652582189434691882e-07	-4.6559381330552450942e-07	1.2155755107656357822e-06	0	0	0	0	ERROR: Neither Tasc not T0 set...
inf
t151009_102551.rf.pcm.dzTf4p	57304.455985650034677	1336.875	-7.406856082606156438e-07	-7.4093273033970952641e-07	0.97628244112533646426	-1.8424390565867446967e-07	-5.1097603170659767945e-07	1.3340597182994647452e-06	0	0	0	0	ERROR: Neither Tasc not T0 set...
inf
t151009_102551.rf.pcm.dzTf4p	57304.45598558710287	1279.4229740000000675	1.749815105093807231e-07	1.7504133448027988095e-07	1.4083011077621399032	7.7865089205419275675e-07	-5.5789676459947549851e-07	1.4565606902582796977e-06	0	0	0	0	ERROR: Neither Tasc not T0 set...
inf
t160318_173121.rf.pcm.dzTf2p	57465.752589285738978	2870	5.1834936857036784003e-07	5.1911765285014892016e-07	1.1029438270022524637	8.8738599204940936977e-07	-3.2255554622482307231e-07	2.5311015431998612211e-07	0	0	0	0	ERROR: Neither Tasc not T0 set...
inf
t160318_173121.rf.pcm.dzTf2p	57465.752589348689817	3331	1.2467301046495329348e-06	1.2474983988213860745e-06	1.0937147471155774792	1.5326635078257028307e-06	-2.3945231602987937891e-07	1.8789883899992308433e-07	0	0	0	0	ERROR: Neither Tasc not T0 set...
inf
p160318_173136.rf.pcm.dzTf1p	57465.752609175424269	726.39898700000003373	-6.09871084978097434e-06	-6.0975892107951296242e-06	2.4797151620947910367	-1.0166631699084920055e-06	-5.0352132479122002414e-06	3.9511443046309530932e-06	0	0	0	0	ERROR: Neither Tasc not T0 set...
inf
t160401_193805.rf.pcm.dzTf1p	57479.842047953562904	1374.5360109999999167	-1.2528615771087810245e-06	-1.2520039476341519063e-06	1.2455784926989550421	2.4678898226266141924e-07	-1.4530801369223759482e-06	1.083648997942487691e-06	0	0	0	0	ERROR: Neither Tasc not T0 set...
inf
t160506_181425.rf.pcm.dzTf1p	57514.786893190277222	3124.978027000000111	-1.7386179482795534562e-06	-1.736617764697823152e-06	1.540654280218960448	-1.3931506769590524773e-06	-2.977542947643332974e-07	1.9978357969728945237e-07	0	0	0	0	ERROR: Neither Tasc not T0 set...
inf
p160506_181440.rf.pcm.dzTf1p	57514.787097721542668	728.32800299999996696	-6.3068522725293711233e-06	-6.3041917832455481134e-06	2.3986022582411066217	-7.7699664750465046952e-07	-5.4814823427664602666e-06	3.6778971570897852101e-06	0	0	0	0	ERROR: Neither Tasc not T0 set...
inf
t160716_141346.rf.pcm.dzTf8p	57585.621742108384687	1474.5	-3.7087889999164646692e-06	-3.7066945349959282701e-06	1.3531236530660200046	-2.35863507615371603e-06	-1.3023466658677748627e-06	8.0755914474030439195e-07	0	0	0	0	ERROR: Neither Tasc not T0 set...
inf
t160716_141346.rf.pcm.dzTf8p	57585.621742076952494	1448.8260499999998956	-3.3826435517660342208e-07	-3.3616990014813908587e-07	1.2539948500990047986	1.0584550359748174899e-06	-1.3489121431485191985e-06	8.3643346676296906239e-07	0	0	0	0	ERROR: Neither Tasc not T0 set...
inf
t160716_141346.rf.pcm.dzTf8p	57585.621742076921294	1416.7469479999999749	-3.0339384402096369607e-06	-3.031843975289100562e-06	1.1380400646554023059	-1.5754411917852326478e-06	-1.4106899905294305368e-06	8.7474067551369363593e-07	0	0	0	0	ERROR: Neither Tasc not T0 set...
inf
t160716_141346.rf.pcm.dzTf8p	57585.621742045469897	1384.6350099999999657	-1.3228096155874172704e-06	-1.3204081897787797416e-06	1.2624112476088984458	2.0218572632095987905e-07	-1.4768811231253022433e-06	9.1578447424928178524e-07	0	0	0	0	ERROR: Neither Tasc not T0 set...
inf
t160716_141346.rf.pcm.dzTf8p	57585.621741982532075	1352.875	-9.2620209152635772906e-07	-9.2410761671374927183e-07	1.4700264779383087621	6.6864257794273111472e-07	-1.5470374016820430093e-06	9.5928698077372675809e-07	0	0	0	0	ERROR: Neither Tasc not T0 set...
inf
t160716_141346.rf.pcm.dzTf8p	57585.621741951072849	1320.875	1.0839911106023036499e-07	1.1080053686886789275e-07	1.2998179237936740016	1.7794168996068735856e-06	-1.6229035697635683156e-06	1.006330075694591309e-06	0	0	0	0	ERROR: Neither Tasc not T0 set...
inf
t160716_141346.rf.pcm.dzTf8p	57585.62174188809529	1261.1719969999999194	-2.9282790224942766944e-06	-2.9261845476816682355e-06	1.8216955553070366403	-1.1002769954649058895e-06	-1.7801947592423249688e-06	1.1038631994057903471e-06	0	0	0	0	ERROR: Neither Tasc not T0 set...
inf
t160717_143654.rf.pcm.dzTf8p	57586.637801399243148	1474.4930420000000595	-4.1517417677735902451e-07	-4.1307962282817408581e-07	1.8207602276599550439	9.3334683943690679201e-07	-1.3007136692906435005e-06	8.0634901493175502312e-07	0	0	0	0	ERROR: Neither Tasc not T0 set...
inf
t160717_143654.rf.pcm.dzTf8p	57586.637801367720108	1449.1500240000000304	-4.8937820646783956881e-06	-4.8916875107292107456e-06	1.2848551644001879879	-3.4993689738884364057e-06	-1.3466057438663369626e-06	8.347988036972151955e-07	0	0	0	0	ERROR: Neither Tasc not T0 set...
inf
t160717_143654.rf.pcm.dzTf8p	57586.637801367769594	1416.7469479999999749	-6.182133775698796021e-07	-6.1611881372862260304e-07	0.91270929975777648213	8.3850182577621690892e-07	-1.4089078465304021347e-06	8.7342163076346603192e-07	0	0	0	0	ERROR: Neither Tasc not T0 set...
inf
t160717_143654.rf.pcm.dzTf8p	57586.637801336288678	1384.8819579999999405	-1.4572622237789516531e-06	-1.4551676599376946533e-06	1.0099408412096990695	6.5034498262870970254e-08	-1.4744893652261282463e-06	9.1407746014091773571e-07	0	0	0	0	ERROR: Neither Tasc not T0 set...
inf
t160717_143654.rf.pcm.dzTf8p	57586.637801273321855	1352.875	-3.5669378637292795242e-06	-3.5645363587840655117e-06	1.3830502481088184918	-1.9737405576809871015e-06	-1.5450830081286410327e-06	9.5784044639908140876e-07	0	0	0	0	ERROR: Neither Tasc not T0 set...
inf
t160717_143654.rf.pcm.dzTf8p	57586.637801241862011	1320.875	-2.5854398066562605605e-06	-2.5830382819269024283e-06	1.0127457650862667915	-9.1647215551269440672e-07	-1.6208533334397706443e-06	1.0048126037847728245e-06	0	0	0	0	ERROR: Neither Tasc not T0 set...
inf
t160717_143654.rf.pcm.dzTf8p	57586.637801210422211	1292.4589840000001004	1.2820230731148703936e-07	1.3029686126067197744e-07	1.7693174632946380154	1.8689186781574834866e-06	-1.6929090239223741319e-06	1.0494819544846140642e-06	0	0	0	0	ERROR: Neither Tasc not T0 set...
inf
t160717_143654.rf.pcm.dzTf8p	57586.637801178956398	1261.5300290000000132	5.9370992352126572205e-07	5.9611143835855179133e-07	2.3221140230614922828	2.4187609997375764188e-06	-1.77693676840458725e-06	1.1015731184387032099e-06	0	0	0	0	ERROR: Neither Tasc not T0 set...
inf
t160726_131132.rf.pcm.dzTf4p	57595.578285168435105	1458.6689449999998942	9.7444809097969433726e-07	9.7654344618671615366e-07	1.3493828565247938389	2.33786928207035958e-06	-1.3156130429092060488e-06	8.1313989563186178012e-07	0	0	0	0	ERROR: Neither Tasc not T0 set...
inf
t160726_131132.rf.pcm.dzTf4p	57595.578285105460122	1400.508057000000008	-1.8399949890793176778e-06	-1.8378996437643679193e-06	1.2988827479556910305	-3.6503422447291875927e-07	-1.4271526263170117828e-06	8.8207907629351375555e-07	0	0	0	0	ERROR: Neither Tasc not T0 set...
inf
t160726_131132.rf.pcm.dzTf4p	57595.578285042531288	1336.875	-6.670996119007473189e-07	-6.6500426658579756131e-07	1.2409027562196350836	9.4695476311317903118e-07	-1.5662462367245392152e-06	9.6804855227362915411e-07	0	0	0	0	ERROR: Neither Tasc not T0 set...
inf
t160726_131132.rf.pcm.dzTf4p	57595.578284979575667	1280.6130370000000767	-1.8086408895278297965e-06	-1.8065455442128800379e-06	1.6047044568309816182	-5.394167897029179825e-08	-1.7068910722681508624e-06	1.0549767927316324878e-06	0	0	0	0	ERROR: Neither Tasc not T0 set...
inf
t160811_130451.rf.pcm.dzTf1p	57611.553646950791642	1373.1710210000001098	-2.7890827700669775406e-06	-2.7869860101857231677e-06	1.6112514387945611194	-1.2692034988597623444e-06	-1.472069718351523446e-06	8.9659898476588797377e-07	0	0	0	0	ERROR: Neither Tasc not T0 set...
inf
t160812_120352.rf.pcm.dzTf4p	57612.530356535879779	1458.6610109999999167	-1.1500173441810428466e-06	-1.1482274462671690043e-06	0.9248625649787580727	2.0208894402287496082e-07	-1.3046035973156065878e-06	7.9348004909091813538e-07	0	0	0	0	ERROR: Neither Tasc not T0 set...
inf
t160812_120352.rf.pcm.dzTf4p	57612.530356472931654	1400.4930420000000595	-1.6438846703772441173e-06	-1.6420947823554423347e-06	0.87812045566762642057	-1.8115725532430186235e-07	-1.4152247340567030951e-06	8.6076153236800509572e-07	0	0	0	0	ERROR: Neither Tasc not T0 set...
inf
t160812_120352.rf.pcm.dzTf4p	57612.530356409980893	1336.875	-2.3655122075657519569e-06	-2.3637223195439501737e-06	1.0127457650862667915	-7.6488700522509346403e-07	-1.5531225213444193324e-06	9.4463309563537573187e-07	0	0	0	0	ERROR: Neither Tasc not T0 set...
inf
t160812_120352.rf.pcm.dzTf4p	57612.530356347083803	1281.0760499999998956	1.5500213109943352234e-06	1.5518111990161370032e-06	1.6982338046210363469	3.2888896062764486444e-06	-1.6913656142858742637e-06	1.0287146791479167125e-06	0	0	0	0	ERROR: Neither Tasc not T0 set...
inf
t160930_072203.rf.pcm.dzTf4p	57661.330508040893072	1458.5839840000001004	-4.0742996043149131317e-07	-4.0686349420588313313e-07	1.1155982921788420992	9.8694516698272070254e-07	-1.3480958682141664584e-06	7.440196299522940943e-07	0	0	0	0	ERROR: Neither Tasc not T0 set...
inf
t160930_072203.rf.pcm.dzTf4p	57661.330507977951235	1400.4969479999999749	-3.5798782132705460758e-07	-3.5742135510144642764e-07	1.1595471217676331932	1.1505336772717261695e-06	-1.4622422393987352198e-06	8.0701747971001144155e-07	0	0	0	0	ERROR: Neither Tasc not T0 set...
inf
t160930_072203.rf.pcm.dzTf4p	57661.330507914998897	1336.8759769999999207	-1.2159030746712070814e-06	-1.2153366084455989006e-06	0.90803502430413851609	4.3510414575838754099e-07	-1.6047279612295490643e-06	8.8565593315223656476e-07	0	0	0	0	ERROR: Neither Tasc not T0 set...
inf
t160930_072203.rf.pcm.dzTf4p	57661.330507852037716	1281.6960449999999128	-2.8378279731264824967e-06	-2.8372614970088022542e-06	1.2259404860552722827	-1.0456719995386385581e-06	-1.7458767044957263188e-06	9.6355650266637368093e-07	0	0	0	0	ERROR: Neither Tasc not T0 set...
inf
t161001_071132.rf.pcm.dzTf8p	57662.323106902082532	1474.4840090000000146	-7.0245573715357214352e-07	-7.0188916211517130072e-07	1.635568899425684064	6.6365986777414826501e-07	-1.3198362369148821884e-06	7.2721365563779122745e-07	0	0	0	0	ERROR: Neither Tasc not T0 set...
inf
t161001_071132.rf.pcm.dzTf8p	57662.323106870595339	1448.8270259999999325	-2.0838930472941140532e-06	-2.0833264821477852694e-06	1.0052659870747677751	-6.7061812696416210109e-07	-1.3669955622091857911e-06	7.5319786825252894019e-07	0	0	0	0	ERROR: Neither Tasc not T0 set...
inf
t161001_071132.rf.pcm.dzTf8p	57662.323106839138259	1416.741942999999992	-8.6358435542237280924e-07	-8.6301779027604402639e-07	1.0838064808409624273	6.1230862863169620225e-07	-1.4296136259333028514e-06	7.8769965704480541488e-07	0	0	0	0	ERROR: Neither Tasc not T0 set...
inf
t161001_071132.rf.pcm.dzTf8p	57662.323106807626381	1384.875	-4.3777412830604408748e-06	-4.3771747080220400286e-06	1.140845313517105053	-2.8352984995285771529e-06	-1.4961634155190254984e-06	8.2436777879727537564e-07	0	0	0	0	ERROR: Neither Tasc not T0 set...
inf
t161001_071132.rf.pcm.dzTf8p	57662.323106776197069	1352.875	-7.5827650194803327117e-07	-7.5770993680170448852e-07	1.2137837412241017088	8.5578184187081122545e-07	-1.5677789856980783367e-06	8.6382708382428628103e-07	0	0	0	0	ERROR: Neither Tasc not T0 set...
inf
t161001_071132.rf.pcm.dzTf8p	57662.323106744698659	1320.875	-3.1087690669681960294e-06	-3.1082024919297951846e-06	1.4569330997627640834	-1.417827385307182695e-06	-1.6446623136481751123e-06	9.0618885908595270179e-07	0	0	0	0	ERROR: Neither Tasc not T0 set...
inf
t161001_071132.rf.pcm.dzTf8p	57662.323106713246808	1291.4310299999999643	-1.4366233848483346235e-06	-1.4360568295940779005e-06	1.140845313517105053	3.3016812694286013745e-07	-1.7205121635625006606e-06	9.4798120056948826325e-07	0	0	0	0	ERROR: Neither Tasc not T0 set...
inf
t161001_071132.rf.pcm.dzTf8p	57662.323106681746271	1262.0019529999999577	-3.9709816639329716823e-06	-3.9704151086787149572e-06	2.1761944744978993782	-2.1230120678259610279e-06	-1.8016902478783165519e-06	9.9270933417337135821e-07	0	0	0	0	ERROR: Neither Tasc not T0 set...
inf
t161023_070454.rf.pcm.dzTf2p	57684.316368542466616	1426.3709719999999379	-3.5862175319588203567e-06	-3.5865698314940946786e-06	0.9949813930377406912	-2.1219161601027621559e-06	-1.4189408784168951453e-06	7.5938156764185491996e-07	0	0	0	0	ERROR: Neither Tasc not T0 set...
inf
t161023_070454.rf.pcm.dzTf2p	57684.316368416632379	1314.7209470000000238	7.8363117831020513104e-07	7.8358585944717605768e-07	1.1314945072410553806	2.499474194102701632e-06	-1.6701755416810881969e-06	8.9383605795605292253e-07	0	0	0	0	ERROR: Neither Tasc not T0 set...
inf
t161205_062620.rf.pcm.dzTf4p	57727.286573650699321	1458.7180180000000291	-3.4713622956751853524e-06	-3.4718806633162068884e-06	1.3914671721447808839	-2.0303009747588868279e-06	-1.395866895582882683e-06	7.0850059494083677276e-07	0	0	0	0	ERROR: Neither Tasc not T0 set...
inf
t161205_062620.rf.pcm.dzTf4p	57727.286573587776324	1400.4930420000000595	-1.793833585349873869e-06	-1.7946589138789965378e-06	1.2624112476088984458	-2.3460124853995363226e-07	-1.5143448723646055283e-06	7.6863649862743561373e-07	0	0	0	0	ERROR: Neither Tasc not T0 set...
inf
t161205_062620.rf.pcm.dzTf4p	57727.286573524863915	1336.875	7.9780548879702666363e-07	7.9728712115600512424e-07	1.3606052650140492144	2.5049007200256057477e-06	-1.6619008058951632459e-06	8.4353150989911605505e-07	0	0	0	0	ERROR: Neither Tasc not T0 set...
inf
t161205_062620.rf.pcm.dzTf4p	57727.286573461924995	1279.6729740000000675	1.0992573335867328e-06	1.0987389659457112604e-06	1.9376773609490396399	2.958248871659870354e-06	-1.8137971127397217161e-06	9.2062956582823846675e-07	0	0	0	0	ERROR: Neither Tasc not T0 set...
inf
t161220_053931.rf.pcm.dzTf4p	57742.250204062838559	1458.7180180000000291	-2.311837597049263089e-06	-2.3126615011200090836e-06	1.6533394472275784182	-8.1915544604168878299e-07	-1.4477932621038829233e-06	7.0775547300938202374e-07	0	0	0	0	ERROR: Neither Tasc not T0 set...
inf
t161220_053931.rf.pcm.dzTf4p	57742.250203999892513	1400.5660399999999299	-2.6264433257403452253e-06	-2.6269602887071342086e-06	1.2343567466433866819	-1.0107325905305738018e-06	-1.5705149052021230295e-06	7.6774809557973079044e-07	0	0	0	0	ERROR: Neither Tasc not T0 set...
inf
t161220_053931.rf.pcm.dzTf4p	57742.250203936966294	1336.875	-1.2276292555962735807e-06	-1.2281462185630625651e-06	1.154871645737869601	5.4129023068212567101e-07	-1.7237236562707508588e-06	8.4264437747832292239e-07	0	0	0	0	ERROR: Neither Tasc not T0 set...
inf
t161220_053931.rf.pcm.dzTf4p	57742.250203874036497	1279.8389890000000833	-1.3761138925095699163e-07	-1.3843529332170298794e-07	1.6570806252093164268	1.7880599897891757968e-06	-1.8807824901364414075e-06	9.1942277699527564592e-07	0	0	0	0	ERROR: Neither Tasc not T0 set...
inf
t170104_043711.rf.pcm.dzTf4p	57757.210310140725468	1458.7189940000000661	-2.0850164008893463241e-06	-2.0855319196136145136e-06	1.1642226134546478367	-5.4576746281792627189e-07	-1.4940516638212508644e-06	7.0983460268311895817e-07	0	0	0	0	ERROR: Neither Tasc not T0 set...
inf
t170104_043711.rf.pcm.dzTf4p	57757.210310077789359	1400.4930420000000595	-1.5407635286763237999e-06	-1.5412790572926640501e-06	1.1445856545314636588	1.2529924299844732982e-07	-1.6208655073166740026e-06	7.7008476435464882468e-07	0	0	0	0	ERROR: Neither Tasc not T0 set...
inf
t170104_043711.rf.pcm.dzTf4p	57757.210310014827506	1336.875	-3.220702689660912884e-06	-3.2212182182772531329e-06	0.99311147962778445475	-1.3967047424929140271e-06	-1.7788006828099017284e-06	8.4512089285979862681e-07	0	0	0	0	ERROR: Neither Tasc not T0 set...
inf
t170104_043711.rf.pcm.dzTf4p	57757.210309920419977	1279.9620359999998982	-2.695009263694869651e-06	-2.6955247923112099002e-06	1.4475807245728826711	-7.0930723146391955013e-07	-1.9405047678728529728e-06	9.2194765722755581607e-07	0	0	0	0	ERROR: Neither Tasc not T0 set...
inf
t170128_012853.rf.pcm.dzTf8p	57781.08037672799593	1474.5	-1.5189030781987001918e-06	-1.5194163118543224675e-06	1.7543523936103759819	-1.5877232260829049851e-08	-1.4578262866190560404e-06	7.0360624756969967298e-07	0	0	0	0	ERROR: Neither Tasc not T0 set...
inf
t170128_012853.rf.pcm.dzTf8p	57781.080376696513916	1448.8050539999999273	-2.4528007120355289379e-06	-2.453313945691151213e-06	0.97815231781923694943	-8.9760644177486399755e-07	-1.5099947109418498382e-06	7.2878485049375848991e-07	0	0	0	0	ERROR: Neither Tasc not T0 set...
inf
t170128_012853.rf.pcm.dzTf8p	57781.080376665044714	1416.7370610000000397	-2.2798205605045144835e-06	-2.2803337743759926383e-06	0.92860207355253598926	-6.554948480919430325e-07	-1.5791261333096122285e-06	7.6215048605987013646e-07	0	0	0	0	ERROR: Neither Tasc not T0 set...
inf
t170128_012853.rf.pcm.dzTf8p	57781.080376633595979	1384.8780520000000251	-3.3878268986048764083e-07	-3.3898896262800878607e-07	0.85942459119248382216	1.3593410200967579624e-06	-1.6526171897503293712e-06	7.9762025830633380733e-07	0	0	0	0	ERROR: Neither Tasc not T0 set...
inf
t170128_012853.rf.pcm.dzTf8p	57781.080376602110842	1352.875	-1.542493295965064616e-06	-1.5426995687325857603e-06	0.95758390909421042814	2.347424555985756508e-07	-1.7317292313567240338e-06	8.3580294656186236414e-07	0	0	0	0	ERROR: Neither Tasc not T0 set...
inf
t170128_012853.rf.pcm.dzTf8p	57781.080376570617407	1320.875	-3.4632495205084974305e-06	-3.4634557932760185732e-06	1.2380973204548599842	-1.6010903787135092131e-06	-1.8166526215880719828e-06	8.7679042797234990219e-07	0	0	0	0	ERROR: Neither Tasc not T0 set...
inf
t170128_012853.rf.pcm.dzTf8p	57781.080376539164217	1289.0040280000000621	-1.9068256004006034358e-06	-1.9070318731681245797e-06	1.2053675871578419798	4.6278583371403471221e-08	-1.9075976635650906736e-06	9.2068420337515894837e-07	0	0	0	0	ERROR: Neither Tasc not T0 set...
inf
t170128_012853.rf.pcm.dzTf8p	57781.080376507668703	1263.1899410000000898	-4.0074571463839164431e-06	-4.0073564582633364536e-06	2.006893319239881901	-1.9752834255686334763e-06	-1.9863602397202655998e-06	9.5869822537610893472e-07	0	0	0	0	ERROR: Neither Tasc not T0 set...
inf
t170129_202451.rf.pcm.dzTf8p	57782.867962603630975	2780.5	3.0903860753129785759e-06	3.0896479849673551098e-06	1.9435409223241086885	3.5441335719612224676e-06	-4.087727940194299804e-07	1.9813094601116495814e-07	0	0	0	0	ERROR: Neither Tasc not T0 set...
inf
t170129_202451.rf.pcm.dzTf8p	57782.867962603611101	2908.5	1.3732828249571876986e-06	1.3725447346115642337e-06	1.655245169059976762	1.791842713160597213e-06	-3.7358518557459560197e-07	1.810756178409693957e-07	0	0	0	0	ERROR: Neither Tasc not T0 set...
inf
t170129_202451.rf.pcm.dzTf8p	57782.867962635053761	3036.5	-1.0932610762397732981e-06	-1.0936922254814397498e-06	0.81266345217564428527	-7.0522647458731459028e-07	-3.4275295791968778222e-07	1.6613132967650255301e-07	0	0	0	0	ERROR: Neither Tasc not T0 set...
inf
t170129_202451.rf.pcm.dzTf8p	57782.867962635055953	3164.5	-9.0356322400624222116e-07	-9.0430132424393774432e-07	0.61375565183467517549	-5.430026377564193045e-07	-3.1558589351308106252e-07	1.5296353512071058567e-07	0	0	0	0	ERROR: Neither Tasc not T0 set...
inf
t170129_202451.rf.pcm.dzTf8p	57782.867962635052962	3292.5	-1.1620188709319059686e-06	-1.1627569711696014915e-06	0.79010395571339686605	-8.2551890229519703093e-07	-2.9152527589996708331e-07	1.4130142599941892146e-07	0	0	0	0	ERROR: Neither Tasc not T0 set...
inf
t170129_202451.rf.pcm.dzTf8p	57782.867962666571614	3414.486084000000119	2.937500115117016709e-06	2.936762034663465303e-06	2.5352335598490030044	3.2535421015589395849e-06	-2.7106727392103690453e-07	1.3138549387033008213e-07	0	0	0	0	ERROR: Neither Tasc not T0 set...
inf
p170129_202504.rf.pcm.dzTf1p	57782.868161470027854	726.46997099999998682	-5.9220661010186695961e-06	-5.9209160816780840675e-06	2.5565284490733723999	1.1294158562899610845e-07	-5.9881448743326427987e-06	2.9024372691205090001e-06	0	0	0	0	ERROR: Neither Tasc not T0 set...
inf
t170129_214312.rf.pcm.dzTf1p	57782.909862924560329	3087.3310550000001058	-2.5752792835444555898e-06	-2.5760173639980069911e-06	1.3273498076529652856	-2.1987691493392669134e-06	-3.3153542168430270028e-07	1.6071088042211442603e-07	0	0	0	0	ERROR: Neither Tasc not T0 set...
inf
t170209_030121.rf.pcm.dzTf2p	57793.128266956716576	1426.25	-1.2102095145396421277e-06	-1.2101076591545590331e-06	1.5429763593395784405	3.564755301138850615e-07	-1.5208703962940067173e-06	7.5950212261577290144e-07	0	0	0	0	ERROR: Neither Tasc not T0 set...
inf
t170209_030121.rf.pcm.dzTf2p	57793.128266830835507	1315.2399900000000343	-8.863272380802016811e-07	-8.8622538269511858676e-07	1.7973770897120349144	9.4792385405510171518e-07	-1.7884364437757829246e-06	8.9312099042891586944e-07	0	0	0	0	ERROR: Neither Tasc not T0 set...
inf
t170210_201821.rf.pcm.dzTf4p	57794.865574278725287	1458.7440189999999802	-8.6329253929659589646e-07	-8.6319051574628777807e-07	1.370892521870092029	6.3036493451863910149e-07	-1.4478426572904895023e-06	7.272101747279116937e-07	0	0	0	0	ERROR: Neither Tasc not T0 set...
inf
t170210_201821.rf.pcm.dzTf4p	57794.865574215776853	1400.4969479999999749	-1.3835576907195855402e-06	-1.3837626082732344325e-06	1.0922218771333529475	2.3272963635191775014e-07	-1.5707794516507148053e-06	7.8895782873946516386e-07	0	0	0	0	ERROR: Neither Tasc not T0 set...
inf
t170210_201821.rf.pcm.dzTf4p	57794.865574152830561	1336.875	-1.7196501572979276917e-06	-1.7192411728595184411e-06	1.0781962510719713677	5.0315538585083189603e-08	-1.7238439184701642534e-06	8.6583775544364111471e-07	0	0	0	0	ERROR: Neither Tasc not T0 set...
inf
t170210_201821.rf.pcm.dzTf4p	57794.865574058400725	1278.5810550000001058	-3.121016767824350143e-06	-3.1209147343819699625e-06	1.6486629796142386883	-1.1905853299907212916e-06	-1.8846166114168112936e-06	9.4658930469251658598e-07	0	0	0	0	ERROR: Neither Tasc not T0 set...
inf
t170305_204704.rf.pcm.dzTf2p	57817.871963793956233	1426.2569579999999405	-3.1477596680928877304e-06	-3.1470414871580917342e-06	1.4326169914869051336	-1.6771860092273443247e-06	-1.4241426849563100322e-06	7.7971580287787496709e-07	0	0	0	0	ERROR: Neither Tasc not T0 set...
inf
t170305_204704.rf.pcm.dzTf2p	57817.871963668094445	1313.6500240000000304	-1.1580354621101863864e-06	-1.1573172613912462712e-06	1.8366608194582603186	5.6715973354058797097e-07	-1.6787642019573968649e-06	9.1912066869036957341e-07	0	0	0	0	ERROR: Neither Tasc not T0 set...
inf
t170323_190013.rf.pcm.dzTf8p	57835.814745782902541	1474.5	5.7675771146641712435e-07	5.780915749662421022e-07	2.0405661912341566122	1.890604958205101471e-06	-1.2668005902644219915e-06	7.4613401418566504339e-07	0	0	0	0	ERROR: Neither Tasc not T0 set...
inf
t170323_190013.rf.pcm.dzTf8p	57835.814745751400633	1448.8010249999999814	-2.0760848787023769271e-06	-2.0747509855263357663e-06	1.4709617215610581997	-7.1689774908008667632e-07	-1.3121404434718117127e-06	7.7283877483679854276e-07	0	0	0	0	ERROR: Neither Tasc not T0 set...
inf
t170323_190013.rf.pcm.dzTf8p	57835.814745719930958	1416.7370610000000397	-1.9436226543300822941e-06	-1.9425957319342143252e-06	1.1932110001551297085	-5.246769798056858963e-07	-1.3722059591540910516e-06	8.0821681660847359322e-07	0	0	0	0	ERROR: Neither Tasc not T0 set...
inf
t170323_190013.rf.pcm.dzTf8p	57835.81474568844148	1385.0319819999999709	-3.5224315718207379431e-06	-3.5214046494248699727e-06	1.3316141607013232129	-2.039943898771300978e-06	-1.4357479576791316173e-06	8.4564247511366623515e-07	0	0	0	0	ERROR: Neither Tasc not T0 set...
inf
t170323_190013.rf.pcm.dzTf8p	57835.814745656993932	1352.875	-1.4788708814543540565e-06	-1.4775370080624570166e-06	1.2829848276785347228	7.2988555051304074697e-08	-1.504812770139323714e-06	8.8632102073400180603e-07	0	0	0	0	ERROR: Neither Tasc not T0 set...
inf
t170323_190013.rf.pcm.dzTf8p	57835.814745625534478	1320.875	-4.6360764107795775572e-07	-4.6227377757813277694e-07	1.1670279159040530814	1.1620472726586650113e-06	-1.5786082572623604109e-06	9.2978589064896999886e-07	0	0	0	0	ERROR: Neither Tasc not T0 set...
inf
t170323_190013.rf.pcm.dzTf8p	57835.814745594065311	1289.1540529999999762	-2.8755789055800404619e-07	-2.8622402705817906751e-07	1.1988217207257367836	1.4167393256435880412e-06	-1.6572505597273297314e-06	9.7610549066008226254e-07	0	0	0	0	ERROR: Neither Tasc not T0 set...
inf
t170323_190013.rf.pcm.dzTf8p	57835.814745562552734	1263.2020259999999325	-3.8621847282619065917e-06	-3.86085084497793749e-06	1.9049403348055986562	-2.0890927742065601703e-06	-1.7260452777969399423e-06	1.01662495311226948e-06	0	0	0	0	ERROR: Neither Tasc not T0 set...
inf
t170413_182232.rf.pcm.dzTf1p	57856.775638402002624	1368.4599610000000212	-1.5811762635407550896e-06	-1.5795333321414801483e-06	1.2970123976174241509	-1.1018870263244948077e-07	-1.4236318365345932902e-06	8.9113492340214369222e-07	0	0	0	0	ERROR: Neither Tasc not T0 set...
inf
t170415_185924.rf.pcm.dzTf4p	57858.816356207168372	1458.8020019999999022	-9.5512053541895853264e-07	-9.5317045518221331595e-07	1.0875466493864802686	3.4547314828133715885e-07	-1.2529308104891130975e-06	7.864092529188821981e-07	0	0	0	0	ERROR: Neither Tasc not T0 set...
inf
t170415_185924.rf.pcm.dzTf4p	57858.816356144231044	1400.5129389999999603	-5.1615290340354585062e-07	-5.1420282316680063429e-07	0.89307756447749320206	8.9090456613377994465e-07	-1.3593945963261432016e-06	8.532318623589511778e-07	0	0	0	0	ERROR: Neither Tasc not T0 set...
inf
t170415_185924.rf.pcm.dzTf4p	57858.816356081285335	1336.875	-8.0129084187223412985e-07	-7.9934074185134479281e-07	1.0277055002873225487	7.3826680380068091169e-07	-1.4918947526775883272e-06	9.3639634997639238625e-07	0	0	0	0	ERROR: Neither Tasc not T0 set...
inf
t170415_185924.rf.pcm.dzTf4p	57858.816356018342045	1279.133057000000008	-8.7769974872800358609e-07	-8.7544270760315723795e-07	1.2371621762273463663	7.998975858730451449e-07	-1.6296275005017650056e-06	1.0228451038121201562e-06	0	0	0	0	ERROR: Neither Tasc not T0 set...
inf
t170428_202144.rf.pcm.dzTf4p	57871.874693750353316	1458.6970209999999497	-3.3617544672890546132e-06	-3.3594961105186242516e-06	1.2885958433594719708	-2.0407514115620869665e-06	-1.2730319059820999077e-06	8.0120043602653293091e-07	0	0	0	0	ERROR: Neither Tasc not T0 set...
inf
t170428_202144.rf.pcm.dzTf4p	57871.874693687429811	1400.4880370000000767	-1.7284269872620191443e-06	-1.7261686502757329049e-06	1.1492610954387827427	-2.9940181410437937567e-07	-1.3810540431969161519e-06	8.6918567902964235346e-07	0	0	0	0	ERROR: Neither Tasc not T0 set...
inf
t170428_202144.rf.pcm.dzTf4p	57871.874693624489492	1336.875	-1.54791501206434227e-06	-1.5456566552939119101e-06	1.1137281624265129576	1.5667584301197920085e-08	-1.5156114466206724528e-06	9.5387126297860789824e-07	0	0	0	0	ERROR: Neither Tasc not T0 set...
inf
t170428_202144.rf.pcm.dzTf4p	57871.874693530070296	1279.0689700000000357	-2.0302597856388369649e-06	-2.0280014288684066048e-06	1.5710344499258073192	-3.2658899702686769416e-07	-1.6556996388671015334e-06	1.0420377262592346341e-06	0	0	0	0	ERROR: Neither Tasc not T0 set...
inf
t170623_173654.rf.pcm.dzTf1p	57927.745077488558486	1370.2900389999999788	-1.2055886012419286838e-06	-1.2024036738657602949e-06	1.2278107625073000353	4.2821987265827462276e-07	-1.5849107535495975403e-06	9.8630448087297050847e-07	0	0	0	0	ERROR: Neither Tasc not T0 set...
inf
t170624_105751.rf.pcm.dzTf8p	57928.486092425869728	1474.5	-9.1866889286167893652e-07	-9.1579080766874695652e-07	1.1819896213833658294	4.993881388356572452e-07	-1.3694661535299668244e-06	8.5276540949354873539e-07	0	0	0	0	ERROR: Neither Tasc not T0 set...
inf
t170624_105751.rf.pcm.dzTf8p	57928.486092394395168	1448.8010249999999814	-1.2085759476516870904e-06	-1.2056978822428992307e-06	0.90710017310982049565	2.5849540374543384966e-07	-1.4184804930138957031e-06	8.8328659699496317884e-07	0	0	0	0	ERROR: Neither Tasc not T0 set...
inf
t170624_105751.rf.pcm.dzTf8p	57928.486092362931625	1416.7370610000000397	-5.4661723085735977436e-07	-5.4373914566442779472e-07	0.81455710866802799597	9.8538755695856493448e-07	-1.4834139096485553519e-06	9.2372058030170842606e-07	0	0	0	0	ERROR: Neither Tasc not T0 set...
inf
t170624_105751.rf.pcm.dzTf8p	57928.486092331434094	1384.8869629999999233	-2.821291831514559415e-06	-2.8184137661057715539e-06	0.8538159500457914719	-1.2202703430093744611e-06	-1.5524306301219597156e-06	9.6669723343485317789e-07	0	0	0	0	ERROR: Neither Tasc not T0 set...
inf
t170624_105751.rf.pcm.dzTf8p	57928.486092299974388	1352.875	-1.8281292508016253926e-06	-1.8249442245047364008e-06	0.88092488600903606777	-1.5246383203590058272e-07	-1.6267675994943984407e-06	1.0129868010315686628e-06	0	0	0	0	ERROR: Neither Tasc not T0 set...
inf
t170624_105751.rf.pcm.dzTf8p	57928.486092268494399	1320.875	-2.5867557786786497144e-06	-2.5838777033777897932e-06	0.99404643583573104593	-8.316212021728067392e-07	-1.7065437082305456767e-06	1.0626633160828090371e-06	0	0	0	0	ERROR: Neither Tasc not T0 set...
inf
t170624_105751.rf.pcm.dzTf8p	57928.486092237028423	1288.978027000000111	-2.1353678093654877094e-06	-2.1321827929606707774e-06	1.0520155568838489568	-2.9442121340173947986e-07	-1.7920487865844939203e-06	1.1159072556411111246e-06	0	0	0	0	ERROR: Neither Tasc not T0 set...
inf
t170624_105751.rf.pcm.dzTf8p	57928.486092205547848	1263.3840330000000449	-2.9449487862155894215e-06	-2.9417637599187004286e-06	1.6972985006938110519	-1.0306590562913160077e-06	-1.8653919106529470436e-06	1.1615779566043924182e-06	0	0	0	0	ERROR: Neither Tasc not T0 set...
inf
t170714_101501.rf.pcm.dzTf4p	57948.456126069777266	1458.75	-7.5314725485128850548e-07	-7.5026709232322387639e-07	1.3802446133801631323	7.0577428958000102589e-07	-1.410328588928787525e-06	8.974849117583000925e-07	0	0	0	0	ERROR: Neither Tasc not T0 set...
inf
t170714_101501.rf.pcm.dzTf4p	57948.456126006830775	1400.6009520000000066	-1.1055080846508831952e-06	-1.1029349027950638178e-06	1.2053675871578419798	4.7264325759537494761e-07	-1.5298653674160013881e-06	9.7355403196323961115e-07	0	0	0	0	ERROR: Neither Tasc not T0 set...
inf
t170714_101501.rf.pcm.dzTf4p	57948.4561259438597	1336.875	-3.5826077170225996444e-06	-3.5797275643866070733e-06	1.2885958433594719708	-1.8548224335073180707e-06	-1.6791923379048516253e-06	1.0685806121698802929e-06	0	0	0	0	ERROR: Neither Tasc not T0 set...
inf
t170714_101501.rf.pcm.dzTf4p	57948.45612584949016	1279.0200199999999313	2.25350180651267217e-07	2.2823033328725978511e-07	1.6944925901116054678	2.108483876126414972e-06	-1.8345407498647178094e-06	1.167439031851925895e-06	0	0	0	0	ERROR: Neither Tasc not T0 set...
inf
t170803_140811.rf.pcm.dzTf8p	57968.617197572258046	1474.4360349999999471	-2.5445987805472921352e-07	-2.5219151050737389757e-07	1.1698332238823094809	1.1462177452643519422e-06	-1.3526964627972884624e-06	9.0441254636682356027e-07	0	0	0	0	ERROR: Neither Tasc not T0 set...
inf
t170803_140811.rf.pcm.dzTf8p	57968.617197540790901	1448.7969969999999194	9.5940085868653465495e-08	9.8515404412037852602e-08	0.99311147962778445475	1.5452250287196033925e-06	-1.4009968313331281626e-06	9.3670616164623888881e-07	0	0	0	0	ERROR: Neither Tasc not T0 set...
inf
t170803_140811.rf.pcm.dzTf8p	57968.617197509300293	1416.7469479999999749	-1.5801732964624958705e-06	-1.5779049289151405534e-06	0.87438123542248735731	-6.7090828827682789255e-08	-1.4651013071130203869e-06	9.7956639941337970246e-07	0	0	0	0	ERROR: Neither Tasc not T0 set...
inf
t170803_140811.rf.pcm.dzTf8p	57968.61719747783253	1384.8769529999999577	-1.2831833993724952124e-06	-1.2806080808291108243e-06	0.87905526434552871962	2.9841430110720303087e-07	-1.5333095889618764779e-06	1.0251704409716197102e-06	0	0	0	0	ERROR: Neither Tasc not T0 set...
inf
t170803_140811.rf.pcm.dzTf8p	57968.617197446343734	1352.875	-2.803056983720164653e-06	-2.8004816651767802637e-06	0.92579744028014965274	-1.1480611372645106497e-06	-1.6067077349378322367e-06	1.074244424489441283e-06	0	0	0	0	ERROR: Neither Tasc not T0 set...
inf
t170803_140811.rf.pcm.dzTf8p	57968.617197414884025	1320.875	-1.8098943733310144501e-06	-1.8073190547876300615e-06	0.9744125686287242738	-7.6106146671246169742e-08	-1.6855001151419465145e-06	1.1269249917687494028e-06	0	0	0	0	ERROR: Neither Tasc not T0 set...
inf
t170803_140811.rf.pcm.dzTf8p	57968.617197383380013	1289.7120359999998982	-4.6444538722109983992e-06	-4.6418785734517581288e-06	1.1913407645486235875	-2.8282290378243617654e-06	-1.767936742652958986e-06	1.1820421019526046059e-06	0	0	0	0	ERROR: Neither Tasc not T0 set...
inf
t170803_140811.rf.pcm.dzTf8p	57968.617197351930699	1262.3559569999999894	-2.7531424981748517582e-06	-2.7505671796314673689e-06	1.7103927736978168372	-8.5946269989853521707e-07	-1.8453916867584947746e-06	1.2338284597389980767e-06	0	0	0	0	ERROR: Neither Tasc not T0 set...
inf
t170925_104612.rf.pcm.dzTf2p	58021.472748501935204	1426.1540529999999762	-1.1548058192873845999e-06	-1.1537595974589271144e-06	1.2437081965834286823	4.8291966979600652358e-08	-1.1563387714640903895e-06	1.0366701611737709594e-06	0	0	0	0	ERROR: Neither Tasc not T0 set...
inf
t170925_104612.rf.pcm.dzTf2p	58021.472748407503431	1314.0999759999999696	-2.7237690783199125368e-06	-2.7227228564914550499e-06	1.3493828565247938389	-1.3150600946461881494e-06	-1.3619499688708295233e-06	1.2210028129437919274e-06	0	0	0	0	ERROR: Neither Tasc not T0 set...
inf
t171013_101432.rf.pcm.dzTf1p	58039.442817756962011	1374.1049800000000687	-1.5786886843956238418e-06	-1.5779474747170716213e-06	1.2371621762273463663	-4.5463950879249057582e-07	-1.0775951729501436681e-06	1.1405679142563790907e-06	0	0	0	0	ERROR: Neither Tasc not T0 set...
inf
t171105_084612.rf.pcm.dzTf2p	58062.381629062000158	1426.1850589999999102	-3.5021107984825284586e-07	-3.5008126946752752972e-07	1.4363579168913960249	4.9951187798975498e-07	-8.0388035448284513242e-07	1.0854634423963004303e-06	0	0	0	0	ERROR: Neither Tasc not T0 set...
inf
t171105_084612.rf.pcm.dzTf2p	58062.38162896759103	1316.7669679999999062	3.7353487834078758599e-08	3.7483298214804074428e-08	1.5841283038484561541	1.0262257106104347146e-06	-9.4302961942119326289e-07	1.273353889413982141e-06	0	0	0	0	ERROR: Neither Tasc not T0 set...
inf
t171106_090743.rf.pcm.dzTf1p	58063.387481202806725	1384.2099610000000212	4.550910614480503857e-07	4.5491401975346723226e-07	1.4083011077621399032	1.3463097264523053626e-06	-8.4568291372440075306e-07	1.1534836427025905422e-06	0	0	0	0	ERROR: Neither Tasc not T0 set...
inf
t171210_042353.rf.pcm.dzTf1p	58097.185645164584791	1369.4890139999999974	1.7546712576645678777e-06	1.7541910338534106012e-06	2.1743237250953675321	2.4792060690022604084e-06	-6.7930224217441242978e-07	1.2158759174360452205e-06	0	0	0	0	ERROR: Neither Tasc not T0 set...
inf
t171211_003450.rf.pcm.dzTf2p	58098.042180382019797	1426.2950439999999617	-1.1398997625540513532e-06	-1.1403798973365600852e-06	1.2811144928062778714	-4.7156632795540673878e-07	-6.2310077640671596909e-07	1.1217409760316984922e-06	0	0	0	0	ERROR: Neither Tasc not T0 set...
inf
t171211_003450.rf.pcm.dzTf2p	58098.042180256136355	1312.9479980000000978	-1.0213691565726524638e-06	-1.0215423205749880041e-06	1.4092363297665098099	-2.4050002922992052182e-07	-7.3532949837063010504e-07	1.3237814166515066814e-06	0	0	0	0	ERROR: Neither Tasc not T0 set...
inf
t171228_041341.rf.pcm.dzTf4p	58115.194155898202848	1458.7170410000001084	-2.1975444085159464791e-06	-2.1980226143444034646e-06	1.2399676104521664133	-1.6122532478732543839e-06	-5.4005657349671170348e-07	1.0864995939540398907e-06	0	0	0	0	ERROR: Neither Tasc not T0 set...
inf
t171228_041341.rf.pcm.dzTf4p	58115.194155866745991	1400.4880370000000767	-9.5789724993833836968e-07	-9.5837545576679535625e-07	1.1904056476108895168	-3.267639244190390599e-07	-5.8589873837331891906e-07	1.1787260306760288727e-06	0	0	0	0	ERROR: Neither Tasc not T0 set...
inf
t171228_041341.rf.pcm.dzTf4p	58115.194155803805049	1336.875	-8.3140887755943543039e-07	-8.3158014228393540586e-07	1.3072993464236077887	-1.4288394165062288728e-07	-6.4298340765887514129e-07	1.2935704243239304509e-06	0	0	0	0	ERROR: Neither Tasc not T0 set...
inf
t171228_041341.rf.pcm.dzTf4p	58115.194155709418421	1279.6779790000000503	1.500098407295699069e-06	1.4999271524632711519e-06	2.168711479171378631	2.2473859956917822676e-06	-7.017460502540737384e-07	1.4117906071258664451e-06	0	0	0	0	ERROR: Neither Tasc not T0 set...
inf
t171230_025135.rf.pcm.dzTf4p	58117.137147871815664	1458.7440189999999802	1.8630742852267396066e-07	1.8582945021187435861e-07	1.2624112476088984458	7.6599207713245468583e-07	-5.3444983394614294993e-07	1.0879406851349070266e-06	0	0	0	0	ERROR: Neither Tasc not T0 set...
inf
t171230_025135.rf.pcm.dzTf4p	58117.137147840332176	1400.5050049999999828	-8.7528302649503979691e-07	-8.7545404391773826653e-07	1.2352918893204372086	-2.4991777791643346877e-07	-5.7982347302686742047e-07	1.1803045044015384906e-06	0	0	0	0	ERROR: Neither Tasc not T0 set...
inf
t171230_025135.rf.pcm.dzTf4p	58117.137147777385806	1336.875	-1.2175141272031530254e-06	-1.2176851446258514947e-06	1.150196185556294326	-5.3564070917990204873e-07	-6.3633164247151206864e-07	1.2953340776264130106e-06	0	0	0	0	ERROR: Neither Tasc not T0 set...
inf
t171230_025135.rf.pcm.dzTf4p	58117.137147682985002	1279.4549560000000383	-1.1075512583660911862e-07	-1.1092614325930758886e-07	1.5177242820348839647	6.2951516018140805473e-07	-6.947285104662782663e-07	1.4142083368696460879e-06	0	0	0	0	ERROR: Neither Tasc not T0 set...
inf
t180113_025243.rf.pcm.dzTf4p	58131.138145360908222	1458.7380370000000767	1.3500909213644006698e-06	1.3496145060009865838e-06	1.140845313517105053	1.8960616869972627406e-06	-5.0073438802183877946e-07	1.097950404649116914e-06	0	0	0	0	ERROR: Neither Tasc not T0 set...
inf
t180113_025243.rf.pcm.dzTf4p	58131.138145329412868	1400.4880370000000767	-7.3672741433057759888e-07	-7.368968786979626119e-07	0.95851882534424159843	-1.4792971914583944113e-07	-5.4325436657768579349e-07	1.1911831218210836648e-06	0	0	0	0	ERROR: Neither Tasc not T0 set...
inf
t180113_025243.rf.pcm.dzTf4p	58131.138145266456913	1336.875	-1.9071216404411500686e-06	-1.9072910949164630203e-06	1.4569330997627640834	-1.2653941476907887726e-06	-5.9618415425123687039e-07	1.3072412216662046282e-06	0	0	0	0	ERROR: Neither Tasc not T0 set...
inf
t180113_025243.rf.pcm.dzTf4p	58131.138145172053619	1279.5209959999999683	-1.0155376910644957833e-06	-1.0157071455398087359e-06	2.0415015509501843738	-3.1916489820239551617e-07	-6.5082945436297584243e-07	1.4270608914886763602e-06	0	0	0	0	ERROR: Neither Tasc not T0 set...
inf
t180127_231804.rf.pcm.dzTf2p	58145.989604943300478	1426.25	3.6001403404164790394e-07	3.5984628100272931048e-07	1.1342997421219698229	9.0708061950960704537e-07	-5.0152154553244035759e-07	1.1583057166104229472e-06	0	0	0	0	ERROR: Neither Tasc not T0 set...
inf
t180127_231804.rf.pcm.dzTf2p	58145.989604817393467	1313.7030030000000806	-1.5577910985361272628e-06	-1.5576519005790167832e-06	1.2745683354349188754	-9.2080431049111938518e-07	-5.9113479711346002075e-07	1.3652749730537931923e-06	0	0	0	0	ERROR: Neither Tasc not T0 set...
inf
t180308_233101.rf.pcm.dzTf2p	58186.00134617069612	1426.2290040000000317	-4.2930709883468053667e-07	-4.2824244807597483516e-07	1.1670279159040530814	7.9090214567858785277e-08	-4.6161986966939624314e-07	1.1773573748380996141e-06	0	0	0	0	ERROR: Neither Tasc not T0 set...
inf
t180308_233101.rf.pcm.dzTf2p	58186.001346044797181	1313.6970209999999497	-1.6494046543203681391e-06	-1.6483399936695903764e-06	0.99124157020533265605	-1.058534885090986867e-06	-5.4409231560416613213e-07	1.3877026143841296778e-06	0	0	0	0	ERROR: Neither Tasc not T0 set...
inf
t180423_201933.rf.pcm.dzTf2p	58231.87267325144315	1426.2299800000000687	-3.6667797695575428708e-07	-3.6438015081780359314e-07	1.4167181183032915293	-7.6345527583055156091e-09	-3.1103280508506070024e-07	1.1849107154466695767e-06	0	0	0	0	ERROR: Neither Tasc not T0 set...
inf
t180423_201933.rf.pcm.dzTf2p	58231.872673125568834	1314.8580320000000938	5.4041903637206540415e-07	5.430238530743334095e-07	1.5588759154529185924	9.5469156820690588757e-07	-3.6595492215813510077e-07	1.3941420358689340814e-06	0	0	0	0	ERROR: Neither Tasc not T0 set...
inf
Finished general2 plugin
Finishing off: time taken = 5.16 (s)
